SLF4J(W): Class path contains multiple SLF4J providers.
SLF4J(W): Found provider [scribe.slf4j.ScribeServiceProvider@4ecd9058]
SLF4J(W): Found provider [ch.qos.logback.classic.spi.LogbackServiceProvider@256cf19b]
SLF4J(W): See https://www.slf4j.org/codes.html#multiple_bindings for an explanation.
SLF4J(I): Actual provider is of type [scribe.slf4j.ScribeServiceProvider@4ecd9058]
2024.06.17 13:01:35 WARN  Flyway upgrade recommended: H2 2.2.224 is newer than this version of Flyway and support has not been tested. The latest supported version of H2 is 2.2.220.
2024.06.17 13:01:48 INFO  Running List(C:\Users\tharu\AppData\Local\Coursier\data\bin\scala-cli.BAT, setup-ide, C:\Users\tharu\Desktop\scala\scala)
2024.06.17 13:01:49 INFO  Attempting to connect to the build server...
2024.06.17 13:01:49 INFO  Running BSP server List(C:\Users\tharu\AppData\Local\Coursier\data\bin\.scala-cli.aux.exe, bsp, --json-options, C:\Users\tharu\Desktop\scala\scala\.scala-build\ide-options-v2.json, --json-launcher-options, C:\Users\tharu\Desktop\scala\scala\.scala-build\ide-launcher-options.json, --envs-file, C:\Users\tharu\Desktop\scala\scala\.scala-build\ide-envs.json, C:\Users\tharu\Desktop\scala\scala)
2024.06.17 13:01:49 INFO  tracing is disabled for protocol BSP, to enable tracing of incoming and outgoing JSON messages create an empty file at C:\Users\tharu\Desktop\scala\scala\.metals\bsp.trace.json or C:\Users\tharu\AppData\Local\scalameta\metals\cache\bsp.trace.json
2024.06.17 13:01:50 INFO  BSP server: Downloading https://repo1.maven.org/maven2/io/github/alexarchambault/bleep/bloop-frontend_2.12/1.5.17-sc-2/bloop-frontend_2.12-1.5.17-sc-2.pom
2024.06.17 13:01:52 INFO  BSP server: Downloaded https://repo1.maven.org/maven2/io/github/alexarchambault/bleep/bloop-frontend_2.12/1.5.17-sc-2/bloop-frontend_2.12-1.5.17-sc-2.pom
2024.06.17 13:01:52 INFO  BSP server: Downloading https://repo1.maven.org/maven2/ch/epfl/scala/bloop-config_2.12/2.0.0/bloop-config_2.12-2.0.0.pom
2024.06.17 13:01:52 INFO  BSP server: Downloading https://repo1.maven.org/maven2/ch/qos/logback/logback-classic/1.4.14/logback-classic-1.4.14.pom
2024.06.17 13:01:52 INFO  BSP server: Downloading https://repo1.maven.org/maven2/io/github/alexarchambault/libdaemon/libdaemon_2.12/0.0.11/libdaemon_2.12-0.0.11.pom
2024.06.17 13:01:52 INFO  BSP server: Downloading https://repo1.maven.org/maven2/org/scala-lang/scala-library/2.12.19/scala-library-2.12.19.pom
2024.06.17 13:01:52 INFO  BSP server: Downloading https://repo1.maven.org/maven2/com/github/alexarchambault/case-app_2.12/2.0.6/case-app_2.12-2.0.6.pom
2024.06.17 13:01:52 INFO  BSP server: Downloading https://repo1.maven.org/maven2/io/github/alexarchambault/bleep/bloop-backend_2.12/1.5.17-sc-2/bloop-backend_2.12-1.5.17-sc-2.pom
2024.06.17 13:01:52 INFO  BSP server: Downloaded https://repo1.maven.org/maven2/ch/epfl/scala/bloop-config_2.12/2.0.0/bloop-config_2.12-2.0.0.pom
2024.06.17 13:01:52 INFO  BSP server: Downloading https://repo1.maven.org/maven2/ch/epfl/scala/scala-debug-adapter_2.12/4.1.1/scala-debug-adapter_2.12-4.1.1.pom
2024.06.17 13:01:52 INFO  BSP server: Downloaded https://repo1.maven.org/maven2/ch/epfl/scala/scala-debug-adapter_2.12/4.1.1/scala-debug-adapter_2.12-4.1.1.pom
2024.06.17 13:01:52 INFO  BSP server: Downloaded https://repo1.maven.org/maven2/com/github/alexarchambault/case-app_2.12/2.0.6/case-app_2.12-2.0.6.pom
2024.06.17 13:01:52 INFO  BSP server: Downloaded https://repo1.maven.org/maven2/io/github/alexarchambault/libdaemon/libdaemon_2.12/0.0.11/libdaemon_2.12-0.0.11.pom
2024.06.17 13:01:52 INFO  BSP server: Downloaded https://repo1.maven.org/maven2/ch/qos/logback/logback-classic/1.4.14/logback-classic-1.4.14.pom
2024.06.17 13:01:52 INFO  BSP server: Downloaded https://repo1.maven.org/maven2/org/scala-lang/scala-library/2.12.19/scala-library-2.12.19.pom
2024.06.17 13:01:53 INFO  BSP server: Downloaded https://repo1.maven.org/maven2/io/github/alexarchambault/bleep/bloop-backend_2.12/1.5.17-sc-2/bloop-backend_2.12-1.5.17-sc-2.pom
2024.06.17 13:01:53 INFO  BSP server: Downloading https://repo1.maven.org/maven2/ch/qos/logback/logback-parent/1.4.14/logback-parent-1.4.14.pom
2024.06.17 13:01:53 INFO  BSP server: Downloaded https://repo1.maven.org/maven2/ch/qos/logback/logback-parent/1.4.14/logback-parent-1.4.14.pom
2024.06.17 13:01:53 INFO  BSP server: Downloading https://repo1.maven.org/maven2/com/lihaoyi/sourcecode_2.12/0.4.1/sourcecode_2.12-0.4.1.pom
2024.06.17 13:01:53 INFO  BSP server: Downloading https://repo1.maven.org/maven2/com/github/alexarchambault/case-app-annotations_2.12/2.0.6/case-app-annotations_2.12-2.0.6.pom
2024.06.17 13:01:53 INFO  BSP server: Downloading https://repo1.maven.org/maven2/org/slf4j/slf4j-api/2.0.7/slf4j-api-2.0.7.pom
2024.06.17 13:01:53 INFO  BSP server: Downloading https://repo1.maven.org/maven2/com/github/alexarchambault/case-app-util_2.12/2.0.6/case-app-util_2.12-2.0.6.pom
2024.06.17 13:01:53 INFO  BSP server: Downloading https://repo1.maven.org/maven2/org/scala-sbt/librarymanagement-ivy_2.12/1.10.0/librarymanagement-ivy_2.12-1.10.0.pom
2024.06.17 13:01:53 INFO  BSP server: Downloading https://repo1.maven.org/maven2/org/scala-sbt/test-agent/1.10.0/test-agent-1.10.0.pom
2024.06.17 13:01:53 INFO  BSP server: Downloaded https://repo1.maven.org/maven2/org/slf4j/slf4j-api/2.0.7/slf4j-api-2.0.7.pom
2024.06.17 13:01:53 INFO  BSP server: Downloading https://repo1.maven.org/maven2/io/github/alexarchambault/bleep/bloop-shared_2.12/1.5.17-sc-2/bloop-shared_2.12-1.5.17-sc-2.pom
2024.06.17 13:01:53 INFO  BSP server: Downloaded https://repo1.maven.org/maven2/org/scala-sbt/librarymanagement-ivy_2.12/1.10.0/librarymanagement-ivy_2.12-1.10.0.pom
2024.06.17 13:01:53 INFO  BSP server: Downloading https://repo1.maven.org/maven2/ch/epfl/scala/com-microsoft-java-debug-core/0.34.0+30/com-microsoft-java-debug-core-0.34.0+30.pom
2024.06.17 13:01:53 INFO  BSP server: Downloaded https://repo1.maven.org/maven2/com/github/alexarchambault/case-app-util_2.12/2.0.6/case-app-util_2.12-2.0.6.pom
2024.06.17 13:01:53 INFO  BSP server: Downloading https://repo1.maven.org/maven2/com/github/plokhotnyuk/jsoniter-scala/jsoniter-scala-core_2.12/2.4.0/jsoniter-scala-core_2.12-2.4.0.pom
2024.06.17 13:01:53 INFO  BSP server: Downloaded https://repo1.maven.org/maven2/com/github/alexarchambault/case-app-annotations_2.12/2.0.6/case-app-annotations_2.12-2.0.6.pom
2024.06.17 13:01:53 INFO  BSP server: Downloading https://repo1.maven.org/maven2/ch/epfl/scala/directory-watcher/0.8.0+6-f651bd93/directory-watcher-0.8.0+6-f651bd93.pom
2024.06.17 13:01:53 INFO  BSP server: Downloaded https://repo1.maven.org/maven2/com/lihaoyi/sourcecode_2.12/0.4.1/sourcecode_2.12-0.4.1.pom
2024.06.17 13:01:53 INFO  BSP server: Downloading https://repo1.maven.org/maven2/io/github/alexarchambault/bleep/nailgun-server/1.0.7/nailgun-server-1.0.7.pom
2024.06.17 13:01:53 INFO  BSP server: Downloaded https://repo1.maven.org/maven2/io/github/alexarchambault/bleep/bloop-shared_2.12/1.5.17-sc-2/bloop-shared_2.12-1.5.17-sc-2.pom
2024.06.17 13:01:53 INFO  BSP server: Downloading https://repo1.maven.org/maven2/com/lihaoyi/pprint_2.12/0.9.0/pprint_2.12-0.9.0.pom
2024.06.17 13:01:53 INFO  BSP server: Downloaded https://repo1.maven.org/maven2/ch/epfl/scala/com-microsoft-java-debug-core/0.34.0+30/com-microsoft-java-debug-core-0.34.0+30.pom
2024.06.17 13:01:53 INFO  BSP server: Downloading https://repo1.maven.org/maven2/io/monix/monix_2.12/3.2.0/monix_2.12-3.2.0.pom
2024.06.17 13:01:53 INFO  BSP server: Downloaded https://repo1.maven.org/maven2/io/github/alexarchambault/bleep/nailgun-server/1.0.7/nailgun-server-1.0.7.pom
2024.06.17 13:01:53 INFO  BSP server: Downloaded https://repo1.maven.org/maven2/ch/epfl/scala/directory-watcher/0.8.0+6-f651bd93/directory-watcher-0.8.0+6-f651bd93.pom
2024.06.17 13:01:53 INFO  BSP server: Downloading https://repo1.maven.org/maven2/org/scala-lang/modules/scala-collection-compat_2.12/2.12.0/scala-collection-compat_2.12-2.12.0.pom
2024.06.17 13:01:53 INFO  BSP server: Downloaded https://repo1.maven.org/maven2/com/github/plokhotnyuk/jsoniter-scala/jsoniter-scala-core_2.12/2.4.0/jsoniter-scala-core_2.12-2.4.0.pom
2024.06.17 13:01:53 INFO  BSP server: Downloading https://repo1.maven.org/maven2/org/scalameta/parsers_2.12/4.9.5/parsers_2.12-4.9.5.pom
2024.06.17 13:01:54 INFO  BSP server: Downloading https://repo1.maven.org/maven2/io/zipkin/reporter2/zipkin-sender-urlconnection/2.17.2/zipkin-sender-urlconnection-2.17.2.pom
2024.06.17 13:01:54 INFO  BSP server: Downloaded https://repo1.maven.org/maven2/org/scala-sbt/test-agent/1.10.0/test-agent-1.10.0.pom
2024.06.17 13:01:54 INFO  BSP server: Downloading https://repo1.maven.org/maven2/org/scala-lang/scala-reflect/2.12.19/scala-reflect-2.12.19.pom
2024.06.17 13:01:54 INFO  BSP server: Downloaded https://repo1.maven.org/maven2/com/lihaoyi/pprint_2.12/0.9.0/pprint_2.12-0.9.0.pom
2024.06.17 13:01:54 INFO  BSP server: Downloaded https://repo1.maven.org/maven2/io/zipkin/reporter2/zipkin-sender-urlconnection/2.17.2/zipkin-sender-urlconnection-2.17.2.pom
2024.06.17 13:01:54 INFO  BSP server: Downloaded https://repo1.maven.org/maven2/io/monix/monix_2.12/3.2.0/monix_2.12-3.2.0.pom
2024.06.17 13:01:54 INFO  BSP server: Downloading https://repo1.maven.org/maven2/ch/qos/logback/logback-core/1.4.14/logback-core-1.4.14.pom
2024.06.17 13:01:54 INFO  BSP server: Downloaded https://repo1.maven.org/maven2/org/scala-lang/modules/scala-collection-compat_2.12/2.12.0/scala-collection-compat_2.12-2.12.0.pom
2024.06.17 13:01:54 INFO  BSP server: Downloading https://repo1.maven.org/maven2/org/ow2/asm/asm-util/9.7/asm-util-9.7.pom
2024.06.17 13:01:54 INFO  BSP server: Downloaded https://repo1.maven.org/maven2/org/scalameta/parsers_2.12/4.9.5/parsers_2.12-4.9.5.pom
2024.06.17 13:01:54 INFO  BSP server: Downloading https://repo1.maven.org/maven2/io/zipkin/brave/brave/5.18.1/brave-5.18.1.pom
2024.06.17 13:01:54 INFO  BSP server: Downloading https://repo1.maven.org/maven2/org/zeroturnaround/zt-zip/1.17/zt-zip-1.17.pom
2024.06.17 13:01:54 INFO  BSP server: Downloading https://repo1.maven.org/maven2/org/scalaz/scalaz-core_2.12/7.3.8/scalaz-core_2.12-7.3.8.pom
2024.06.17 13:01:54 INFO  BSP server: Downloaded https://repo1.maven.org/maven2/org/scala-lang/scala-reflect/2.12.19/scala-reflect-2.12.19.pom
2024.06.17 13:01:54 INFO  BSP server: Downloaded https://repo1.maven.org/maven2/org/ow2/asm/asm-util/9.7/asm-util-9.7.pom
2024.06.17 13:01:54 INFO  BSP server: Downloaded https://repo1.maven.org/maven2/ch/qos/logback/logback-core/1.4.14/logback-core-1.4.14.pom
2024.06.17 13:01:54 INFO  BSP server: Downloaded https://repo1.maven.org/maven2/io/zipkin/brave/brave/5.18.1/brave-5.18.1.pom
2024.06.17 13:01:54 INFO  BSP server: Downloaded https://repo1.maven.org/maven2/org/zeroturnaround/zt-zip/1.17/zt-zip-1.17.pom
2024.06.17 13:01:54 INFO  BSP server: Downloaded https://repo1.maven.org/maven2/org/scalaz/scalaz-core_2.12/7.3.8/scalaz-core_2.12-7.3.8.pom
2024.06.17 13:01:54 INFO  BSP server: Downloading https://repo1.maven.org/maven2/org/slf4j/slf4j-parent/2.0.7/slf4j-parent-2.0.7.pom
2024.06.17 13:01:54 INFO  BSP server: Downloading https://repo1.maven.org/maven2/io/zipkin/brave/brave-parent/5.18.1/brave-parent-5.18.1.pom
2024.06.17 13:01:54 INFO  BSP server: Downloading https://repo1.maven.org/maven2/io/zipkin/reporter2/zipkin-reporter-parent/2.17.2/zipkin-reporter-parent-2.17.2.pom
2024.06.17 13:01:54 INFO  BSP server: Downloaded https://repo1.maven.org/maven2/org/slf4j/slf4j-parent/2.0.7/slf4j-parent-2.0.7.pom
2024.06.17 13:01:54 INFO  BSP server: Downloaded https://repo1.maven.org/maven2/io/zipkin/brave/brave-parent/5.18.1/brave-parent-5.18.1.pom
2024.06.17 13:01:54 INFO  BSP server: Downloaded https://repo1.maven.org/maven2/io/zipkin/reporter2/zipkin-reporter-parent/2.17.2/zipkin-reporter-parent-2.17.2.pom
2024.06.17 13:01:55 INFO  BSP server: Downloading https://repo1.maven.org/maven2/io/monix/monix-catnap_2.12/3.2.0/monix-catnap_2.12-3.2.0.pom
2024.06.17 13:01:55 INFO  BSP server: Downloading https://repo1.maven.org/maven2/io/zipkin/zipkin2/zipkin/2.27.0/zipkin-2.27.0.pom
2024.06.17 13:01:55 INFO  BSP server: Downloading https://repo1.maven.org/maven2/ch/epfl/scala/bsp4s_2.12/2.1.1/bsp4s_2.12-2.1.1.pom
2024.06.17 13:01:55 INFO  BSP server: Downloading https://repo1.maven.org/maven2/org/ow2/asm/asm-tree/9.7/asm-tree-9.7.pom
2024.06.17 13:01:55 INFO  BSP server: Downloading https://repo1.maven.org/maven2/net/java/dev/jna/jna-platform/4.4.0/jna-platform-4.4.0.pom
2024.06.17 13:01:55 INFO  BSP server: Downloading https://repo1.maven.org/maven2/com/github/plokhotnyuk/jsoniter-scala/jsoniter-scala-core_2.12/2.13.3.2/jsoniter-scala-core_2.12-2.13.3.2.pom
2024.06.17 13:01:55 INFO  BSP server: Downloaded https://repo1.maven.org/maven2/io/monix/monix-catnap_2.12/3.2.0/monix-catnap_2.12-3.2.0.pom
2024.06.17 13:01:55 INFO  BSP server: Downloading https://repo1.maven.org/maven2/org/scala-sbt/librarymanagement-core_2.12/1.10.0/librarymanagement-core_2.12-1.10.0.pom
2024.06.17 13:01:55 INFO  BSP server: Downloaded https://repo1.maven.org/maven2/org/ow2/asm/asm-tree/9.7/asm-tree-9.7.pom
2024.06.17 13:01:55 INFO  BSP server: Downloading https://repo1.maven.org/maven2/io/zipkin/reporter2/zipkin-reporter-brave/2.17.2/zipkin-reporter-brave-2.17.2.pom
2024.06.17 13:01:55 INFO  BSP server: Downloaded https://repo1.maven.org/maven2/ch/epfl/scala/bsp4s_2.12/2.1.1/bsp4s_2.12-2.1.1.pom
2024.06.17 13:01:55 INFO  BSP server: Downloading https://repo1.maven.org/maven2/org/apache/logging/log4j/log4j-core/2.23.0/log4j-core-2.23.0.pom
2024.06.17 13:01:55 INFO  BSP server: Downloaded https://repo1.maven.org/maven2/net/java/dev/jna/jna-platform/4.4.0/jna-platform-4.4.0.pom
2024.06.17 13:01:55 INFO  BSP server: Downloading https://repo1.maven.org/maven2/io/monix/monix-execution_2.12/3.2.0/monix-execution_2.12-3.2.0.pom
2024.06.17 13:01:55 INFO  BSP server: Downloaded https://repo1.maven.org/maven2/io/zipkin/zipkin2/zipkin/2.27.0/zipkin-2.27.0.pom
2024.06.17 13:01:55 INFO  BSP server: Downloading https://repo1.maven.org/maven2/io/monix/monix-java_2.12/3.2.0/monix-java_2.12-3.2.0.pom
2024.06.17 13:01:55 INFO  BSP server: Downloaded https://repo1.maven.org/maven2/org/scala-sbt/librarymanagement-core_2.12/1.10.0/librarymanagement-core_2.12-1.10.0.pom
2024.06.17 13:01:55 INFO  BSP server: Downloading https://repo1.maven.org/maven2/io/reactivex/rxjava2/rxjava/2.2.21/rxjava-2.2.21.pom
2024.06.17 13:01:55 INFO  BSP server: Downloaded https://repo1.maven.org/maven2/io/zipkin/reporter2/zipkin-reporter-brave/2.17.2/zipkin-reporter-brave-2.17.2.pom
2024.06.17 13:01:55 INFO  BSP server: Downloading https://repo1.maven.org/maven2/org/scala-sbt/test-interface/1.0/test-interface-1.0.pom
2024.06.17 13:01:55 INFO  BSP server: Downloaded https://repo1.maven.org/maven2/io/monix/monix-java_2.12/3.2.0/monix-java_2.12-3.2.0.pom
2024.06.17 13:01:55 INFO  BSP server: Downloading https://repo1.maven.org/maven2/commons-io/commons-io/2.16.1/commons-io-2.16.1.pom
2024.06.17 13:01:55 INFO  BSP server: Downloaded https://repo1.maven.org/maven2/io/monix/monix-execution_2.12/3.2.0/monix-execution_2.12-3.2.0.pom
2024.06.17 13:01:55 INFO  BSP server: Downloading https://repo1.maven.org/maven2/io/zipkin/reporter2/zipkin-reporter/2.17.2/zipkin-reporter-2.17.2.pom
2024.06.17 13:01:55 INFO  BSP server: Downloaded https://repo1.maven.org/maven2/org/apache/logging/log4j/log4j-core/2.23.0/log4j-core-2.23.0.pom
2024.06.17 13:01:55 INFO  BSP server: Downloading https://repo1.maven.org/maven2/io/monix/monix-eval_2.12/3.2.0/monix-eval_2.12-3.2.0.pom
2024.06.17 13:01:55 INFO  BSP server: Downloaded https://repo1.maven.org/maven2/com/github/plokhotnyuk/jsoniter-scala/jsoniter-scala-core_2.12/2.13.3.2/jsoniter-scala-core_2.12-2.13.3.2.pom
2024.06.17 13:01:55 INFO  BSP server: Downloading https://repo1.maven.org/maven2/io/get-coursier/interface/1.0.13/interface-1.0.13.pom
2024.06.17 13:01:55 INFO  BSP server: Downloaded https://repo1.maven.org/maven2/io/reactivex/rxjava2/rxjava/2.2.21/rxjava-2.2.21.pom
2024.06.17 13:01:55 INFO  BSP server: Downloading https://repo1.maven.org/maven2/com/lihaoyi/fansi_2.12/0.5.0/fansi_2.12-0.5.0.pom
2024.06.17 13:01:55 INFO  BSP server: Downloaded https://repo1.maven.org/maven2/org/scala-sbt/test-interface/1.0/test-interface-1.0.pom
2024.06.17 13:01:55 INFO  BSP server: Downloading https://repo1.maven.org/maven2/com/eed3si9n/sjson-new-core_2.12/0.9.0/sjson-new-core_2.12-0.9.0.pom
2024.06.17 13:01:55 INFO  BSP server: Downloaded https://repo1.maven.org/maven2/io/zipkin/reporter2/zipkin-reporter/2.17.2/zipkin-reporter-2.17.2.pom
2024.06.17 13:01:55 INFO  BSP server: Downloading https://repo1.maven.org/maven2/io/monix/monix-tail_2.12/3.2.0/monix-tail_2.12-3.2.0.pom
2024.06.17 13:01:55 INFO  BSP server: Downloaded https://repo1.maven.org/maven2/io/monix/monix-eval_2.12/3.2.0/monix-eval_2.12-3.2.0.pom
2024.06.17 13:01:55 INFO  BSP server: Downloading https://repo1.maven.org/maven2/com/google/code/gson/gson/2.11.0/gson-2.11.0.pom
2024.06.17 13:01:55 INFO  BSP server: Downloaded https://repo1.maven.org/maven2/commons-io/commons-io/2.16.1/commons-io-2.16.1.pom
2024.06.17 13:01:55 INFO  BSP server: Downloading https://repo1.maven.org/maven2/org/scalameta/trees_2.12/4.9.5/trees_2.12-4.9.5.pom
2024.06.17 13:01:56 INFO  BSP server: Downloaded https://repo1.maven.org/maven2/io/get-coursier/interface/1.0.13/interface-1.0.13.pom
2024.06.17 13:01:56 INFO  BSP server: Downloading https://repo1.maven.org/maven2/net/jpountz/lz4/lz4/1.3.0/lz4-1.3.0.pom
2024.06.17 13:01:56 INFO  BSP server: Downloaded https://repo1.maven.org/maven2/com/lihaoyi/fansi_2.12/0.5.0/fansi_2.12-0.5.0.pom
2024.06.17 13:01:56 INFO  BSP server: Downloading https://repo1.maven.org/maven2/org/reactivestreams/reactive-streams/1.0.4/reactive-streams-1.0.4.pom
2024.06.17 13:01:56 INFO  BSP server: Downloaded https://repo1.maven.org/maven2/com/eed3si9n/sjson-new-core_2.12/0.9.0/sjson-new-core_2.12-0.9.0.pom
2024.06.17 13:01:56 INFO  BSP server: Downloaded https://repo1.maven.org/maven2/io/monix/monix-tail_2.12/3.2.0/monix-tail_2.12-3.2.0.pom
2024.06.17 13:01:56 INFO  BSP server: Downloaded https://repo1.maven.org/maven2/org/scalameta/trees_2.12/4.9.5/trees_2.12-4.9.5.pom
2024.06.17 13:01:56 INFO  BSP server: Downloading https://repo1.maven.org/maven2/io/github/alexarchambault/bleep/jsonrpc4s_2.12/0.1.1/jsonrpc4s_2.12-0.1.1.pom
2024.06.17 13:01:56 INFO  BSP server: Downloading https://repo1.maven.org/maven2/com/chuusai/shapeless_2.12/2.3.3/shapeless_2.12-2.3.3.pom
2024.06.17 13:01:56 INFO  BSP server: Downloading https://repo1.maven.org/maven2/org/scala-sbt/zinc_2.12/1.10.0/zinc_2.12-1.10.0.pom
2024.06.17 13:01:56 INFO  BSP server: Downloaded https://repo1.maven.org/maven2/com/google/code/gson/gson/2.11.0/gson-2.11.0.pom
2024.06.17 13:01:56 INFO  BSP server: Downloading https://repo1.maven.org/maven2/org/apache/commons/commons-lang3/3.14.0/commons-lang3-3.14.0.pom
2024.06.17 13:01:56 INFO  BSP server: Downloaded https://repo1.maven.org/maven2/net/jpountz/lz4/lz4/1.3.0/lz4-1.3.0.pom
2024.06.17 13:01:56 INFO  BSP server: Downloading https://repo1.maven.org/maven2/net/java/dev/jna/jna/4.5.2/jna-4.5.2.pom
2024.06.17 13:01:56 INFO  BSP server: Downloaded https://repo1.maven.org/maven2/org/reactivestreams/reactive-streams/1.0.4/reactive-streams-1.0.4.pom
2024.06.17 13:01:56 INFO  BSP server: Downloading https://repo1.maven.org/maven2/io/monix/monix-reactive_2.12/3.2.0/monix-reactive_2.12-3.2.0.pom
2024.06.17 13:01:56 INFO  BSP server: Downloaded https://repo1.maven.org/maven2/io/github/alexarchambault/bleep/jsonrpc4s_2.12/0.1.1/jsonrpc4s_2.12-0.1.1.pom
2024.06.17 13:01:56 INFO  BSP server: Downloaded https://repo1.maven.org/maven2/com/chuusai/shapeless_2.12/2.3.3/shapeless_2.12-2.3.3.pom
2024.06.17 13:01:56 INFO  BSP server: Downloading https://repo1.maven.org/maven2/org/scala-sbt/ivy/ivy/2.3.0-sbt-396a783bba347016e7fe30dacc60d355be607fe2/ivy-2.3.0-sbt-396a783bba347016e7fe30dacc60d355be607fe2.pom
2024.06.17 13:01:56 INFO  BSP server: Downloading https://repo1.maven.org/maven2/org/ow2/asm/asm-analysis/9.7/asm-analysis-9.7.pom
2024.06.17 13:01:56 INFO  BSP server: Downloaded https://repo1.maven.org/maven2/org/scala-sbt/zinc_2.12/1.10.0/zinc_2.12-1.10.0.pom
2024.06.17 13:01:56 INFO  BSP server: Downloaded https://repo1.maven.org/maven2/org/apache/commons/commons-lang3/3.14.0/commons-lang3-3.14.0.pom
2024.06.17 13:01:56 INFO  BSP server: Downloaded https://repo1.maven.org/maven2/io/monix/monix-reactive_2.12/3.2.0/monix-reactive_2.12-3.2.0.pom
2024.06.17 13:01:56 INFO  BSP server: Downloaded https://repo1.maven.org/maven2/net/java/dev/jna/jna/4.5.2/jna-4.5.2.pom
2024.06.17 13:01:56 INFO  BSP server: Downloaded https://repo1.maven.org/maven2/org/scala-sbt/ivy/ivy/2.3.0-sbt-396a783bba347016e7fe30dacc60d355be607fe2/ivy-2.3.0-sbt-396a783bba347016e7fe30dacc60d355be607fe2.pom
2024.06.17 13:01:56 INFO  BSP server: Downloaded https://repo1.maven.org/maven2/org/ow2/asm/asm-analysis/9.7/asm-analysis-9.7.pom
2024.06.17 13:01:56 INFO  BSP server: Downloading https://repo1.maven.org/maven2/org/apache/commons/commons-parent/69/commons-parent-69.pom
2024.06.17 13:01:56 INFO  BSP server: Downloading https://repo1.maven.org/maven2/io/zipkin/zipkin-parent/2.27.0/zipkin-parent-2.27.0.pom
2024.06.17 13:01:56 INFO  BSP server: Downloading https://repo1.maven.org/maven2/com/google/code/gson/gson-parent/2.11.0/gson-parent-2.11.0.pom
2024.06.17 13:01:56 INFO  BSP server: Downloading https://repo1.maven.org/maven2/org/apache/logging/log4j/log4j/2.23.0/log4j-2.23.0.pom
2024.06.17 13:01:57 INFO  BSP server: Downloaded https://repo1.maven.org/maven2/io/zipkin/zipkin-parent/2.27.0/zipkin-parent-2.27.0.pom
2024.06.17 13:01:57 INFO  BSP server: Downloaded https://repo1.maven.org/maven2/org/apache/logging/log4j/log4j/2.23.0/log4j-2.23.0.pom
2024.06.17 13:01:57 INFO  BSP server: Downloaded https://repo1.maven.org/maven2/com/google/code/gson/gson-parent/2.11.0/gson-parent-2.11.0.pom
2024.06.17 13:01:57 INFO  BSP server: Downloaded https://repo1.maven.org/maven2/org/apache/commons/commons-parent/69/commons-parent-69.pom
2024.06.17 13:01:57 INFO  BSP server: Downloading https://repo1.maven.org/maven2/org/apache/logging/log4j/log4j-bom/2.23.0/log4j-bom-2.23.0.pom
2024.06.17 13:01:57 INFO  BSP server: Downloading https://repo1.maven.org/maven2/org/apache/apache/31/apache-31.pom
2024.06.17 13:01:57 INFO  BSP server: Downloaded https://repo1.maven.org/maven2/org/apache/logging/log4j/log4j-bom/2.23.0/log4j-bom-2.23.0.pom
2024.06.17 13:01:57 INFO  BSP server: Downloaded https://repo1.maven.org/maven2/org/apache/apache/31/apache-31.pom
2024.06.17 13:01:57 INFO  BSP server: Downloading https://repo1.maven.org/maven2/org/apache/logging/logging-parent/10.6.0/logging-parent-10.6.0.pom
2024.06.17 13:01:58 INFO  no build target found for C:\Users\tharu\Desktop\scala\scala\labsheet\labsheet01.scala. Using presentation compiler with project's scala-library version: 3.3.3
2024.06.17 13:01:58 INFO  BSP server: Downloaded https://repo1.maven.org/maven2/org/apache/logging/logging-parent/10.6.0/logging-parent-10.6.0.pom
2024.06.17 13:01:58 INFO  BSP server: Downloading https://repo1.maven.org/maven2/org/eclipse/jetty/jetty-bom/9.4.54.v20240208/jetty-bom-9.4.54.v20240208.pom
2024.06.17 13:01:58 INFO  BSP server: Downloading https://repo1.maven.org/maven2/io/fabric8/kubernetes-client-bom/5.12.4/kubernetes-client-bom-5.12.4.pom
2024.06.17 13:01:58 INFO  BSP server: Downloading https://repo1.maven.org/maven2/org/junit/junit-bom/5.10.2/junit-bom-5.10.2.pom
2024.06.17 13:01:58 INFO  BSP server: Downloading https://repo1.maven.org/maven2/com/fasterxml/jackson/jackson-bom/2.16.1/jackson-bom-2.16.1.pom
2024.06.17 13:01:58 INFO  BSP server: Downloading https://repo1.maven.org/maven2/org/codehaus/groovy/groovy-bom/3.0.20/groovy-bom-3.0.20.pom
2024.06.17 13:01:58 INFO  BSP server: Downloading https://repo1.maven.org/maven2/jakarta/platform/jakarta.jakartaee-bom/9.1.0/jakarta.jakartaee-bom-9.1.0.pom
2024.06.17 13:01:58 INFO  BSP server: Downloaded https://repo1.maven.org/maven2/org/junit/junit-bom/5.10.2/junit-bom-5.10.2.pom
2024.06.17 13:01:58 INFO  BSP server: Downloading https://repo1.maven.org/maven2/io/netty/netty-bom/4.1.107.Final/netty-bom-4.1.107.Final.pom
2024.06.17 13:01:58 INFO  BSP server: Downloaded https://repo1.maven.org/maven2/com/fasterxml/jackson/jackson-bom/2.16.1/jackson-bom-2.16.1.pom
2024.06.17 13:01:58 INFO  BSP server: Downloading https://repo1.maven.org/maven2/org/springframework/spring-framework-bom/5.3.32/spring-framework-bom-5.3.32.pom
2024.06.17 13:01:58 INFO  BSP server: Downloaded https://repo1.maven.org/maven2/io/fabric8/kubernetes-client-bom/5.12.4/kubernetes-client-bom-5.12.4.pom
2024.06.17 13:01:58 INFO  BSP server: Downloading https://repo1.maven.org/maven2/org/mockito/mockito-bom/4.11.0/mockito-bom-4.11.0.pom
2024.06.17 13:01:58 INFO  BSP server: Downloaded https://repo1.maven.org/maven2/org/eclipse/jetty/jetty-bom/9.4.54.v20240208/jetty-bom-9.4.54.v20240208.pom
2024.06.17 13:01:58 INFO  BSP server: Downloaded https://repo1.maven.org/maven2/org/codehaus/groovy/groovy-bom/3.0.20/groovy-bom-3.0.20.pom
2024.06.17 13:01:58 INFO  BSP server: Downloaded https://repo1.maven.org/maven2/io/netty/netty-bom/4.1.107.Final/netty-bom-4.1.107.Final.pom
2024.06.17 13:01:58 INFO  BSP server: Downloaded https://repo1.maven.org/maven2/org/springframework/spring-framework-bom/5.3.32/spring-framework-bom-5.3.32.pom
2024.06.17 13:01:58 INFO  BSP server: Downloaded https://repo1.maven.org/maven2/org/mockito/mockito-bom/4.11.0/mockito-bom-4.11.0.pom
2024.06.17 13:01:58 INFO  BSP server: Downloaded https://repo1.maven.org/maven2/jakarta/platform/jakarta.jakartaee-bom/9.1.0/jakarta.jakartaee-bom-9.1.0.pom
2024.06.17 13:01:58 INFO  BSP server: Downloading https://repo1.maven.org/maven2/jakarta/platform/jakartaee-api-parent/9.1.0/jakartaee-api-parent-9.1.0.pom
2024.06.17 13:01:58 INFO  BSP server: Downloading https://repo1.maven.org/maven2/com/fasterxml/jackson/jackson-parent/2.16/jackson-parent-2.16.pom
2024.06.17 13:02:00 INFO  BSP server: Downloaded https://repo1.maven.org/maven2/com/fasterxml/jackson/jackson-parent/2.16/jackson-parent-2.16.pom
2024.06.17 13:02:00 INFO  BSP server: Downloaded https://repo1.maven.org/maven2/jakarta/platform/jakartaee-api-parent/9.1.0/jakartaee-api-parent-9.1.0.pom
2024.06.17 13:02:00 INFO  BSP server: Downloading https://repo1.maven.org/maven2/org/eclipse/ee4j/project/1.0.7/project-1.0.7.pom
2024.06.17 13:02:00 INFO  BSP server: Downloading https://repo1.maven.org/maven2/com/fasterxml/oss-parent/56/oss-parent-56.pom
2024.06.17 13:02:00 INFO  BSP server: Downloaded https://repo1.maven.org/maven2/org/eclipse/ee4j/project/1.0.7/project-1.0.7.pom
2024.06.17 13:02:00 INFO  BSP server: Downloaded https://repo1.maven.org/maven2/com/fasterxml/oss-parent/56/oss-parent-56.pom
2024.06.17 13:02:00 INFO  BSP server: Downloading https://repo1.maven.org/maven2/org/scala-sbt/launcher-interface/1.0.0/launcher-interface-1.0.0.pom
2024.06.17 13:02:00 INFO  BSP server: Downloading https://repo1.maven.org/maven2/com/outr/scribe_2.12/3.5.5/scribe_2.12-3.5.5.pom
2024.06.17 13:02:00 INFO  BSP server: Downloading https://repo1.maven.org/maven2/org/scalameta/common_2.12/4.9.5/common_2.12-4.9.5.pom
2024.06.17 13:02:00 INFO  BSP server: Downloading https://repo1.maven.org/maven2/org/scala-lang/scala-compiler/2.12.19/scala-compiler-2.12.19.pom
2024.06.17 13:02:00 INFO  BSP server: Downloading https://repo1.maven.org/maven2/org/scala-sbt/util-logging_2.12/1.10.0/util-logging_2.12-1.10.0.pom
2024.06.17 13:02:00 INFO  BSP server: Downloading https://repo1.maven.org/maven2/org/typelevel/macro-compat_2.12/1.1.1/macro-compat_2.12-1.1.1.pom
2024.06.17 13:02:00 INFO  BSP server: Downloaded https://repo1.maven.org/maven2/org/scala-sbt/launcher-interface/1.0.0/launcher-interface-1.0.0.pom
2024.06.17 13:02:00 INFO  BSP server: Downloading https://repo1.maven.org/maven2/com/github/mwiede/jsch/0.2.17/jsch-0.2.17.pom
2024.06.17 13:02:00 INFO  BSP server: Downloaded https://repo1.maven.org/maven2/com/outr/scribe_2.12/3.5.5/scribe_2.12-3.5.5.pom
2024.06.17 13:02:00 INFO  BSP server: Downloading https://repo1.maven.org/maven2/com/github/plokhotnyuk/jsoniter-scala/jsoniter-scala-core_2.12/2.13.5/jsoniter-scala-core_2.12-2.13.5.pom
2024.06.17 13:02:00 INFO  BSP server: Downloaded https://repo1.maven.org/maven2/org/scala-lang/scala-compiler/2.12.19/scala-compiler-2.12.19.pom
2024.06.17 13:02:00 INFO  BSP server: Downloading https://repo1.maven.org/maven2/org/scala-sbt/zinc-classfile_2.12/1.10.0/zinc-classfile_2.12-1.10.0.pom
2024.06.17 13:02:00 INFO  BSP server: Downloaded https://repo1.maven.org/maven2/org/scalameta/common_2.12/4.9.5/common_2.12-4.9.5.pom
2024.06.17 13:02:00 INFO  BSP server: Downloading https://repo1.maven.org/maven2/org/apache/logging/log4j/log4j-api/2.23.0/log4j-api-2.23.0.pom
2024.06.17 13:02:00 INFO  BSP server: Downloaded https://repo1.maven.org/maven2/org/scala-sbt/util-logging_2.12/1.10.0/util-logging_2.12-1.10.0.pom
2024.06.17 13:02:00 INFO  BSP server: Downloading https://repo1.maven.org/maven2/org/scala-sbt/zinc-core_2.12/1.10.0/zinc-core_2.12-1.10.0.pom
2024.06.17 13:02:01 INFO  BSP server: Downloaded https://repo1.maven.org/maven2/com/github/plokhotnyuk/jsoniter-scala/jsoniter-scala-core_2.12/2.13.5/jsoniter-scala-core_2.12-2.13.5.pom
2024.06.17 13:02:01 INFO  BSP server: Downloaded https://repo1.maven.org/maven2/org/scala-sbt/zinc-classfile_2.12/1.10.0/zinc-classfile_2.12-1.10.0.pom
2024.06.17 13:02:01 INFO  BSP server: Downloaded https://repo1.maven.org/maven2/com/github/mwiede/jsch/0.2.17/jsch-0.2.17.pom
2024.06.17 13:02:01 INFO  BSP server: Downloading https://repo1.maven.org/maven2/com/google/errorprone/error_prone_annotations/2.27.0/error_prone_annotations-2.27.0.pom
2024.06.17 13:02:01 INFO  BSP server: Downloading https://repo1.maven.org/maven2/org/scala-sbt/util-position_2.12/1.10.0/util-position_2.12-1.10.0.pom
2024.06.17 13:02:01 INFO  BSP server: Downloaded https://repo1.maven.org/maven2/org/apache/logging/log4j/log4j-api/2.23.0/log4j-api-2.23.0.pom
2024.06.17 13:02:01 INFO  BSP server: Downloading https://repo1.maven.org/maven2/org/typelevel/cats-effect_2.12/2.1.3/cats-effect_2.12-2.1.3.pom
2024.06.17 13:02:01 INFO  BSP server: Downloaded https://repo1.maven.org/maven2/org/scala-sbt/zinc-core_2.12/1.10.0/zinc-core_2.12-1.10.0.pom
2024.06.17 13:02:01 INFO  BSP server: Downloading https://repo1.maven.org/maven2/org/scala-sbt/util-cache_2.12/1.10.0/util-cache_2.12-1.10.0.pom
2024.06.17 13:02:01 INFO  BSP server: Downloading https://repo1.maven.org/maven2/org/jctools/jctools-core/2.1.2/jctools-core-2.1.2.pom
2024.06.17 13:02:01 INFO  BSP server: Downloaded https://repo1.maven.org/maven2/org/typelevel/macro-compat_2.12/1.1.1/macro-compat_2.12-1.1.1.pom
2024.06.17 13:02:01 INFO  BSP server: Downloading https://repo1.maven.org/maven2/io/monix/implicitbox_2.12/0.2.0/implicitbox_2.12-0.2.0.pom
2024.06.17 13:02:01 INFO  BSP server: Downloaded https://repo1.maven.org/maven2/com/google/errorprone/error_prone_annotations/2.27.0/error_prone_annotations-2.27.0.pom
2024.06.17 13:02:01 INFO  BSP server: Downloading https://repo1.maven.org/maven2/com/eed3si9n/gigahorse-apache-http_2.12/0.7.0/gigahorse-apache-http_2.12-0.7.0.pom
2024.06.17 13:02:01 INFO  BSP server: Downloaded https://repo1.maven.org/maven2/org/scala-sbt/util-cache_2.12/1.10.0/util-cache_2.12-1.10.0.pom
2024.06.17 13:02:01 INFO  BSP server: Downloaded https://repo1.maven.org/maven2/org/scala-sbt/util-position_2.12/1.10.0/util-position_2.12-1.10.0.pom
2024.06.17 13:02:01 INFO  BSP server: Downloaded https://repo1.maven.org/maven2/org/jctools/jctools-core/2.1.2/jctools-core-2.1.2.pom
2024.06.17 13:02:01 INFO  BSP server: Downloaded https://repo1.maven.org/maven2/org/typelevel/cats-effect_2.12/2.1.3/cats-effect_2.12-2.1.3.pom
2024.06.17 13:02:01 INFO  BSP server: Downloading https://repo1.maven.org/maven2/org/scala-lang/modules/scala-xml_2.12/2.1.0/scala-xml_2.12-2.1.0.pom
2024.06.17 13:02:01 INFO  BSP server: Downloading https://repo1.maven.org/maven2/org/scala-sbt/zinc-compile-core_2.12/1.10.0/zinc-compile-core_2.12-1.10.0.pom
2024.06.17 13:02:01 INFO  BSP server: Downloading https://repo1.maven.org/maven2/org/scala-sbt/zinc-persist_2.12/1.10.0/zinc-persist_2.12-1.10.0.pom
2024.06.17 13:02:01 INFO  BSP server: Downloading https://repo1.maven.org/maven2/org/scala-sbt/io_2.12/1.10.0/io_2.12-1.10.0.pom
2024.06.17 13:02:01 INFO  BSP server: Downloaded https://repo1.maven.org/maven2/io/monix/implicitbox_2.12/0.2.0/implicitbox_2.12-0.2.0.pom
2024.06.17 13:02:01 INFO  BSP server: Downloaded https://repo1.maven.org/maven2/org/scala-lang/modules/scala-xml_2.12/2.1.0/scala-xml_2.12-2.1.0.pom
2024.06.17 13:02:01 INFO  BSP server: Downloaded https://repo1.maven.org/maven2/com/eed3si9n/gigahorse-apache-http_2.12/0.7.0/gigahorse-apache-http_2.12-0.7.0.pom
2024.06.17 13:02:01 INFO  BSP server: Downloaded https://repo1.maven.org/maven2/org/scala-sbt/zinc-persist_2.12/1.10.0/zinc-persist_2.12-1.10.0.pom
2024.06.17 13:02:01 INFO  BSP server: Downloaded https://repo1.maven.org/maven2/org/scala-sbt/zinc-compile-core_2.12/1.10.0/zinc-compile-core_2.12-1.10.0.pom
2024.06.17 13:02:01 INFO  BSP server: Downloaded https://repo1.maven.org/maven2/org/scala-sbt/io_2.12/1.10.0/io_2.12-1.10.0.pom
2024.06.17 13:02:01 INFO  BSP server: Downloading https://repo1.maven.org/maven2/com/google/errorprone/error_prone_parent/2.27.0/error_prone_parent-2.27.0.pom
2024.06.17 13:02:01 INFO  BSP server: Downloaded https://repo1.maven.org/maven2/com/google/errorprone/error_prone_parent/2.27.0/error_prone_parent-2.27.0.pom
2024.06.17 13:02:02 INFO  BSP server: Downloading https://repo1.maven.org/maven2/org/scala-sbt/sbinary_2.12/0.5.1/sbinary_2.12-0.5.1.pom
2024.06.17 13:02:02 INFO  BSP server: Downloading https://repo1.maven.org/maven2/org/scala-sbt/launcher-interface/1.4.2/launcher-interface-1.4.2.pom
2024.06.17 13:02:02 INFO  BSP server: Downloading https://repo1.maven.org/maven2/com/outr/perfolation_2.12/1.2.8/perfolation_2.12-1.2.8.pom
2024.06.17 13:02:02 INFO  BSP server: Downloading https://repo1.maven.org/maven2/org/scala-sbt/zinc-apiinfo_2.12/1.10.0/zinc-apiinfo_2.12-1.10.0.pom
2024.06.17 13:02:02 INFO  BSP server: Downloading https://repo1.maven.org/maven2/com/eed3si9n/sjson-new-scalajson_2.12/0.9.1/sjson-new-scalajson_2.12-0.9.1.pom
2024.06.17 13:02:02 INFO  BSP server: Downloading https://repo1.maven.org/maven2/com/thesamet/scalapb/scalapb-runtime_2.12/0.11.15/scalapb-runtime_2.12-0.11.15.pom
2024.06.17 13:02:02 INFO  BSP server: Downloaded https://repo1.maven.org/maven2/org/scala-sbt/zinc-apiinfo_2.12/1.10.0/zinc-apiinfo_2.12-1.10.0.pom
2024.06.17 13:02:02 INFO  BSP server: Downloading https://repo1.maven.org/maven2/org/typelevel/cats-core_2.12/2.1.1/cats-core_2.12-2.1.1.pom
2024.06.17 13:02:02 INFO  BSP server: Downloaded https://repo1.maven.org/maven2/org/scala-sbt/launcher-interface/1.4.2/launcher-interface-1.4.2.pom
2024.06.17 13:02:02 INFO  BSP server: Downloading https://repo1.maven.org/maven2/org/scala-sbt/jline/jline/2.14.7-sbt-9c3b6aca11c57e339441442bbf58e550cdfecb79/jline-2.14.7-sbt-9c3b6aca11c57e339441442bbf58e550cdfecb79.pom
2024.06.17 13:02:02 INFO  BSP server: Downloaded https://repo1.maven.org/maven2/org/scala-sbt/sbinary_2.12/0.5.1/sbinary_2.12-0.5.1.pom
2024.06.17 13:02:02 INFO  BSP server: Downloading https://repo1.maven.org/maven2/org/jline/jline-terminal/3.24.1/jline-terminal-3.24.1.pom
2024.06.17 13:02:02 INFO  BSP server: Downloaded https://repo1.maven.org/maven2/com/eed3si9n/sjson-new-scalajson_2.12/0.9.1/sjson-new-scalajson_2.12-0.9.1.pom
2024.06.17 13:02:02 INFO  BSP server: Downloading https://repo1.maven.org/maven2/com/eed3si9n/gigahorse-core_2.12/0.7.0/gigahorse-core_2.12-0.7.0.pom
2024.06.17 13:02:02 INFO  BSP server: Downloaded https://repo1.maven.org/maven2/com/outr/perfolation_2.12/1.2.8/perfolation_2.12-1.2.8.pom
2024.06.17 13:02:02 INFO  BSP server: Downloading https://repo1.maven.org/maven2/org/scala-sbt/util-interface/1.10.0/util-interface-1.10.0.pom
2024.06.17 13:02:02 INFO  BSP server: Downloaded https://repo1.maven.org/maven2/com/eed3si9n/gigahorse-core_2.12/0.7.0/gigahorse-core_2.12-0.7.0.pom
2024.06.17 13:02:02 INFO  BSP server: Downloading https://repo1.maven.org/maven2/org/scala-sbt/util-relation_2.12/1.10.0/util-relation_2.12-1.10.0.pom
2024.06.17 13:02:02 INFO  BSP server: Downloaded https://repo1.maven.org/maven2/org/typelevel/cats-core_2.12/2.1.1/cats-core_2.12-2.1.1.pom
2024.06.17 13:02:02 INFO  BSP server: Downloading https://repo1.maven.org/maven2/net/java/dev/jna/jna-platform/5.13.0/jna-platform-5.13.0.pom
2024.06.17 13:02:02 INFO  BSP server: Downloaded https://repo1.maven.org/maven2/org/jline/jline-terminal/3.24.1/jline-terminal-3.24.1.pom
2024.06.17 13:02:02 INFO  BSP server: Downloading https://repo1.maven.org/maven2/org/jline/jline-terminal-jna/3.24.1/jline-terminal-jna-3.24.1.pom
2024.06.17 13:02:02 INFO  BSP server: Downloaded https://repo1.maven.org/maven2/org/scala-sbt/jline/jline/2.14.7-sbt-9c3b6aca11c57e339441442bbf58e550cdfecb79/jline-2.14.7-sbt-9c3b6aca11c57e339441442bbf58e550cdfecb79.pom
2024.06.17 13:02:02 INFO  BSP server: Downloading https://repo1.maven.org/maven2/com/outr/moduload_2.12/1.1.5/moduload_2.12-1.1.5.pom
2024.06.17 13:02:02 INFO  BSP server: Downloaded https://repo1.maven.org/maven2/org/scala-sbt/util-interface/1.10.0/util-interface-1.10.0.pom
2024.06.17 13:02:02 INFO  BSP server: Downloading https://repo1.maven.org/maven2/com/eed3si9n/sjson-new-murmurhash_2.12/0.9.1/sjson-new-murmurhash_2.12-0.9.1.pom
2024.06.17 13:02:02 INFO  BSP server: Downloaded https://repo1.maven.org/maven2/com/thesamet/scalapb/scalapb-runtime_2.12/0.11.15/scalapb-runtime_2.12-0.11.15.pom
2024.06.17 13:02:02 INFO  BSP server: Downloading https://repo1.maven.org/maven2/org/scala-sbt/collections_2.12/1.10.0/collections_2.12-1.10.0.pom
2024.06.17 13:02:02 INFO  BSP server: Downloaded https://repo1.maven.org/maven2/com/outr/moduload_2.12/1.1.5/moduload_2.12-1.1.5.pom
2024.06.17 13:02:02 INFO  BSP server: Downloading https://repo1.maven.org/maven2/org/scala-sbt/compiler-interface/1.10.0/compiler-interface-1.10.0.pom
2024.06.17 13:02:02 INFO  BSP server: Downloaded https://repo1.maven.org/maven2/org/jline/jline-terminal-jna/3.24.1/jline-terminal-jna-3.24.1.pom
2024.06.17 13:02:02 INFO  BSP server: Downloading https://repo1.maven.org/maven2/org/scala-lang/modules/scala-xml_2.12/2.3.0/scala-xml_2.12-2.3.0.pom
2024.06.17 13:02:02 INFO  BSP server: Downloaded https://repo1.maven.org/maven2/org/scala-sbt/util-relation_2.12/1.10.0/util-relation_2.12-1.10.0.pom
2024.06.17 13:02:02 INFO  BSP server: Downloading https://repo1.maven.org/maven2/org/scala-lang/modules/scala-parser-combinators_2.12/1.1.2/scala-parser-combinators_2.12-1.1.2.pom
2024.06.17 13:02:02 INFO  BSP server: Downloaded https://repo1.maven.org/maven2/net/java/dev/jna/jna-platform/5.13.0/jna-platform-5.13.0.pom
2024.06.17 13:02:02 INFO  BSP server: Downloading https://repo1.maven.org/maven2/com/lmax/disruptor/3.4.2/disruptor-3.4.2.pom
2024.06.17 13:02:02 INFO  BSP server: Downloaded https://repo1.maven.org/maven2/com/eed3si9n/sjson-new-murmurhash_2.12/0.9.1/sjson-new-murmurhash_2.12-0.9.1.pom
2024.06.17 13:02:02 INFO  BSP server: Downloading https://repo1.maven.org/maven2/org/scala-sbt/util-control_2.12/1.10.0/util-control_2.12-1.10.0.pom
2024.06.17 13:02:03 INFO  BSP server: Downloaded https://repo1.maven.org/maven2/org/scala-sbt/collections_2.12/1.10.0/collections_2.12-1.10.0.pom
2024.06.17 13:02:03 INFO  BSP server: Downloading https://repo1.maven.org/maven2/org/scala-sbt/core-macros_2.12/1.10.0/core-macros_2.12-1.10.0.pom
2024.06.17 13:02:03 INFO  BSP server: Downloaded https://repo1.maven.org/maven2/org/scala-sbt/compiler-interface/1.10.0/compiler-interface-1.10.0.pom
2024.06.17 13:02:03 INFO  BSP server: Downloading https://repo1.maven.org/maven2/net/openhft/zero-allocation-hashing/0.16/zero-allocation-hashing-0.16.pom
2024.06.17 13:02:03 INFO  BSP server: Downloaded https://repo1.maven.org/maven2/com/lmax/disruptor/3.4.2/disruptor-3.4.2.pom
2024.06.17 13:02:03 INFO  BSP server: Downloaded https://repo1.maven.org/maven2/org/scala-lang/modules/scala-parser-combinators_2.12/1.1.2/scala-parser-combinators_2.12-1.1.2.pom
2024.06.17 13:02:03 INFO  BSP server: Downloading https://repo1.maven.org/maven2/org/jline/jline-terminal-jansi/3.24.1/jline-terminal-jansi-3.24.1.pom
2024.06.17 13:02:03 INFO  BSP server: Downloaded https://repo1.maven.org/maven2/org/scala-lang/modules/scala-xml_2.12/2.3.0/scala-xml_2.12-2.3.0.pom
2024.06.17 13:02:03 INFO  BSP server: Downloading https://repo1.maven.org/maven2/org/scala-sbt/zinc-classpath_2.12/1.10.0/zinc-classpath_2.12-1.10.0.pom
2024.06.17 13:02:03 INFO  BSP server: Downloading https://repo1.maven.org/maven2/com/eed3si9n/shaded-apache-httpasyncclient/0.7.0/shaded-apache-httpasyncclient-0.7.0.pom
2024.06.17 13:02:03 INFO  BSP server: Downloaded https://repo1.maven.org/maven2/org/scala-sbt/util-control_2.12/1.10.0/util-control_2.12-1.10.0.pom
2024.06.17 13:02:03 INFO  BSP server: Downloading https://repo1.maven.org/maven2/org/scala-sbt/zinc-persist-core-assembly/1.10.0/zinc-persist-core-assembly-1.10.0.pom
2024.06.17 13:02:03 INFO  BSP server: Downloaded https://repo1.maven.org/maven2/org/scala-sbt/core-macros_2.12/1.10.0/core-macros_2.12-1.10.0.pom
2024.06.17 13:02:03 INFO  BSP server: Downloaded https://repo1.maven.org/maven2/net/openhft/zero-allocation-hashing/0.16/zero-allocation-hashing-0.16.pom
2024.06.17 13:02:03 INFO  BSP server: Downloaded https://repo1.maven.org/maven2/org/jline/jline-terminal-jansi/3.24.1/jline-terminal-jansi-3.24.1.pom
2024.06.17 13:02:03 INFO  BSP server: Downloaded https://repo1.maven.org/maven2/org/scala-sbt/zinc-classpath_2.12/1.10.0/zinc-classpath_2.12-1.10.0.pom
2024.06.17 13:02:03 INFO  BSP server: Downloaded https://repo1.maven.org/maven2/org/scala-sbt/zinc-persist-core-assembly/1.10.0/zinc-persist-core-assembly-1.10.0.pom
2024.06.17 13:02:03 INFO  BSP server: Downloaded https://repo1.maven.org/maven2/com/eed3si9n/shaded-apache-httpasyncclient/0.7.0/shaded-apache-httpasyncclient-0.7.0.pom
2024.06.17 13:02:03 INFO  BSP server: Downloading https://repo1.maven.org/maven2/net/openhft/java-parent-pom/1.1.28/java-parent-pom-1.1.28.pom
2024.06.17 13:02:03 INFO  BSP server: Downloaded https://repo1.maven.org/maven2/net/openhft/java-parent-pom/1.1.28/java-parent-pom-1.1.28.pom
2024.06.17 13:02:03 INFO  BSP server: Downloading https://repo1.maven.org/maven2/net/openhft/root-parent-pom/1.2.12/root-parent-pom-1.2.12.pom
2024.06.17 13:02:04 INFO  BSP server: Downloaded https://repo1.maven.org/maven2/net/openhft/root-parent-pom/1.2.12/root-parent-pom-1.2.12.pom
2024.06.17 13:02:04 INFO  BSP server: Downloading https://repo1.maven.org/maven2/org/typelevel/cats-macros_2.12/2.1.1/cats-macros_2.12-2.1.1.pom
2024.06.17 13:02:04 INFO  BSP server: Downloading https://repo1.maven.org/maven2/com/eed3si9n/sjson-new-core_2.12/0.9.1/sjson-new-core_2.12-0.9.1.pom
2024.06.17 13:02:04 INFO  BSP server: Downloading https://repo1.maven.org/maven2/com/typesafe/ssl-config-core_2.12/0.6.1/ssl-config-core_2.12-0.6.1.pom
2024.06.17 13:02:04 INFO  BSP server: Downloading https://repo1.maven.org/maven2/org/scala-sbt/compiler-bridge_2.12/1.10.0/compiler-bridge_2.12-1.10.0.pom
2024.06.17 13:02:04 INFO  BSP server: Downloading https://repo1.maven.org/maven2/org/jline/jline-native/3.24.1/jline-native-3.24.1.pom
2024.06.17 13:02:04 INFO  BSP server: Downloading https://repo1.maven.org/maven2/org/fusesource/jansi/jansi/2.4.1/jansi-2.4.1.pom
2024.06.17 13:02:04 INFO  BSP server: Downloaded https://repo1.maven.org/maven2/com/eed3si9n/sjson-new-core_2.12/0.9.1/sjson-new-core_2.12-0.9.1.pom
2024.06.17 13:02:04 INFO  BSP server: Downloading https://repo1.maven.org/maven2/com/eed3si9n/shaded-jawn-parser_2.12/0.9.1/shaded-jawn-parser_2.12-0.9.1.pom
2024.06.17 13:02:04 INFO  BSP server: Downloaded https://repo1.maven.org/maven2/org/scala-sbt/compiler-bridge_2.12/1.10.0/compiler-bridge_2.12-1.10.0.pom
2024.06.17 13:02:04 INFO  BSP server: Downloading https://repo1.maven.org/maven2/org/typelevel/cats-kernel_2.12/2.1.1/cats-kernel_2.12-2.1.1.pom
2024.06.17 13:02:04 INFO  BSP server: Downloaded https://repo1.maven.org/maven2/com/typesafe/ssl-config-core_2.12/0.6.1/ssl-config-core_2.12-0.6.1.pom
2024.06.17 13:02:04 INFO  BSP server: Downloaded https://repo1.maven.org/maven2/org/typelevel/cats-macros_2.12/2.1.1/cats-macros_2.12-2.1.1.pom
2024.06.17 13:02:04 INFO  BSP server: Downloaded https://repo1.maven.org/maven2/org/jline/jline-native/3.24.1/jline-native-3.24.1.pom
2024.06.17 13:02:04 INFO  BSP server: Downloading https://repo1.maven.org/maven2/com/thesamet/scalapb/lenses_2.12/0.11.15/lenses_2.12-0.11.15.pom
2024.06.17 13:02:04 INFO  BSP server: Downloading https://repo1.maven.org/maven2/com/eed3si9n/shaded-scalajson_2.12/1.0.0-M4/shaded-scalajson_2.12-1.0.0-M4.pom
2024.06.17 13:02:04 INFO  BSP server: Downloaded https://repo1.maven.org/maven2/com/eed3si9n/shaded-jawn-parser_2.12/0.9.1/shaded-jawn-parser_2.12-0.9.1.pom
2024.06.17 13:02:04 INFO  BSP server: Downloaded https://repo1.maven.org/maven2/com/thesamet/scalapb/lenses_2.12/0.11.15/lenses_2.12-0.11.15.pom
2024.06.17 13:02:04 INFO  BSP server: Downloaded https://repo1.maven.org/maven2/org/typelevel/cats-kernel_2.12/2.1.1/cats-kernel_2.12-2.1.1.pom
2024.06.17 13:02:04 INFO  BSP server: Downloaded https://repo1.maven.org/maven2/com/eed3si9n/shaded-scalajson_2.12/1.0.0-M4/shaded-scalajson_2.12-1.0.0-M4.pom
2024.06.17 13:02:04 INFO  BSP server: Downloaded https://repo1.maven.org/maven2/org/fusesource/jansi/jansi/2.4.1/jansi-2.4.1.pom
2024.06.17 13:02:04 INFO  BSP server: Downloading https://repo1.maven.org/maven2/org/fusesource/fusesource-pom/1.12/fusesource-pom-1.12.pom
2024.06.17 13:02:05 INFO  BSP server: Downloaded https://repo1.maven.org/maven2/org/fusesource/fusesource-pom/1.12/fusesource-pom-1.12.pom
2024.06.17 13:02:05 INFO  BSP server: Downloading https://repo1.maven.org/maven2/com/github/mwiede/jsch/0.2.17/jsch-0.2.17.jar
2024.06.17 13:02:05 INFO  BSP server: Downloading https://repo1.maven.org/maven2/org/typelevel/cats-core_2.12/2.1.1/cats-core_2.12-2.1.1.jar
2024.06.17 13:02:05 INFO  BSP server: Downloading https://repo1.maven.org/maven2/org/scala-sbt/compiler-interface/1.10.0/compiler-interface-1.10.0.jar
2024.06.17 13:02:05 INFO  BSP server: Downloading https://repo1.maven.org/maven2/org/ow2/asm/asm-util/9.7/asm-util-9.7.jar
2024.06.17 13:02:05 INFO  BSP server: Downloading https://repo1.maven.org/maven2/io/zipkin/zipkin2/zipkin/2.27.0/zipkin-2.27.0.jar
2024.06.17 13:02:05 INFO  BSP server: Downloading https://repo1.maven.org/maven2/org/scala-sbt/util-cache_2.12/1.10.0/util-cache_2.12-1.10.0.jar
2024.06.17 13:02:05 INFO  BSP server: Downloaded https://repo1.maven.org/maven2/org/ow2/asm/asm-util/9.7/asm-util-9.7.jar
2024.06.17 13:02:05 INFO  BSP server: Downloading https://repo1.maven.org/maven2/com/lihaoyi/sourcecode_2.12/0.4.1/sourcecode_2.12-0.4.1.jar
2024.06.17 13:02:06 INFO  BSP server: Downloaded https://repo1.maven.org/maven2/org/scala-sbt/compiler-interface/1.10.0/compiler-interface-1.10.0.jar
2024.06.17 13:02:06 INFO  BSP server: Downloading https://repo1.maven.org/maven2/org/jctools/jctools-core/2.1.2/jctools-core-2.1.2.jar
2024.06.17 13:02:08 INFO  BSP server: Downloaded https://repo1.maven.org/maven2/com/lihaoyi/sourcecode_2.12/0.4.1/sourcecode_2.12-0.4.1.jar
2024.06.17 13:02:08 INFO  BSP server: Downloading https://repo1.maven.org/maven2/org/ow2/asm/asm-analysis/9.7/asm-analysis-9.7.jar
2024.06.17 13:02:08 INFO  BSP server: Downloaded https://repo1.maven.org/maven2/com/github/mwiede/jsch/0.2.17/jsch-0.2.17.jar
2024.06.17 13:02:08 INFO  BSP server: Downloading https://repo1.maven.org/maven2/org/zeroturnaround/zt-zip/1.17/zt-zip-1.17.jar
2024.06.17 13:02:08 INFO  BSP server: Downloaded https://repo1.maven.org/maven2/io/zipkin/zipkin2/zipkin/2.27.0/zipkin-2.27.0.jar
2024.06.17 13:02:08 INFO  BSP server: Downloading https://repo1.maven.org/maven2/org/scala-sbt/jline/jline/2.14.7-sbt-9c3b6aca11c57e339441442bbf58e550cdfecb79/jline-2.14.7-sbt-9c3b6aca11c57e339441442bbf58e550cdfecb79.jar
2024.06.17 13:02:09 INFO  BSP server: Downloaded https://repo1.maven.org/maven2/org/ow2/asm/asm-analysis/9.7/asm-analysis-9.7.jar
2024.06.17 13:02:09 INFO  BSP server: Downloading https://repo1.maven.org/maven2/com/thesamet/scalapb/lenses_2.12/0.11.15/lenses_2.12-0.11.15.jar
2024.06.17 13:02:09 INFO  BSP server: Downloaded https://repo1.maven.org/maven2/org/scala-sbt/util-cache_2.12/1.10.0/util-cache_2.12-1.10.0.jar
2024.06.17 13:02:09 INFO  BSP server: Downloading https://repo1.maven.org/maven2/ch/epfl/scala/scala-debug-adapter_2.12/4.1.1/scala-debug-adapter_2.12-4.1.1.jar
2024.06.17 13:02:09 INFO  BSP server: Downloaded https://repo1.maven.org/maven2/com/thesamet/scalapb/lenses_2.12/0.11.15/lenses_2.12-0.11.15.jar
2024.06.17 13:02:09 INFO  BSP server: Downloading https://repo1.maven.org/maven2/io/zipkin/reporter2/zipkin-reporter-brave/2.17.2/zipkin-reporter-brave-2.17.2.jar
2024.06.17 13:02:09 INFO  BSP server: Downloaded https://repo1.maven.org/maven2/org/zeroturnaround/zt-zip/1.17/zt-zip-1.17.jar
2024.06.17 13:02:09 INFO  BSP server: Downloading https://repo1.maven.org/maven2/com/thesamet/scalapb/scalapb-runtime_2.12/0.11.15/scalapb-runtime_2.12-0.11.15.jar
2024.06.17 13:02:11 INFO  BSP server: Downloaded https://repo1.maven.org/maven2/org/jctools/jctools-core/2.1.2/jctools-core-2.1.2.jar
2024.06.17 13:02:11 INFO  BSP server: Downloading https://repo1.maven.org/maven2/ch/epfl/scala/bloop-config_2.12/2.0.0/bloop-config_2.12-2.0.0.jar
2024.06.17 13:02:11 INFO  BSP server: Downloaded https://repo1.maven.org/maven2/io/zipkin/reporter2/zipkin-reporter-brave/2.17.2/zipkin-reporter-brave-2.17.2.jar
2024.06.17 13:02:11 INFO  BSP server: Downloading https://repo1.maven.org/maven2/com/outr/scribe_2.12/3.5.5/scribe_2.12-3.5.5.jar
2024.06.17 13:02:11 INFO  BSP server: Downloaded https://repo1.maven.org/maven2/org/scala-sbt/jline/jline/2.14.7-sbt-9c3b6aca11c57e339441442bbf58e550cdfecb79/jline-2.14.7-sbt-9c3b6aca11c57e339441442bbf58e550cdfecb79.jar
2024.06.17 13:02:11 INFO  BSP server: Downloading https://repo1.maven.org/maven2/io/github/alexarchambault/bleep/bloop-frontend_2.12/1.5.17-sc-2/bloop-frontend_2.12-1.5.17-sc-2.jar
2024.06.17 13:02:12 INFO  BSP server: Downloaded https://repo1.maven.org/maven2/ch/epfl/scala/bloop-config_2.12/2.0.0/bloop-config_2.12-2.0.0.jar
2024.06.17 13:02:12 INFO  BSP server: Downloading https://repo1.maven.org/maven2/org/scala-sbt/test-interface/1.0/test-interface-1.0.jar
2024.06.17 13:02:12 INFO  BSP server: Downloaded https://repo1.maven.org/maven2/com/outr/scribe_2.12/3.5.5/scribe_2.12-3.5.5.jar
2024.06.17 13:02:12 INFO  BSP server: Downloading https://repo1.maven.org/maven2/org/scala-sbt/util-position_2.12/1.10.0/util-position_2.12-1.10.0.jar
2024.06.17 13:02:12 INFO  BSP server: Downloaded https://repo1.maven.org/maven2/org/scala-sbt/test-interface/1.0/test-interface-1.0.jar
2024.06.17 13:02:12 INFO  BSP server: Downloading https://repo1.maven.org/maven2/org/scala-sbt/util-relation_2.12/1.10.0/util-relation_2.12-1.10.0.jar
2024.06.17 13:02:14 INFO  BSP server: Downloaded https://repo1.maven.org/maven2/org/scala-sbt/util-position_2.12/1.10.0/util-position_2.12-1.10.0.jar
2024.06.17 13:02:14 INFO  BSP server: Downloading https://repo1.maven.org/maven2/com/lihaoyi/fansi_2.12/0.5.0/fansi_2.12-0.5.0.jar
2024.06.17 13:02:14 INFO  BSP server: Downloaded https://repo1.maven.org/maven2/org/scala-sbt/util-relation_2.12/1.10.0/util-relation_2.12-1.10.0.jar
2024.06.17 13:02:14 INFO  BSP server: Downloading https://repo1.maven.org/maven2/org/scala-sbt/zinc_2.12/1.10.0/zinc_2.12-1.10.0.jar
2024.06.17 13:02:14 INFO  BSP server: Downloaded https://repo1.maven.org/maven2/com/lihaoyi/fansi_2.12/0.5.0/fansi_2.12-0.5.0.jar
2024.06.17 13:02:14 INFO  BSP server: Downloading https://repo1.maven.org/maven2/org/typelevel/macro-compat_2.12/1.1.1/macro-compat_2.12-1.1.1.jar
2024.06.17 13:02:15 INFO  BSP server: Downloaded https://repo1.maven.org/maven2/org/scala-sbt/zinc_2.12/1.10.0/zinc_2.12-1.10.0.jar
2024.06.17 13:02:15 INFO  BSP server: Downloading https://repo1.maven.org/maven2/ch/epfl/scala/com-microsoft-java-debug-core/0.34.0+30/com-microsoft-java-debug-core-0.34.0+30.jar
2024.06.17 13:02:15 INFO  BSP server: Downloaded https://repo1.maven.org/maven2/org/typelevel/macro-compat_2.12/1.1.1/macro-compat_2.12-1.1.1.jar
2024.06.17 13:02:15 INFO  BSP server: Downloading https://repo1.maven.org/maven2/org/scala-sbt/test-agent/1.10.0/test-agent-1.10.0.jar
2024.06.17 13:02:15 INFO  BSP server: Downloaded https://repo1.maven.org/maven2/ch/epfl/scala/scala-debug-adapter_2.12/4.1.1/scala-debug-adapter_2.12-4.1.1.jar
2024.06.17 13:02:15 INFO  BSP server: Downloading https://repo1.maven.org/maven2/commons-io/commons-io/2.16.1/commons-io-2.16.1.jar
2024.06.17 13:02:15 INFO  BSP server: Downloaded https://repo1.maven.org/maven2/org/scala-sbt/test-agent/1.10.0/test-agent-1.10.0.jar
2024.06.17 13:02:15 INFO  BSP server: Downloading https://repo1.maven.org/maven2/io/github/alexarchambault/bleep/bloop-backend_2.12/1.5.17-sc-2/bloop-backend_2.12-1.5.17-sc-2.jar
2024.06.17 13:02:18 INFO  BSP server: Downloaded https://repo1.maven.org/maven2/ch/epfl/scala/com-microsoft-java-debug-core/0.34.0+30/com-microsoft-java-debug-core-0.34.0+30.jar
2024.06.17 13:02:18 INFO  BSP server: Downloading https://repo1.maven.org/maven2/org/scala-sbt/io_2.12/1.10.0/io_2.12-1.10.0.jar
2024.06.17 13:02:18 INFO  BSP server: Downloaded https://repo1.maven.org/maven2/io/github/alexarchambault/bleep/bloop-frontend_2.12/1.5.17-sc-2/bloop-frontend_2.12-1.5.17-sc-2.jar
2024.06.17 13:02:18 INFO  BSP server: Downloading https://repo1.maven.org/maven2/org/scala-sbt/launcher-interface/1.4.2/launcher-interface-1.4.2.jar
2024.06.17 13:02:18 INFO  BSP server: Downloaded https://repo1.maven.org/maven2/commons-io/commons-io/2.16.1/commons-io-2.16.1.jar
2024.06.17 13:02:18 INFO  BSP server: Downloading https://repo1.maven.org/maven2/io/zipkin/reporter2/zipkin-reporter/2.17.2/zipkin-reporter-2.17.2.jar
2024.06.17 13:02:19 INFO  BSP server: Downloaded https://repo1.maven.org/maven2/org/scala-sbt/launcher-interface/1.4.2/launcher-interface-1.4.2.jar
2024.06.17 13:02:19 INFO  BSP server: Downloading https://repo1.maven.org/maven2/io/github/alexarchambault/bleep/jsonrpc4s_2.12/0.1.1/jsonrpc4s_2.12-0.1.1.jar
2024.06.17 13:02:19 INFO  BSP server: Downloaded https://repo1.maven.org/maven2/com/thesamet/scalapb/scalapb-runtime_2.12/0.11.15/scalapb-runtime_2.12-0.11.15.jar
2024.06.17 13:02:19 INFO  BSP server: Downloading https://repo1.maven.org/maven2/org/scala-lang/modules/scala-parser-combinators_2.12/1.1.2/scala-parser-combinators_2.12-1.1.2.jar
2024.06.17 13:02:19 INFO  BSP server: Downloaded https://repo1.maven.org/maven2/io/zipkin/reporter2/zipkin-reporter/2.17.2/zipkin-reporter-2.17.2.jar
2024.06.17 13:02:19 INFO  BSP server: Downloading https://repo1.maven.org/maven2/org/scala-sbt/core-macros_2.12/1.10.0/core-macros_2.12-1.10.0.jar
2024.06.17 13:02:19 INFO  BSP server: Downloaded https://repo1.maven.org/maven2/org/typelevel/cats-core_2.12/2.1.1/cats-core_2.12-2.1.1.jar
2024.06.17 13:02:19 INFO  BSP server: Downloading https://repo1.maven.org/maven2/io/monix/implicitbox_2.12/0.2.0/implicitbox_2.12-0.2.0.jar
2024.06.17 13:02:20 INFO  BSP server: Downloaded https://repo1.maven.org/maven2/io/github/alexarchambault/bleep/bloop-backend_2.12/1.5.17-sc-2/bloop-backend_2.12-1.5.17-sc-2.jar
2024.06.17 13:02:20 INFO  BSP server: Downloading https://repo1.maven.org/maven2/org/typelevel/cats-macros_2.12/2.1.1/cats-macros_2.12-2.1.1.jar
2024.06.17 13:02:20 INFO  BSP server: Downloaded https://repo1.maven.org/maven2/org/scala-lang/modules/scala-parser-combinators_2.12/1.1.2/scala-parser-combinators_2.12-1.1.2.jar
2024.06.17 13:02:20 INFO  BSP server: Downloading https://repo1.maven.org/maven2/io/monix/monix-reactive_2.12/3.2.0/monix-reactive_2.12-3.2.0.jar
2024.06.17 13:02:20 INFO  BSP server: Downloaded https://repo1.maven.org/maven2/io/github/alexarchambault/bleep/jsonrpc4s_2.12/0.1.1/jsonrpc4s_2.12-0.1.1.jar
2024.06.17 13:02:20 INFO  BSP server: Downloading https://repo1.maven.org/maven2/org/apache/logging/log4j/log4j-core/2.23.0/log4j-core-2.23.0.jar
2024.06.17 13:02:20 INFO  BSP server: Downloaded https://repo1.maven.org/maven2/io/monix/implicitbox_2.12/0.2.0/implicitbox_2.12-0.2.0.jar
2024.06.17 13:02:20 INFO  BSP server: Downloading https://repo1.maven.org/maven2/com/outr/perfolation_2.12/1.2.8/perfolation_2.12-1.2.8.jar
2024.06.17 13:02:20 INFO  BSP server: Downloaded https://repo1.maven.org/maven2/org/scala-sbt/io_2.12/1.10.0/io_2.12-1.10.0.jar
2024.06.17 13:02:20 INFO  BSP server: Downloading https://repo1.maven.org/maven2/io/reactivex/rxjava2/rxjava/2.2.21/rxjava-2.2.21.jar
2024.06.17 13:02:20 INFO  BSP server: Downloaded https://repo1.maven.org/maven2/org/scala-sbt/core-macros_2.12/1.10.0/core-macros_2.12-1.10.0.jar
2024.06.17 13:02:20 INFO  BSP server: Downloading https://repo1.maven.org/maven2/org/scalameta/parsers_2.12/4.9.5/parsers_2.12-4.9.5.jar
2024.06.17 13:02:20 INFO  BSP server: Downloaded https://repo1.maven.org/maven2/org/typelevel/cats-macros_2.12/2.1.1/cats-macros_2.12-2.1.1.jar
2024.06.17 13:02:20 INFO  BSP server: Downloading https://repo1.maven.org/maven2/io/monix/monix-tail_2.12/3.2.0/monix-tail_2.12-3.2.0.jar
2024.06.17 13:02:20 INFO  BSP server: Downloaded https://repo1.maven.org/maven2/com/outr/perfolation_2.12/1.2.8/perfolation_2.12-1.2.8.jar
2024.06.17 13:02:20 INFO  BSP server: Downloading https://repo1.maven.org/maven2/org/scala-sbt/collections_2.12/1.10.0/collections_2.12-1.10.0.jar
2024.06.17 13:02:23 INFO  BSP server: Downloaded https://repo1.maven.org/maven2/org/scala-sbt/collections_2.12/1.10.0/collections_2.12-1.10.0.jar
2024.06.17 13:02:23 INFO  BSP server: Downloading https://repo1.maven.org/maven2/io/monix/monix-eval_2.12/3.2.0/monix-eval_2.12-3.2.0.jar
2024.06.17 13:02:23 INFO  BSP server: Downloaded https://repo1.maven.org/maven2/io/monix/monix-reactive_2.12/3.2.0/monix-reactive_2.12-3.2.0.jar
2024.06.17 13:02:23 INFO  BSP server: Downloading https://repo1.maven.org/maven2/com/github/alexarchambault/case-app_2.12/2.0.6/case-app_2.12-2.0.6.jar
2024.06.17 13:02:25 INFO  BSP server: Downloaded https://repo1.maven.org/maven2/io/monix/monix-tail_2.12/3.2.0/monix-tail_2.12-3.2.0.jar
2024.06.17 13:02:25 INFO  BSP server: Downloading https://repo1.maven.org/maven2/com/eed3si9n/sjson-new-murmurhash_2.12/0.9.1/sjson-new-murmurhash_2.12-0.9.1.jar
2024.06.17 13:02:25 INFO  BSP server: Downloaded https://repo1.maven.org/maven2/com/github/alexarchambault/case-app_2.12/2.0.6/case-app_2.12-2.0.6.jar
2024.06.17 13:02:25 INFO  BSP server: Downloading https://repo1.maven.org/maven2/com/eed3si9n/shaded-jawn-parser_2.12/0.9.1/shaded-jawn-parser_2.12-0.9.1.jar
2024.06.17 13:02:25 INFO  BSP server: Downloaded https://repo1.maven.org/maven2/org/scalameta/parsers_2.12/4.9.5/parsers_2.12-4.9.5.jar
2024.06.17 13:02:25 INFO  BSP server: Downloading https://repo1.maven.org/maven2/org/scala-sbt/librarymanagement-core_2.12/1.10.0/librarymanagement-core_2.12-1.10.0.jar
2024.06.17 13:02:25 INFO  BSP server: Downloaded https://repo1.maven.org/maven2/io/monix/monix-eval_2.12/3.2.0/monix-eval_2.12-3.2.0.jar
2024.06.17 13:02:25 INFO  BSP server: Downloading https://repo1.maven.org/maven2/org/apache/logging/log4j/log4j-api/2.23.0/log4j-api-2.23.0.jar
2024.06.17 13:02:26 INFO  BSP server: Downloaded https://repo1.maven.org/maven2/com/eed3si9n/sjson-new-murmurhash_2.12/0.9.1/sjson-new-murmurhash_2.12-0.9.1.jar
2024.06.17 13:02:26 INFO  BSP server: Downloading https://repo1.maven.org/maven2/org/apache/commons/commons-lang3/3.14.0/commons-lang3-3.14.0.jar
2024.06.17 13:02:26 INFO  BSP server: Downloaded https://repo1.maven.org/maven2/com/eed3si9n/shaded-jawn-parser_2.12/0.9.1/shaded-jawn-parser_2.12-0.9.1.jar
2024.06.17 13:02:26 INFO  BSP server: Downloading https://repo1.maven.org/maven2/org/scalaz/scalaz-core_2.12/7.3.8/scalaz-core_2.12-7.3.8.jar
2024.06.17 13:02:28 INFO  BSP server: Downloaded https://repo1.maven.org/maven2/org/apache/logging/log4j/log4j-api/2.23.0/log4j-api-2.23.0.jar
2024.06.17 13:02:28 INFO  BSP server: Downloading https://repo1.maven.org/maven2/org/jline/jline-terminal-jna/3.24.1/jline-terminal-jna-3.24.1.jar
2024.06.17 13:02:28 INFO  BSP server: Downloaded https://repo1.maven.org/maven2/org/scala-sbt/librarymanagement-core_2.12/1.10.0/librarymanagement-core_2.12-1.10.0.jar
2024.06.17 13:02:28 INFO  BSP server: Downloading https://repo1.maven.org/maven2/ch/epfl/scala/bsp4s_2.12/2.1.1/bsp4s_2.12-2.1.1.jar
2024.06.17 13:02:29 INFO  BSP server: Downloaded https://repo1.maven.org/maven2/org/jline/jline-terminal-jna/3.24.1/jline-terminal-jna-3.24.1.jar
2024.06.17 13:02:29 INFO  BSP server: Downloading https://repo1.maven.org/maven2/org/scala-sbt/zinc-apiinfo_2.12/1.10.0/zinc-apiinfo_2.12-1.10.0.jar
2024.06.17 13:02:29 INFO  BSP server: Downloaded https://repo1.maven.org/maven2/org/apache/logging/log4j/log4j-core/2.23.0/log4j-core-2.23.0.jar
2024.06.17 13:02:29 INFO  BSP server: Downloading https://repo1.maven.org/maven2/org/typelevel/cats-kernel_2.12/2.1.1/cats-kernel_2.12-2.1.1.jar
2024.06.17 13:02:30 INFO  BSP server: Downloaded https://repo1.maven.org/maven2/org/apache/commons/commons-lang3/3.14.0/commons-lang3-3.14.0.jar
2024.06.17 13:02:30 INFO  BSP server: Downloading https://repo1.maven.org/maven2/net/java/dev/jna/jna-platform/5.13.0/jna-platform-5.13.0.jar
2024.06.17 13:02:30 INFO  BSP server: Downloaded https://repo1.maven.org/maven2/org/scala-sbt/zinc-apiinfo_2.12/1.10.0/zinc-apiinfo_2.12-1.10.0.jar
2024.06.17 13:02:30 INFO  BSP server: Downloading https://repo1.maven.org/maven2/com/eed3si9n/gigahorse-apache-http_2.12/0.7.0/gigahorse-apache-http_2.12-0.7.0.jar
2024.06.17 13:02:32 INFO  BSP server: Downloaded https://repo1.maven.org/maven2/ch/epfl/scala/bsp4s_2.12/2.1.1/bsp4s_2.12-2.1.1.jar
2024.06.17 13:02:32 INFO  BSP server: Downloading https://repo1.maven.org/maven2/net/jpountz/lz4/lz4/1.3.0/lz4-1.3.0.jar
2024.06.17 13:02:32 INFO  BSP server: Downloaded https://repo1.maven.org/maven2/com/eed3si9n/gigahorse-apache-http_2.12/0.7.0/gigahorse-apache-http_2.12-0.7.0.jar
2024.06.17 13:02:32 INFO  BSP server: Downloading https://repo1.maven.org/maven2/com/eed3si9n/sjson-new-scalajson_2.12/0.9.1/sjson-new-scalajson_2.12-0.9.1.jar
2024.06.17 13:02:33 INFO  BSP server: Downloaded https://repo1.maven.org/maven2/net/jpountz/lz4/lz4/1.3.0/lz4-1.3.0.jar
2024.06.17 13:02:33 INFO  BSP server: Downloading https://repo1.maven.org/maven2/org/scala-lang/scala-reflect/2.12.19/scala-reflect-2.12.19.jar
2024.06.17 13:02:33 INFO  BSP server: Downloaded https://repo1.maven.org/maven2/com/eed3si9n/sjson-new-scalajson_2.12/0.9.1/sjson-new-scalajson_2.12-0.9.1.jar
2024.06.17 13:02:33 INFO  BSP server: Downloading https://repo1.maven.org/maven2/com/chuusai/shapeless_2.12/2.3.3/shapeless_2.12-2.3.3.jar
2024.06.17 13:02:33 INFO  BSP server: Downloaded https://repo1.maven.org/maven2/io/reactivex/rxjava2/rxjava/2.2.21/rxjava-2.2.21.jar
2024.06.17 13:02:33 INFO  BSP server: Downloading https://repo1.maven.org/maven2/org/scala-sbt/zinc-persist_2.12/1.10.0/zinc-persist_2.12-1.10.0.jar
2024.06.17 13:02:35 INFO  BSP server: Downloaded https://repo1.maven.org/maven2/net/java/dev/jna/jna-platform/5.13.0/jna-platform-5.13.0.jar
2024.06.17 13:02:35 INFO  BSP server: Downloading https://repo1.maven.org/maven2/com/github/plokhotnyuk/jsoniter-scala/jsoniter-scala-core_2.12/2.13.5/jsoniter-scala-core_2.12-2.13.5.jar
2024.06.17 13:02:35 INFO  BSP server: Downloaded https://repo1.maven.org/maven2/org/scala-sbt/zinc-persist_2.12/1.10.0/zinc-persist_2.12-1.10.0.jar
2024.06.17 13:02:35 INFO  BSP server: Downloading https://repo1.maven.org/maven2/org/scala-sbt/compiler-bridge_2.12/1.10.0/compiler-bridge_2.12-1.10.0.jar
2024.06.17 13:02:36 INFO  BSP server: Downloaded https://repo1.maven.org/maven2/com/github/plokhotnyuk/jsoniter-scala/jsoniter-scala-core_2.12/2.13.5/jsoniter-scala-core_2.12-2.13.5.jar
2024.06.17 13:02:36 INFO  BSP server: Downloading https://repo1.maven.org/maven2/com/eed3si9n/shaded-scalajson_2.12/1.0.0-M4/shaded-scalajson_2.12-1.0.0-M4.jar
2024.06.17 13:02:37 INFO  BSP server: Downloaded https://repo1.maven.org/maven2/com/eed3si9n/shaded-scalajson_2.12/1.0.0-M4/shaded-scalajson_2.12-1.0.0-M4.jar
2024.06.17 13:02:37 INFO  BSP server: Downloading https://repo1.maven.org/maven2/com/eed3si9n/gigahorse-core_2.12/0.7.0/gigahorse-core_2.12-0.7.0.jar
2024.06.17 13:02:37 INFO  BSP server: Downloaded https://repo1.maven.org/maven2/org/scala-sbt/compiler-bridge_2.12/1.10.0/compiler-bridge_2.12-1.10.0.jar
2024.06.17 13:02:37 INFO  BSP server: Downloading https://repo1.maven.org/maven2/com/github/alexarchambault/case-app-util_2.12/2.0.6/case-app-util_2.12-2.0.6.jar
2024.06.17 13:02:38 INFO  BSP server: Downloaded https://repo1.maven.org/maven2/com/eed3si9n/gigahorse-core_2.12/0.7.0/gigahorse-core_2.12-0.7.0.jar
2024.06.17 13:02:38 INFO  BSP server: Downloading https://repo1.maven.org/maven2/io/monix/monix_2.12/3.2.0/monix_2.12-3.2.0.jar
2024.06.17 13:02:38 INFO  BSP server: Downloaded https://repo1.maven.org/maven2/com/github/alexarchambault/case-app-util_2.12/2.0.6/case-app-util_2.12-2.0.6.jar
2024.06.17 13:02:38 INFO  BSP server: Downloading https://repo1.maven.org/maven2/com/eed3si9n/sjson-new-core_2.12/0.9.1/sjson-new-core_2.12-0.9.1.jar
2024.06.17 13:02:38 INFO  BSP server: Downloaded https://repo1.maven.org/maven2/io/monix/monix_2.12/3.2.0/monix_2.12-3.2.0.jar
2024.06.17 13:02:38 INFO  BSP server: Downloading https://repo1.maven.org/maven2/com/github/alexarchambault/case-app-annotations_2.12/2.0.6/case-app-annotations_2.12-2.0.6.jar
2024.06.17 13:02:41 INFO  BSP server: Downloaded https://repo1.maven.org/maven2/com/github/alexarchambault/case-app-annotations_2.12/2.0.6/case-app-annotations_2.12-2.0.6.jar
2024.06.17 13:02:41 INFO  BSP server: Downloading https://repo1.maven.org/maven2/org/jline/jline-terminal/3.24.1/jline-terminal-3.24.1.jar
2024.06.17 13:02:43 INFO  BSP server: Downloaded https://repo1.maven.org/maven2/org/scala-lang/scala-reflect/2.12.19/scala-reflect-2.12.19.jar
2024.06.17 13:02:43 INFO  BSP server: Downloading https://repo1.maven.org/maven2/com/google/errorprone/error_prone_annotations/2.27.0/error_prone_annotations-2.27.0.jar
2024.06.17 13:02:43 INFO  BSP server: Downloaded https://repo1.maven.org/maven2/org/jline/jline-terminal/3.24.1/jline-terminal-3.24.1.jar
2024.06.17 13:02:43 INFO  BSP server: Downloading https://repo1.maven.org/maven2/org/scala-lang/scala-library/2.12.19/scala-library-2.12.19.jar
2024.06.17 13:02:43 INFO  BSP server: Downloaded https://repo1.maven.org/maven2/com/chuusai/shapeless_2.12/2.3.3/shapeless_2.12-2.3.3.jar
2024.06.17 13:02:43 INFO  BSP server: Downloading https://repo1.maven.org/maven2/ch/epfl/scala/directory-watcher/0.8.0+6-f651bd93/directory-watcher-0.8.0+6-f651bd93.jar
2024.06.17 13:02:43 INFO  BSP server: Downloaded https://repo1.maven.org/maven2/com/google/errorprone/error_prone_annotations/2.27.0/error_prone_annotations-2.27.0.jar
2024.06.17 13:02:43 INFO  BSP server: Downloading https://repo1.maven.org/maven2/com/eed3si9n/shaded-apache-httpasyncclient/0.7.0/shaded-apache-httpasyncclient-0.7.0.jar
2024.06.17 13:02:45 INFO  BSP server: Downloaded https://repo1.maven.org/maven2/ch/epfl/scala/directory-watcher/0.8.0+6-f651bd93/directory-watcher-0.8.0+6-f651bd93.jar
2024.06.17 13:02:45 INFO  BSP server: Downloading https://repo1.maven.org/maven2/org/ow2/asm/asm-tree/9.7/asm-tree-9.7.jar
2024.06.17 13:02:45 INFO  BSP server: Downloaded https://repo1.maven.org/maven2/com/eed3si9n/sjson-new-core_2.12/0.9.1/sjson-new-core_2.12-0.9.1.jar
2024.06.17 13:02:45 INFO  BSP server: Downloading https://repo1.maven.org/maven2/org/slf4j/slf4j-api/2.0.7/slf4j-api-2.0.7.jar
2024.06.17 13:02:45 INFO  BSP server: Downloaded https://repo1.maven.org/maven2/org/typelevel/cats-kernel_2.12/2.1.1/cats-kernel_2.12-2.1.1.jar
2024.06.17 13:02:45 INFO  BSP server: Downloading https://repo1.maven.org/maven2/com/outr/moduload_2.12/1.1.5/moduload_2.12-1.1.5.jar
2024.06.17 13:02:45 INFO  BSP server: Downloaded https://repo1.maven.org/maven2/org/ow2/asm/asm-tree/9.7/asm-tree-9.7.jar
2024.06.17 13:02:45 INFO  BSP server: Downloading https://repo1.maven.org/maven2/org/scala-sbt/zinc-core_2.12/1.10.0/zinc-core_2.12-1.10.0.jar
2024.06.17 13:02:46 INFO  BSP server: Downloaded https://repo1.maven.org/maven2/org/slf4j/slf4j-api/2.0.7/slf4j-api-2.0.7.jar
2024.06.17 13:02:46 INFO  BSP server: Downloading https://repo1.maven.org/maven2/io/zipkin/brave/brave/5.18.1/brave-5.18.1.jar
2024.06.17 13:02:46 INFO  BSP server: Downloaded https://repo1.maven.org/maven2/com/outr/moduload_2.12/1.1.5/moduload_2.12-1.1.5.jar
2024.06.17 13:02:46 INFO  BSP server: Downloading https://repo1.maven.org/maven2/org/scala-sbt/zinc-classfile_2.12/1.10.0/zinc-classfile_2.12-1.10.0.jar
2024.06.17 13:02:47 INFO  BSP server: Downloaded https://repo1.maven.org/maven2/org/scala-sbt/zinc-core_2.12/1.10.0/zinc-core_2.12-1.10.0.jar
2024.06.17 13:02:47 INFO  BSP server: Downloading https://repo1.maven.org/maven2/com/lmax/disruptor/3.4.2/disruptor-3.4.2.jar
2024.06.17 13:02:47 INFO  BSP server: Downloaded https://repo1.maven.org/maven2/org/scala-sbt/zinc-classfile_2.12/1.10.0/zinc-classfile_2.12-1.10.0.jar
2024.06.17 13:02:47 INFO  BSP server: Downloading https://repo1.maven.org/maven2/org/jline/jline-native/3.24.1/jline-native-3.24.1.jar
2024.06.17 13:02:47 INFO  BSP server: Downloaded https://repo1.maven.org/maven2/com/eed3si9n/shaded-apache-httpasyncclient/0.7.0/shaded-apache-httpasyncclient-0.7.0.jar
2024.06.17 13:02:47 INFO  BSP server: Downloading https://repo1.maven.org/maven2/org/scala-sbt/zinc-persist-core-assembly/1.10.0/zinc-persist-core-assembly-1.10.0.jar
2024.06.17 13:02:48 INFO  BSP server: Downloaded https://repo1.maven.org/maven2/io/zipkin/brave/brave/5.18.1/brave-5.18.1.jar
2024.06.17 13:02:48 INFO  BSP server: Downloading https://repo1.maven.org/maven2/org/scala-sbt/zinc-compile-core_2.12/1.10.0/zinc-compile-core_2.12-1.10.0.jar
2024.06.17 13:02:48 INFO  BSP server: Downloaded https://repo1.maven.org/maven2/com/lmax/disruptor/3.4.2/disruptor-3.4.2.jar
2024.06.17 13:02:48 INFO  BSP server: Downloading https://repo1.maven.org/maven2/org/scala-lang/scala-compiler/2.12.19/scala-compiler-2.12.19.jar
2024.06.17 13:02:50 ERROR Timeout waiting for 'build/initialize' response
2024.06.17 13:02:50 WARN  Retrying connection to the build server scala-cli
2024.06.17 13:02:50 INFO  Running BSP server List(C:\Users\tharu\AppData\Local\Coursier\data\bin\.scala-cli.aux.exe, bsp, --json-options, C:\Users\tharu\Desktop\scala\scala\.scala-build\ide-options-v2.json, --json-launcher-options, C:\Users\tharu\Desktop\scala\scala\.scala-build\ide-launcher-options.json, --envs-file, C:\Users\tharu\Desktop\scala\scala\.scala-build\ide-envs.json, C:\Users\tharu\Desktop\scala\scala)
2024.06.17 13:02:50 INFO  tracing is disabled for protocol BSP, to enable tracing of incoming and outgoing JSON messages create an empty file at C:\Users\tharu\Desktop\scala\scala\.metals\bsp.trace.json or C:\Users\tharu\AppData\Local\scalameta\metals\cache\bsp.trace.json
2024.06.17 13:02:51 INFO  BSP server: Downloading https://repo1.maven.org/maven2/org/scala-lang/scala-library/2.12.19/scala-library-2.12.19.jar
2024.06.17 13:02:51 INFO  BSP server: Downloading https://repo1.maven.org/maven2/org/typelevel/cats-effect_2.12/2.1.3/cats-effect_2.12-2.1.3.jar
2024.06.17 13:02:51 INFO  BSP server: Downloading https://repo1.maven.org/maven2/org/scala-sbt/zinc-compile-core_2.12/1.10.0/zinc-compile-core_2.12-1.10.0.jar
2024.06.17 13:02:51 INFO  BSP server: Downloading https://repo1.maven.org/maven2/org/scala-lang/scala-compiler/2.12.19/scala-compiler-2.12.19.jar
2024.06.17 13:02:51 INFO  BSP server: Downloading https://repo1.maven.org/maven2/com/google/code/gson/gson/2.11.0/gson-2.11.0.jar
2024.06.17 13:02:51 INFO  BSP server: Downloading https://repo1.maven.org/maven2/org/scala-sbt/util-logging_2.12/1.10.0/util-logging_2.12-1.10.0.jar
2024.06.17 13:02:57 INFO  BSP server: Downloaded https://repo1.maven.org/maven2/org/scala-sbt/util-logging_2.12/1.10.0/util-logging_2.12-1.10.0.jar
2024.06.17 13:02:57 INFO  BSP server: Downloading https://repo1.maven.org/maven2/org/scalaz/scalaz-core_2.12/7.3.8/scalaz-core_2.12-7.3.8.jar
2024.06.17 13:02:57 INFO  BSP server: Downloaded https://repo1.maven.org/maven2/org/scala-sbt/zinc-compile-core_2.12/1.10.0/zinc-compile-core_2.12-1.10.0.jar
2024.06.17 13:02:57 INFO  BSP server: Downloading https://repo1.maven.org/maven2/org/scala-sbt/zinc-persist-core-assembly/1.10.0/zinc-persist-core-assembly-1.10.0.jar
2024.06.17 13:02:58 INFO  BSP server: Downloaded https://repo1.maven.org/maven2/com/google/code/gson/gson/2.11.0/gson-2.11.0.jar
2024.06.17 13:02:58 INFO  BSP server: Downloading https://repo1.maven.org/maven2/io/monix/monix-java_2.12/3.2.0/monix-java_2.12-3.2.0.jar
2024.06.17 13:02:59 INFO  BSP server: Downloaded https://repo1.maven.org/maven2/io/monix/monix-java_2.12/3.2.0/monix-java_2.12-3.2.0.jar
2024.06.17 13:02:59 INFO  BSP server: Downloading https://repo1.maven.org/maven2/io/monix/monix-catnap_2.12/3.2.0/monix-catnap_2.12-3.2.0.jar
2024.06.17 13:02:59 INFO  BSP server: Downloaded https://repo1.maven.org/maven2/org/typelevel/cats-effect_2.12/2.1.3/cats-effect_2.12-2.1.3.jar
2024.06.17 13:02:59 INFO  BSP server: Downloading https://repo1.maven.org/maven2/io/github/alexarchambault/bleep/bloop-shared_2.12/1.5.17-sc-2/bloop-shared_2.12-1.5.17-sc-2.jar
2024.06.17 13:03:00 INFO  BSP server: Downloaded https://repo1.maven.org/maven2/org/scalaz/scalaz-core_2.12/7.3.8/scalaz-core_2.12-7.3.8.jar
2024.06.17 13:03:00 INFO  BSP server: Downloading https://repo1.maven.org/maven2/org/scalameta/trees_2.12/4.9.5/trees_2.12-4.9.5.jar
2024.06.17 13:03:00 INFO  BSP server: Downloaded https://repo1.maven.org/maven2/io/github/alexarchambault/bleep/bloop-shared_2.12/1.5.17-sc-2/bloop-shared_2.12-1.5.17-sc-2.jar
2024.06.17 13:03:00 INFO  BSP server: Downloading https://repo1.maven.org/maven2/org/scala-sbt/ivy/ivy/2.3.0-sbt-396a783bba347016e7fe30dacc60d355be607fe2/ivy-2.3.0-sbt-396a783bba347016e7fe30dacc60d355be607fe2.jar
2024.06.17 13:03:00 INFO  BSP server: Downloaded https://repo1.maven.org/maven2/io/monix/monix-catnap_2.12/3.2.0/monix-catnap_2.12-3.2.0.jar
2024.06.17 13:03:00 INFO  BSP server: Downloading https://repo1.maven.org/maven2/io/get-coursier/interface/1.0.13/interface-1.0.13.jar
2024.06.17 13:03:02 INFO  BSP server: Downloaded https://repo1.maven.org/maven2/org/scala-lang/scala-library/2.12.19/scala-library-2.12.19.jar
2024.06.17 13:03:02 INFO  BSP server: Downloading https://repo1.maven.org/maven2/org/scala-sbt/util-control_2.12/1.10.0/util-control_2.12-1.10.0.jar
2024.06.17 13:03:02 INFO  BSP server: Downloaded https://repo1.maven.org/maven2/org/scala-sbt/util-control_2.12/1.10.0/util-control_2.12-1.10.0.jar
2024.06.17 13:03:02 INFO  BSP server: Downloading https://repo1.maven.org/maven2/org/jline/jline-terminal-jansi/3.24.1/jline-terminal-jansi-3.24.1.jar
2024.06.17 13:03:04 INFO  BSP server: Downloaded https://repo1.maven.org/maven2/org/jline/jline-terminal-jansi/3.24.1/jline-terminal-jansi-3.24.1.jar
2024.06.17 13:03:04 INFO  BSP server: Downloading https://repo1.maven.org/maven2/org/scala-sbt/util-interface/1.10.0/util-interface-1.10.0.jar
2024.06.17 13:03:04 INFO  BSP server: Downloaded https://repo1.maven.org/maven2/org/scala-sbt/ivy/ivy/2.3.0-sbt-396a783bba347016e7fe30dacc60d355be607fe2/ivy-2.3.0-sbt-396a783bba347016e7fe30dacc60d355be607fe2.jar
2024.06.17 13:03:04 INFO  BSP server: Downloading https://repo1.maven.org/maven2/org/scalameta/common_2.12/4.9.5/common_2.12-4.9.5.jar
2024.06.17 13:03:04 INFO  BSP server: Downloaded https://repo1.maven.org/maven2/org/scala-sbt/util-interface/1.10.0/util-interface-1.10.0.jar
2024.06.17 13:03:04 INFO  BSP server: Downloading https://repo1.maven.org/maven2/org/jline/jline-native/3.24.1/jline-native-3.24.1.jar
2024.06.17 13:03:06 INFO  BSP server: Downloaded https://repo1.maven.org/maven2/org/scala-sbt/zinc-persist-core-assembly/1.10.0/zinc-persist-core-assembly-1.10.0.jar
2024.06.17 13:03:06 INFO  BSP server: Downloading https://repo1.maven.org/maven2/io/zipkin/reporter2/zipkin-sender-urlconnection/2.17.2/zipkin-sender-urlconnection-2.17.2.jar
2024.06.17 13:03:09 INFO  BSP server: Downloaded https://repo1.maven.org/maven2/org/jline/jline-native/3.24.1/jline-native-3.24.1.jar
2024.06.17 13:03:09 INFO  BSP server: Downloading https://repo1.maven.org/maven2/net/openhft/zero-allocation-hashing/0.16/zero-allocation-hashing-0.16.jar
2024.06.17 13:03:12 INFO  BSP server: Downloaded https://repo1.maven.org/maven2/io/zipkin/reporter2/zipkin-sender-urlconnection/2.17.2/zipkin-sender-urlconnection-2.17.2.jar
2024.06.17 13:03:12 INFO  BSP server: Downloading https://repo1.maven.org/maven2/org/scala-sbt/sbinary_2.12/0.5.1/sbinary_2.12-0.5.1.jar
2024.06.17 13:03:15 INFO  BSP server: Downloaded https://repo1.maven.org/maven2/net/openhft/zero-allocation-hashing/0.16/zero-allocation-hashing-0.16.jar
2024.06.17 13:03:15 INFO  BSP server: Downloading https://repo1.maven.org/maven2/org/scala-lang/modules/scala-xml_2.12/2.3.0/scala-xml_2.12-2.3.0.jar
2024.06.17 13:03:17 INFO  BSP server: Downloaded https://repo1.maven.org/maven2/org/scala-sbt/sbinary_2.12/0.5.1/sbinary_2.12-0.5.1.jar
2024.06.17 13:03:17 INFO  BSP server: Downloading https://repo1.maven.org/maven2/org/fusesource/jansi/jansi/2.4.1/jansi-2.4.1.jar
2024.06.17 13:03:22 INFO  BSP server: Downloaded https://repo1.maven.org/maven2/org/fusesource/jansi/jansi/2.4.1/jansi-2.4.1.jar
2024.06.17 13:03:22 INFO  BSP server: Downloading https://repo1.maven.org/maven2/org/scala-lang/modules/scala-collection-compat_2.12/2.12.0/scala-collection-compat_2.12-2.12.0.jar
2024.06.17 13:03:25 INFO  BSP server: Downloaded https://repo1.maven.org/maven2/org/scalameta/common_2.12/4.9.5/common_2.12-4.9.5.jar
2024.06.17 13:03:25 INFO  BSP server: Downloading https://repo1.maven.org/maven2/com/typesafe/ssl-config-core_2.12/0.6.1/ssl-config-core_2.12-0.6.1.jar
2024.06.17 13:03:25 INFO  BSP server: Downloaded https://repo1.maven.org/maven2/org/scala-lang/modules/scala-collection-compat_2.12/2.12.0/scala-collection-compat_2.12-2.12.0.jar
2024.06.17 13:03:25 INFO  BSP server: Downloading https://repo1.maven.org/maven2/io/github/alexarchambault/libdaemon/libdaemon_2.12/0.0.11/libdaemon_2.12-0.0.11.jar
2024.06.17 13:03:26 INFO  BSP server: Downloaded https://repo1.maven.org/maven2/org/scala-lang/modules/scala-xml_2.12/2.3.0/scala-xml_2.12-2.3.0.jar
2024.06.17 13:03:26 INFO  BSP server: Downloading https://repo1.maven.org/maven2/org/scala-sbt/zinc-classpath_2.12/1.10.0/zinc-classpath_2.12-1.10.0.jar
2024.06.17 13:03:26 INFO  BSP server: Downloaded https://repo1.maven.org/maven2/io/github/alexarchambault/libdaemon/libdaemon_2.12/0.0.11/libdaemon_2.12-0.0.11.jar
2024.06.17 13:03:26 INFO  BSP server: Downloading https://repo1.maven.org/maven2/io/github/alexarchambault/bleep/nailgun-server/1.0.7/nailgun-server-1.0.7.jar
2024.06.17 13:03:26 INFO  BSP server: Downloaded https://repo1.maven.org/maven2/com/typesafe/ssl-config-core_2.12/0.6.1/ssl-config-core_2.12-0.6.1.jar
2024.06.17 13:03:26 INFO  BSP server: Downloading https://repo1.maven.org/maven2/io/monix/monix-execution_2.12/3.2.0/monix-execution_2.12-3.2.0.jar
2024.06.17 13:03:28 INFO  BSP server: Downloaded https://repo1.maven.org/maven2/org/scala-sbt/zinc-classpath_2.12/1.10.0/zinc-classpath_2.12-1.10.0.jar
2024.06.17 13:03:28 INFO  BSP server: Downloading https://repo1.maven.org/maven2/ch/qos/logback/logback-core/1.4.14/logback-core-1.4.14.jar
2024.06.17 13:03:28 INFO  BSP server: Downloaded https://repo1.maven.org/maven2/io/github/alexarchambault/bleep/nailgun-server/1.0.7/nailgun-server-1.0.7.jar
2024.06.17 13:03:28 INFO  BSP server: Downloading https://repo1.maven.org/maven2/com/lihaoyi/pprint_2.12/0.9.0/pprint_2.12-0.9.0.jar
2024.06.17 13:03:30 INFO  BSP server: Downloaded https://repo1.maven.org/maven2/com/lihaoyi/pprint_2.12/0.9.0/pprint_2.12-0.9.0.jar
2024.06.17 13:03:30 INFO  BSP server: Downloading https://repo1.maven.org/maven2/org/scala-sbt/librarymanagement-ivy_2.12/1.10.0/librarymanagement-ivy_2.12-1.10.0.jar
2024.06.17 13:03:30 INFO  BSP server: Downloaded https://repo1.maven.org/maven2/io/monix/monix-execution_2.12/3.2.0/monix-execution_2.12-3.2.0.jar
2024.06.17 13:03:30 INFO  BSP server: Downloading https://repo1.maven.org/maven2/org/reactivestreams/reactive-streams/1.0.4/reactive-streams-1.0.4.jar
2024.06.17 13:03:31 INFO  BSP server: Downloaded https://repo1.maven.org/maven2/org/reactivestreams/reactive-streams/1.0.4/reactive-streams-1.0.4.jar
2024.06.17 13:03:31 INFO  BSP server: Downloading https://repo1.maven.org/maven2/ch/qos/logback/logback-classic/1.4.14/logback-classic-1.4.14.jar
2024.06.17 13:03:31 INFO  BSP server: Downloaded https://repo1.maven.org/maven2/ch/qos/logback/logback-core/1.4.14/logback-core-1.4.14.jar
2024.06.17 13:03:31 INFO  BSP server: Downloaded https://repo1.maven.org/maven2/org/scala-sbt/librarymanagement-ivy_2.12/1.10.0/librarymanagement-ivy_2.12-1.10.0.jar
2024.06.17 13:03:33 INFO  BSP server: Downloaded https://repo1.maven.org/maven2/ch/qos/logback/logback-classic/1.4.14/logback-classic-1.4.14.jar
2024.06.17 13:03:34 INFO  BSP server: Downloaded https://repo1.maven.org/maven2/org/scalameta/trees_2.12/4.9.5/trees_2.12-4.9.5.jar
2024.06.17 13:03:35 INFO  BSP server: Downloaded https://repo1.maven.org/maven2/org/scala-lang/scala-compiler/2.12.19/scala-compiler-2.12.19.jar
2024.06.17 13:03:37 INFO  BSP server: Downloaded https://repo1.maven.org/maven2/io/get-coursier/interface/1.0.13/interface-1.0.13.jar
2024.06.17 13:03:37 INFO  BSP server: Starting compilation server
2024.06.17 13:03:45 INFO  BSP server: Downloading https://repo1.maven.org/maven2/org/scala-lang/scala3-sbt-bridge/3.4.2/scala3-sbt-bridge-3.4.2.pom
2024.06.17 13:03:46 INFO  BSP server: Downloaded https://repo1.maven.org/maven2/org/scala-lang/scala3-sbt-bridge/3.4.2/scala3-sbt-bridge-3.4.2.pom
2024.06.17 13:03:46 INFO  BSP server: Downloading https://repo1.maven.org/maven2/org/scala-lang/scala3-sbt-bridge/3.4.2/scala3-sbt-bridge-3.4.2.jar
2024.06.17 13:03:46 INFO  BSP server: Downloaded https://repo1.maven.org/maven2/org/scala-lang/scala3-sbt-bridge/3.4.2/scala3-sbt-bridge-3.4.2.jar
2024.06.17 13:03:46 INFO  BSP server: Downloading https://repo1.maven.org/maven2/org/scala-lang/scala-library/2.13.12/scala-library-2.13.12-sources.jar
2024.06.17 13:03:48 INFO  BSP server: Downloaded https://repo1.maven.org/maven2/org/scala-lang/scala-library/2.13.12/scala-library-2.13.12-sources.jar
2024.06.17 13:03:48 INFO  BSP server: Downloading https://repo1.maven.org/maven2/com/sourcegraph/semanticdb-javac/0.7.4/semanticdb-javac-0.7.4.pom
2024.06.17 13:03:48 INFO  BSP server: Downloaded https://repo1.maven.org/maven2/com/sourcegraph/semanticdb-javac/0.7.4/semanticdb-javac-0.7.4.pom
2024.06.17 13:03:48 INFO  BSP server: Downloading https://repo1.maven.org/maven2/com/sourcegraph/semanticdb-javac/0.7.4/semanticdb-javac-0.7.4.jar
2024.06.17 13:03:50 ERROR Timeout waiting for 'build/initialize' response
2024.06.17 13:03:50 WARN  Retrying connection to the build server scala-cli
2024.06.17 13:03:50 INFO  Running BSP server List(C:\Users\tharu\AppData\Local\Coursier\data\bin\.scala-cli.aux.exe, bsp, --json-options, C:\Users\tharu\Desktop\scala\scala\.scala-build\ide-options-v2.json, --json-launcher-options, C:\Users\tharu\Desktop\scala\scala\.scala-build\ide-launcher-options.json, --envs-file, C:\Users\tharu\Desktop\scala\scala\.scala-build\ide-envs.json, C:\Users\tharu\Desktop\scala\scala)
2024.06.17 13:03:50 INFO  tracing is disabled for protocol BSP, to enable tracing of incoming and outgoing JSON messages create an empty file at C:\Users\tharu\Desktop\scala\scala\.metals\bsp.trace.json or C:\Users\tharu\AppData\Local\scalameta\metals\cache\bsp.trace.json
2024.06.17 13:03:55 INFO  BSP server: Downloading https://repo1.maven.org/maven2/com/sourcegraph/semanticdb-javac/0.7.4/semanticdb-javac-0.7.4.jar
2024.06.17 13:03:59 INFO  BSP server: Downloaded https://repo1.maven.org/maven2/com/sourcegraph/semanticdb-javac/0.7.4/semanticdb-javac-0.7.4.jar
2024.06.17 13:03:59 INFO  time: Connected to build server in 2m9s
2024.06.17 13:03:59 INFO  Connected to Build server: scala-cli v1.3.2
2024.06.17 13:04:00 INFO  time: Imported build in 0.59s
2024.06.17 13:04:00 INFO  compiling scala_f4dd477a3a (1 scala source)
2024.06.17 13:04:07 INFO  time: compiled scala_f4dd477a3a in 6.72s
2024.06.17 13:04:30 INFO  time: indexed workspace in 30s
Jun 17, 2024 1:05:21 PM org.eclipse.lsp4j.jsonrpc.services.GenericEndpoint notify
INFO: Unsupported notification method: $/setTrace
2024.06.17 14:23:14 INFO  compiling scala_f4dd477a3a (1 scala source)
2024.06.17 14:23:15 INFO  time: compiled scala_f4dd477a3a in 1.03s
2024.06.17 17:59:53 INFO  Shutting down server
2024.06.17 17:59:53 INFO  shutting down Metals
2024.06.17 17:59:53 INFO  Shut down connection with build server.
2024.06.17 17:59:53 INFO  Exiting server
2024.06.17 18:55:57 INFO  Started: Metals version 1.3.1 in folders 'C:\Users\tharu\Desktop\scala\scala' for client Visual Studio Code 1.90.1.
SLF4J(W): Class path contains multiple SLF4J providers.
SLF4J(W): Found provider [scribe.slf4j.ScribeServiceProvider@248be50d]
SLF4J(W): Found provider [ch.qos.logback.classic.spi.LogbackServiceProvider@5fbece2e]
SLF4J(W): See https://www.slf4j.org/codes.html#multiple_bindings for an explanation.
SLF4J(I): Actual provider is of type [scribe.slf4j.ScribeServiceProvider@248be50d]
2024.06.17 18:55:57 WARN  Flyway upgrade recommended: H2 2.2.224 is newer than this version of Flyway and support has not been tested. The latest supported version of H2 is 2.2.220.
2024.06.17 18:55:59 INFO  Attempting to connect to the build server...
2024.06.17 18:55:59 INFO  Running BSP server List(C:\Users\tharu\AppData\Local\Coursier\data\bin\.scala-cli.aux.exe, bsp, --json-options, C:\Users\tharu\Desktop\scala\scala\.scala-build\ide-options-v2.json, --json-launcher-options, C:\Users\tharu\Desktop\scala\scala\.scala-build\ide-launcher-options.json, --envs-file, C:\Users\tharu\Desktop\scala\scala\.scala-build\ide-envs.json, C:\Users\tharu\Desktop\scala\scala)
2024.06.17 18:55:59 INFO  tracing is disabled for protocol BSP, to enable tracing of incoming and outgoing JSON messages create an empty file at C:\Users\tharu\Desktop\scala\scala\.metals\bsp.trace.json or C:\Users\tharu\AppData\Local\scalameta\metals\cache\bsp.trace.json
2024.06.17 18:56:01 INFO  no build target found for C:\Users\tharu\Desktop\scala\scala\labsheet\labsheet01.scala. Using presentation compiler with project's scala-library version: 3.3.3
2024.06.17 18:56:01 INFO  BSP server: Starting compilation server
2024.06.17 18:56:05 INFO  time: Connected to build server in 6.29s
2024.06.17 18:56:05 INFO  Connected to Build server: scala-cli v1.3.2
2024.06.17 18:56:09 INFO  time: indexed workspace in 3.65s
2024.06.17 19:16:45 INFO  Shutting down server
2024.06.17 19:16:45 INFO  shutting down Metals
2024.06.17 19:16:45 INFO  Shut down connection with build server.
2024.06.17 19:16:45 INFO  BSP server: Jun 17, 2024 7:16:45 PM org.eclipse.lsp4j.jsonrpc.RemoteEndpoint handleNotification
2024.06.17 19:16:45 INFO  Exiting server
2024.06.24 11:20:10 INFO  Started: Metals version 1.3.2 in folders 'C:\Users\tharu\Desktop\scala\scala' for client Visual Studio Code 1.90.2.
SLF4J(W): Class path contains multiple SLF4J providers.
SLF4J(W): Found provider [scribe.slf4j.ScribeServiceProvider@483d05d7]
SLF4J(W): Found provider [ch.qos.logback.classic.spi.LogbackServiceProvider@4c1fa67f]
SLF4J(W): See https://www.slf4j.org/codes.html#multiple_bindings for an explanation.
SLF4J(I): Actual provider is of type [scribe.slf4j.ScribeServiceProvider@483d05d7]
2024.06.24 11:20:11 WARN  Flyway upgrade recommended: H2 2.2.224 is newer than this version of Flyway and support has not been tested. The latest supported version of H2 is 2.2.220.
2024.06.24 11:20:12 INFO  Attempting to connect to the build server...
2024.06.24 11:20:12 INFO  Running BSP server List(C:\Users\tharu\AppData\Local\Coursier\data\bin\.scala-cli.aux.exe, bsp, --json-options, C:\Users\tharu\Desktop\scala\scala\.scala-build\ide-options-v2.json, --json-launcher-options, C:\Users\tharu\Desktop\scala\scala\.scala-build\ide-launcher-options.json, --envs-file, C:\Users\tharu\Desktop\scala\scala\.scala-build\ide-envs.json, C:\Users\tharu\Desktop\scala\scala)
2024.06.24 11:20:13 INFO  tracing is disabled for protocol BSP, to enable tracing of incoming and outgoing JSON messages create an empty file at C:\Users\tharu\Desktop\scala\scala\.metals\bsp.trace.json or C:\Users\tharu\AppData\Local\scalameta\metals\cache\bsp.trace.json
2024.06.24 11:20:17 INFO  BSP server: Starting compilation server
2024.06.24 11:20:28 INFO  time: Connected to build server in 16s
2024.06.24 11:20:28 INFO  Connected to Build server: scala-cli v1.3.2
2024.06.24 11:20:29 INFO  time: Imported build in 0.29s
2024.06.24 11:20:30 INFO  compiling scala_f4dd477a3a (1 scala source)
2024.06.24 11:20:38 INFO  time: compiled scala_f4dd477a3a in 8.01s
2024.06.24 11:20:41 INFO  time: indexed workspace in 12s
2024.06.24 11:21:04 INFO  Shutting down server
2024.06.24 11:21:04 INFO  shutting down Metals
2024.06.24 11:21:04 INFO  Shut down connection with build server.
2024.06.24 11:21:04 INFO  BSP server: Jun 24, 2024 11:21:04 AM org.eclipse.lsp4j.jsonrpc.RemoteEndpoint handleNotification
2024.06.24 11:21:04 INFO  BSP server: WARNING: Notification threw an exception: {
2024.06.24 11:21:04 INFO  BSP server:   "jsonrpc": "2.0",
2024.06.24 11:21:04 INFO  Exiting server
2024.06.24 11:23:13 INFO  Started: Metals version 1.3.2 in folders 'C:\Users\tharu\Desktop\scala\scala' for client Visual Studio Code 1.90.2.
SLF4J(W): Class path contains multiple SLF4J providers.
SLF4J(W): Found provider [scribe.slf4j.ScribeServiceProvider@6c9b78e]
SLF4J(W): Found provider [ch.qos.logback.classic.spi.LogbackServiceProvider@6554246f]
SLF4J(W): See https://www.slf4j.org/codes.html#multiple_bindings for an explanation.
SLF4J(I): Actual provider is of type [scribe.slf4j.ScribeServiceProvider@6c9b78e]
2024.06.24 11:23:14 WARN  Flyway upgrade recommended: H2 2.2.224 is newer than this version of Flyway and support has not been tested. The latest supported version of H2 is 2.2.220.
2024.06.24 11:23:15 INFO  Attempting to connect to the build server...
2024.06.24 11:23:15 INFO  Running BSP server List(C:\Users\tharu\AppData\Local\Coursier\data\bin\.scala-cli.aux.exe, bsp, --json-options, C:\Users\tharu\Desktop\scala\scala\.scala-build\ide-options-v2.json, --json-launcher-options, C:\Users\tharu\Desktop\scala\scala\.scala-build\ide-launcher-options.json, --envs-file, C:\Users\tharu\Desktop\scala\scala\.scala-build\ide-envs.json, C:\Users\tharu\Desktop\scala\scala)
2024.06.24 11:23:16 INFO  tracing is disabled for protocol BSP, to enable tracing of incoming and outgoing JSON messages create an empty file at C:\Users\tharu\Desktop\scala\scala\.metals\bsp.trace.json or C:\Users\tharu\AppData\Local\scalameta\metals\cache\bsp.trace.json
2024.06.24 11:23:22 INFO  time: Connected to build server in 6.87s
2024.06.24 11:23:22 INFO  Connected to Build server: scala-cli v1.3.2
2024.06.24 11:23:22 INFO  time: Imported build in 0.1s
2024.06.24 11:23:28 INFO  time: indexed workspace in 5.88s
2024.06.24 11:24:10 INFO  Shutting down server
2024.06.24 11:24:10 INFO  shutting down Metals
2024.06.24 11:24:10 INFO  Shut down connection with build server.
2024.06.24 11:24:10 INFO  BSP server: Jun 24, 2024 11:24:10 AM org.eclipse.lsp4j.jsonrpc.RemoteEndpoint handleNotification
2024.06.24 11:24:10 INFO  Exiting server
2024.06.24 19:21:28 INFO  Started: Metals version 1.3.2 in folders 'C:\Users\tharu\Desktop\scala\scala' for client Visual Studio Code 1.90.2.
SLF4J(W): Class path contains multiple SLF4J providers.
SLF4J(W): Found provider [scribe.slf4j.ScribeServiceProvider@6d787775]
SLF4J(W): Found provider [ch.qos.logback.classic.spi.LogbackServiceProvider@184c4900]
SLF4J(W): See https://www.slf4j.org/codes.html#multiple_bindings for an explanation.
SLF4J(I): Actual provider is of type [scribe.slf4j.ScribeServiceProvider@6d787775]
2024.06.24 19:21:28 WARN  Flyway upgrade recommended: H2 2.2.224 is newer than this version of Flyway and support has not been tested. The latest supported version of H2 is 2.2.220.
2024.06.24 19:21:30 INFO  no build target found for C:\Users\tharu\Desktop\scala\scala\labsheet\labsheet02_Q1.scala. Using presentation compiler with project's scala-library version: 3.3.3
2024.06.24 19:21:31 INFO  Attempting to connect to the build server...
2024.06.24 19:21:31 INFO  Running BSP server List(C:\Users\tharu\AppData\Local\Coursier\data\bin\.scala-cli.aux.exe, bsp, --json-options, C:\Users\tharu\Desktop\scala\scala\.scala-build\ide-options-v2.json, --json-launcher-options, C:\Users\tharu\Desktop\scala\scala\.scala-build\ide-launcher-options.json, --envs-file, C:\Users\tharu\Desktop\scala\scala\.scala-build\ide-envs.json, C:\Users\tharu\Desktop\scala\scala)
2024.06.24 19:21:36 INFO  tracing is disabled for protocol BSP, to enable tracing of incoming and outgoing JSON messages create an empty file at C:\Users\tharu\Desktop\scala\scala\.metals\bsp.trace.json or C:\Users\tharu\AppData\Local\scalameta\metals\cache\bsp.trace.json
2024.06.24 19:21:38 INFO  BSP server: Starting compilation server
2024.06.24 19:21:49 INFO  time: Connected to build server in 18s
2024.06.24 19:21:49 INFO  Connected to Build server: scala-cli v1.3.2
2024.06.24 19:21:49 INFO  time: Imported build in 0.14s
2024.06.24 19:22:07 INFO  time: indexed workspace in 2.35s
Jun 24, 2024 7:24:28 PM org.eclipse.lsp4j.jsonrpc.services.GenericEndpoint notify
INFO: Unsupported notification method: $/setTrace
2024.06.24 19:25:36 INFO  compiling scala_f4dd477a3a (1 scala source)
2024.06.24 19:25:40 INFO  time: compiled scala_f4dd477a3a in 3.67s
2024.06.24 19:31:59 INFO  no build target found for C:\Users\tharu\Desktop\scala\scala\labsheet\labsheet02_Q2.scala. Using presentation compiler with project's scala-library version: 3.3.3
2024.06.24 19:31:59 INFO  no build target found for C:\Users\tharu\Desktop\scala\scala\labsheet\labsheet02_Q2.scala. Using presentation compiler with project's scala-library version: 3.3.3
2024.06.24 19:31:59 INFO  compiling scala_f4dd477a3a (1 scala source)
2024.06.24 19:31:59 INFO  time: compiled scala_f4dd477a3a in 0.11s
2024.06.24 19:32:00 WARN  Could not find semantic tokens for: file:///C:/Users/tharu/Desktop/scala/scala/labsheet/labsheet02_Q2.scala
2024.06.24 19:32:01 INFO  time: indexed workspace in 1.97s
2024.06.24 19:32:01 WARN  Could not find semantic tokens for: file:///C:/Users/tharu/Desktop/scala/scala/labsheet/labsheet02_Q2.scala
2024.06.24 19:32:05 WARN  Could not find semantic tokens for: file:///C:/Users/tharu/Desktop/scala/scala/labsheet/labsheet02_Q2.scala
2024.06.24 19:32:07 WARN  Could not find semantic tokens for: file:///C:/Users/tharu/Desktop/scala/scala/labsheet/labsheet02_Q2.scala
2024.06.24 19:32:26 WARN  Could not find semantic tokens for: file:///C:/Users/tharu/Desktop/scala/scala/labsheet/labsheet02_Q2.scala
2024.06.24 19:32:43 WARN  Could not find semantic tokens for: file:///C:/Users/tharu/Desktop/scala/scala/labsheet/labsheet02_Q2.scala
2024.06.24 19:36:16 INFO  compiling scala_f4dd477a3a (1 scala source)
2024.06.24 19:36:16 INFO  time: compiled scala_f4dd477a3a in 0.31s
Jun 24, 2024 7:38:46 PM org.eclipse.lsp4j.jsonrpc.RemoteEndpoint handleCancellation
WARNING: Unmatched cancel notification for request id 513
2024.06.24 19:41:21 INFO  compiling scala_f4dd477a3a (1 scala source)
2024.06.24 19:41:21 INFO  time: compiled scala_f4dd477a3a in 0.3s
2024.06.24 19:44:42 ERROR Failed to tokenize input for semantic tokens for C:\Users\tharu\Desktop\scala\scala\labsheet\labsheet02_Q2.scala
scala.meta.tokenizers.TokenizeException: <input>:30: error: illegal character '\u00a0'
        a+=1
         ^
	at scala.meta.internal.tokenizers.Reporter.syntaxError(Reporter.scala:23)
	at scala.meta.internal.tokenizers.Reporter.syntaxError$(Reporter.scala:23)
	at scala.meta.internal.tokenizers.Reporter$$anon$1.syntaxError(Reporter.scala:32)
	at scala.meta.internal.tokenizers.Reporter.syntaxError(Reporter.scala:25)
	at scala.meta.internal.tokenizers.Reporter.syntaxError$(Reporter.scala:25)
	at scala.meta.internal.tokenizers.Reporter$$anon$1.syntaxError(Reporter.scala:32)
	at scala.meta.internal.tokenizers.LegacyScanner.fetchOther$1(LegacyScanner.scala:439)
	at scala.meta.internal.tokenizers.LegacyScanner.fetchToken(LegacyScanner.scala:443)
	at scala.meta.internal.tokenizers.LegacyScanner.nextToken(LegacyScanner.scala:201)
	at scala.meta.internal.tokenizers.LegacyScanner.foreach(LegacyScanner.scala:912)
	at scala.meta.internal.tokenizers.ScalametaTokenizer.uncachedTokenize(ScalametaTokenizer.scala:23)
	at scala.meta.internal.tokenizers.ScalametaTokenizer.$anonfun$tokenize$1(ScalametaTokenizer.scala:17)
	at scala.collection.concurrent.TrieMap.getOrElseUpdate(TrieMap.scala:960)
	at scala.meta.internal.tokenizers.ScalametaTokenizer.tokenize(ScalametaTokenizer.scala:17)
	at scala.meta.internal.tokenizers.ScalametaTokenizer$$anon$2.apply(ScalametaTokenizer.scala:322)
	at scala.meta.tokenizers.Api$XtensionTokenizeDialectInput.tokenize(Api.scala:22)
	at scala.meta.tokenizers.Api$XtensionTokenizeInputLike.tokenize(Api.scala:13)
	at scala.meta.internal.metals.SemanticTokensProvider$.getTokens(SemanticTokensProvider.scala:28)
	at scala.meta.internal.metals.SemanticTokensProvider$.provide(SemanticTokensProvider.scala:89)
	at scala.meta.internal.metals.Compilers.$anonfun$semanticTokens$3(Compilers.scala:545)
	at scala.concurrent.impl.Promise$Transformation.run(Promise.scala:467)
	at java.util.concurrent.ThreadPoolExecutor.runWorker(ThreadPoolExecutor.java:1136)
	at java.util.concurrent.ThreadPoolExecutor$Worker.run(ThreadPoolExecutor.java:635)
	at java.lang.Thread.run(Thread.java:833)

2024.06.24 19:44:49 ERROR Failed to tokenize input for semantic tokens for C:\Users\tharu\Desktop\scala\scala\labsheet\labsheet02_Q2.scala
scala.meta.tokenizers.TokenizeException: <input>:30: error: illegal character '\u00a0'
        a+=1
           ^
	at scala.meta.internal.tokenizers.Reporter.syntaxError(Reporter.scala:23)
	at scala.meta.internal.tokenizers.Reporter.syntaxError$(Reporter.scala:23)
	at scala.meta.internal.tokenizers.Reporter$$anon$1.syntaxError(Reporter.scala:32)
	at scala.meta.internal.tokenizers.Reporter.syntaxError(Reporter.scala:25)
	at scala.meta.internal.tokenizers.Reporter.syntaxError$(Reporter.scala:25)
	at scala.meta.internal.tokenizers.Reporter$$anon$1.syntaxError(Reporter.scala:32)
	at scala.meta.internal.tokenizers.LegacyScanner.fetchOther$1(LegacyScanner.scala:439)
	at scala.meta.internal.tokenizers.LegacyScanner.fetchToken(LegacyScanner.scala:443)
	at scala.meta.internal.tokenizers.LegacyScanner.nextToken(LegacyScanner.scala:201)
	at scala.meta.internal.tokenizers.LegacyScanner.foreach(LegacyScanner.scala:912)
	at scala.meta.internal.tokenizers.ScalametaTokenizer.uncachedTokenize(ScalametaTokenizer.scala:23)
	at scala.meta.internal.tokenizers.ScalametaTokenizer.$anonfun$tokenize$1(ScalametaTokenizer.scala:17)
	at scala.collection.concurrent.TrieMap.getOrElseUpdate(TrieMap.scala:960)
	at scala.meta.internal.tokenizers.ScalametaTokenizer.tokenize(ScalametaTokenizer.scala:17)
	at scala.meta.internal.tokenizers.ScalametaTokenizer$$anon$2.apply(ScalametaTokenizer.scala:322)
	at scala.meta.tokenizers.Api$XtensionTokenizeDialectInput.tokenize(Api.scala:22)
	at scala.meta.tokenizers.Api$XtensionTokenizeInputLike.tokenize(Api.scala:13)
	at scala.meta.internal.metals.SemanticTokensProvider$.getTokens(SemanticTokensProvider.scala:28)
	at scala.meta.internal.metals.SemanticTokensProvider$.provide(SemanticTokensProvider.scala:89)
	at scala.meta.internal.metals.Compilers.$anonfun$semanticTokens$3(Compilers.scala:545)
	at scala.concurrent.impl.Promise$Transformation.run(Promise.scala:467)
	at java.util.concurrent.ThreadPoolExecutor.runWorker(ThreadPoolExecutor.java:1136)
	at java.util.concurrent.ThreadPoolExecutor$Worker.run(ThreadPoolExecutor.java:635)
	at java.lang.Thread.run(Thread.java:833)

2024.06.24 19:44:49 ERROR Failed to tokenize input for semantic tokens for C:\Users\tharu\Desktop\scala\scala\labsheet\labsheet02_Q2.scala
scala.meta.tokenizers.TokenizeException: <input>:30: error: illegal character '\u00a0'
        +=1
          ^
	at scala.meta.internal.tokenizers.Reporter.syntaxError(Reporter.scala:23)
	at scala.meta.internal.tokenizers.Reporter.syntaxError$(Reporter.scala:23)
	at scala.meta.internal.tokenizers.Reporter$$anon$1.syntaxError(Reporter.scala:32)
	at scala.meta.internal.tokenizers.Reporter.syntaxError(Reporter.scala:25)
	at scala.meta.internal.tokenizers.Reporter.syntaxError$(Reporter.scala:25)
	at scala.meta.internal.tokenizers.Reporter$$anon$1.syntaxError(Reporter.scala:32)
	at scala.meta.internal.tokenizers.LegacyScanner.fetchOther$1(LegacyScanner.scala:439)
	at scala.meta.internal.tokenizers.LegacyScanner.fetchToken(LegacyScanner.scala:443)
	at scala.meta.internal.tokenizers.LegacyScanner.nextToken(LegacyScanner.scala:201)
	at scala.meta.internal.tokenizers.LegacyScanner.foreach(LegacyScanner.scala:912)
	at scala.meta.internal.tokenizers.ScalametaTokenizer.uncachedTokenize(ScalametaTokenizer.scala:23)
	at scala.meta.internal.tokenizers.ScalametaTokenizer.$anonfun$tokenize$1(ScalametaTokenizer.scala:17)
	at scala.collection.concurrent.TrieMap.getOrElseUpdate(TrieMap.scala:960)
	at scala.meta.internal.tokenizers.ScalametaTokenizer.tokenize(ScalametaTokenizer.scala:17)
	at scala.meta.internal.tokenizers.ScalametaTokenizer$$anon$2.apply(ScalametaTokenizer.scala:322)
	at scala.meta.tokenizers.Api$XtensionTokenizeDialectInput.tokenize(Api.scala:22)
	at scala.meta.tokenizers.Api$XtensionTokenizeInputLike.tokenize(Api.scala:13)
	at scala.meta.internal.metals.SemanticTokensProvider$.getTokens(SemanticTokensProvider.scala:28)
	at scala.meta.internal.metals.SemanticTokensProvider$.provide(SemanticTokensProvider.scala:89)
	at scala.meta.internal.metals.Compilers.$anonfun$semanticTokens$3(Compilers.scala:545)
	at scala.concurrent.impl.Promise$Transformation.run(Promise.scala:467)
	at java.util.concurrent.ThreadPoolExecutor.runWorker(ThreadPoolExecutor.java:1136)
	at java.util.concurrent.ThreadPoolExecutor$Worker.run(ThreadPoolExecutor.java:635)
	at java.lang.Thread.run(Thread.java:833)

2024.06.24 19:45:03 INFO  compiling scala_f4dd477a3a (1 scala source)
2024.06.24 19:45:03 INFO  time: compiled scala_f4dd477a3a in 0.37s
Jun 24, 2024 7:45:50 PM org.eclipse.lsp4j.jsonrpc.RemoteEndpoint handleCancellation
WARNING: Unmatched cancel notification for request id 1202
2024.06.24 19:48:10 INFO  no build target found for C:\Users\tharu\Desktop\scala\scala\labsheet\labsheet03_Q3.scala. Using presentation compiler with project's scala-library version: 3.3.3
2024.06.24 19:48:10 INFO  no build target found for C:\Users\tharu\Desktop\scala\scala\labsheet\labsheet03_Q3.scala. Using presentation compiler with project's scala-library version: 3.3.3
2024.06.24 19:48:10 WARN  Could not find semantic tokens for: file:///C:/Users/tharu/Desktop/scala/scala/labsheet/labsheet03_Q3.scala
2024.06.24 19:48:10 INFO  compiling scala_f4dd477a3a (1 scala source)
2024.06.24 19:48:10 INFO  time: compiled scala_f4dd477a3a in 94ms
2024.06.24 19:48:11 INFO  time: indexed workspace in 1.05s
2024.06.24 19:48:11 WARN  Could not find semantic tokens for: file:///C:/Users/tharu/Desktop/scala/scala/labsheet/labsheet03_Q3.scala
2024.06.24 20:27:11 WARN  Could not find semantic tokens for: file:///C:/Users/tharu/Desktop/scala/scala/labsheet/labsheet03_Q3.scala
2024.06.24 20:27:11 WARN  Could not find semantic tokens for: file:///C:/Users/tharu/Desktop/scala/scala/labsheet/labsheet03_Q3.scala
2024.06.24 20:27:12 WARN  Could not find semantic tokens for: file:///C:/Users/tharu/Desktop/scala/scala/labsheet/labsheet03_Q3.scala
2024.06.24 20:28:44 INFO  compiling scala_f4dd477a3a (1 scala source)
2024.06.24 20:28:44 INFO  time: compiled scala_f4dd477a3a in 0.13s
Jun 24, 2024 8:29:48 PM org.eclipse.lsp4j.jsonrpc.RemoteEndpoint handleCancellation
WARNING: Unmatched cancel notification for request id 1593
2024.06.24 21:32:17 INFO  compiling scala_f4dd477a3a (1 scala source)
2024.06.24 21:32:17 INFO  time: compiled scala_f4dd477a3a in 0.93s
2024.06.24 21:32:39 INFO  compiling scala_f4dd477a3a (1 scala source)
2024.06.24 21:32:39 INFO  time: compiled scala_f4dd477a3a in 0.49s
2024.06.24 21:34:28 INFO  compiling scala_f4dd477a3a (1 scala source)
2024.06.24 21:34:28 INFO  time: compiled scala_f4dd477a3a in 0.38s
Jun 24, 2024 9:43:53 PM org.eclipse.lsp4j.jsonrpc.RemoteEndpoint handleCancellation
WARNING: Unmatched cancel notification for request id 4361
Jun 24, 2024 9:43:53 PM org.eclipse.lsp4j.jsonrpc.RemoteEndpoint handleCancellation
WARNING: Unmatched cancel notification for request id 4363
Jun 24, 2024 9:45:29 PM org.eclipse.lsp4j.jsonrpc.RemoteEndpoint handleCancellation
WARNING: Unmatched cancel notification for request id 4536
2024.06.24 21:46:10 INFO  compiling scala_f4dd477a3a (1 scala source)
2024.06.24 21:46:10 INFO  time: compiled scala_f4dd477a3a in 0.11s
2024.06.24 21:49:51 ERROR Failed to tokenize input for semantic tokens for C:\Users\tharu\Desktop\scala\scala\labsheet\labsheet03_Q3.scala
scala.meta.tokenizers.TokenizeException: <input>:28: error: unclosed string interpolation
       println(s"The Finalsalary of an employee: 
                 ^
	at scala.meta.internal.tokenizers.Reporter.syntaxError(Reporter.scala:23)
	at scala.meta.internal.tokenizers.Reporter.syntaxError$(Reporter.scala:23)
	at scala.meta.internal.tokenizers.Reporter$$anon$1.syntaxError(Reporter.scala:32)
	at scala.meta.internal.tokenizers.Reporter.syntaxError(Reporter.scala:25)
	at scala.meta.internal.tokenizers.Reporter.syntaxError$(Reporter.scala:25)
	at scala.meta.internal.tokenizers.Reporter$$anon$1.syntaxError(Reporter.scala:32)
	at scala.meta.internal.tokenizers.LegacyScanner.getStringPart(LegacyScanner.scala:605)
	at scala.meta.internal.tokenizers.LegacyScanner.fetchDoubleQuote$1(LegacyScanner.scala:347)
	at scala.meta.internal.tokenizers.LegacyScanner.fetchToken(LegacyScanner.scala:363)
	at scala.meta.internal.tokenizers.LegacyScanner.nextToken(LegacyScanner.scala:201)
	at scala.meta.internal.tokenizers.LegacyScanner.foreach(LegacyScanner.scala:912)
	at scala.meta.internal.tokenizers.ScalametaTokenizer.uncachedTokenize(ScalametaTokenizer.scala:23)
	at scala.meta.internal.tokenizers.ScalametaTokenizer.$anonfun$tokenize$1(ScalametaTokenizer.scala:17)
	at scala.collection.concurrent.TrieMap.getOrElseUpdate(TrieMap.scala:960)
	at scala.meta.internal.tokenizers.ScalametaTokenizer.tokenize(ScalametaTokenizer.scala:17)
	at scala.meta.internal.tokenizers.ScalametaTokenizer$$anon$2.apply(ScalametaTokenizer.scala:322)
	at scala.meta.tokenizers.Api$XtensionTokenizeDialectInput.tokenize(Api.scala:22)
	at scala.meta.tokenizers.Api$XtensionTokenizeInputLike.tokenize(Api.scala:13)
	at scala.meta.internal.metals.SemanticTokensProvider$.getTokens(SemanticTokensProvider.scala:28)
	at scala.meta.internal.metals.SemanticTokensProvider$.provide(SemanticTokensProvider.scala:89)
	at scala.meta.internal.metals.Compilers.$anonfun$semanticTokens$3(Compilers.scala:545)
	at scala.concurrent.impl.Promise$Transformation.run(Promise.scala:467)
	at java.util.concurrent.ThreadPoolExecutor.runWorker(ThreadPoolExecutor.java:1136)
	at java.util.concurrent.ThreadPoolExecutor$Worker.run(ThreadPoolExecutor.java:635)
	at java.lang.Thread.run(Thread.java:833)

2024.06.24 21:49:52 ERROR Failed to tokenize input for semantic tokens for C:\Users\tharu\Desktop\scala\scala\labsheet\labsheet03_Q3.scala
scala.meta.tokenizers.TokenizeException: <input>:28: error: unclosed string interpolation
       println(s"The Finalsalary of an employee:
                 ^
	at scala.meta.internal.tokenizers.Reporter.syntaxError(Reporter.scala:23)
	at scala.meta.internal.tokenizers.Reporter.syntaxError$(Reporter.scala:23)
	at scala.meta.internal.tokenizers.Reporter$$anon$1.syntaxError(Reporter.scala:32)
	at scala.meta.internal.tokenizers.Reporter.syntaxError(Reporter.scala:25)
	at scala.meta.internal.tokenizers.Reporter.syntaxError$(Reporter.scala:25)
	at scala.meta.internal.tokenizers.Reporter$$anon$1.syntaxError(Reporter.scala:32)
	at scala.meta.internal.tokenizers.LegacyScanner.getStringPart(LegacyScanner.scala:605)
	at scala.meta.internal.tokenizers.LegacyScanner.fetchDoubleQuote$1(LegacyScanner.scala:347)
	at scala.meta.internal.tokenizers.LegacyScanner.fetchToken(LegacyScanner.scala:363)
	at scala.meta.internal.tokenizers.LegacyScanner.nextToken(LegacyScanner.scala:201)
	at scala.meta.internal.tokenizers.LegacyScanner.foreach(LegacyScanner.scala:912)
	at scala.meta.internal.tokenizers.ScalametaTokenizer.uncachedTokenize(ScalametaTokenizer.scala:23)
	at scala.meta.internal.tokenizers.ScalametaTokenizer.$anonfun$tokenize$1(ScalametaTokenizer.scala:17)
	at scala.collection.concurrent.TrieMap.getOrElseUpdate(TrieMap.scala:960)
	at scala.meta.internal.tokenizers.ScalametaTokenizer.tokenize(ScalametaTokenizer.scala:17)
	at scala.meta.internal.tokenizers.ScalametaTokenizer$$anon$2.apply(ScalametaTokenizer.scala:322)
	at scala.meta.tokenizers.Api$XtensionTokenizeDialectInput.tokenize(Api.scala:22)
	at scala.meta.tokenizers.Api$XtensionTokenizeInputLike.tokenize(Api.scala:13)
	at scala.meta.internal.metals.SemanticTokensProvider$.getTokens(SemanticTokensProvider.scala:28)
	at scala.meta.internal.metals.SemanticTokensProvider$.provide(SemanticTokensProvider.scala:89)
	at scala.meta.internal.metals.Compilers.$anonfun$semanticTokens$3(Compilers.scala:545)
	at scala.concurrent.impl.Promise$Transformation.run(Promise.scala:467)
	at java.util.concurrent.ThreadPoolExecutor.runWorker(ThreadPoolExecutor.java:1136)
	at java.util.concurrent.ThreadPoolExecutor$Worker.run(ThreadPoolExecutor.java:635)
	at java.lang.Thread.run(Thread.java:833)

2024.06.24 21:49:52 ERROR Failed to tokenize input for semantic tokens for C:\Users\tharu\Desktop\scala\scala\labsheet\labsheet03_Q3.scala
scala.meta.tokenizers.TokenizeException: <input>:28: error: unclosed string interpolation
       println(s"The Finalsalary of an
                 ^
	at scala.meta.internal.tokenizers.Reporter.syntaxError(Reporter.scala:23)
	at scala.meta.internal.tokenizers.Reporter.syntaxError$(Reporter.scala:23)
	at scala.meta.internal.tokenizers.Reporter$$anon$1.syntaxError(Reporter.scala:32)
	at scala.meta.internal.tokenizers.Reporter.syntaxError(Reporter.scala:25)
	at scala.meta.internal.tokenizers.Reporter.syntaxError$(Reporter.scala:25)
	at scala.meta.internal.tokenizers.Reporter$$anon$1.syntaxError(Reporter.scala:32)
	at scala.meta.internal.tokenizers.LegacyScanner.getStringPart(LegacyScanner.scala:605)
	at scala.meta.internal.tokenizers.LegacyScanner.fetchDoubleQuote$1(LegacyScanner.scala:347)
	at scala.meta.internal.tokenizers.LegacyScanner.fetchToken(LegacyScanner.scala:363)
	at scala.meta.internal.tokenizers.LegacyScanner.nextToken(LegacyScanner.scala:201)
	at scala.meta.internal.tokenizers.LegacyScanner.foreach(LegacyScanner.scala:912)
	at scala.meta.internal.tokenizers.ScalametaTokenizer.uncachedTokenize(ScalametaTokenizer.scala:23)
	at scala.meta.internal.tokenizers.ScalametaTokenizer.$anonfun$tokenize$1(ScalametaTokenizer.scala:17)
	at scala.collection.concurrent.TrieMap.getOrElseUpdate(TrieMap.scala:960)
	at scala.meta.internal.tokenizers.ScalametaTokenizer.tokenize(ScalametaTokenizer.scala:17)
	at scala.meta.internal.tokenizers.ScalametaTokenizer$$anon$2.apply(ScalametaTokenizer.scala:322)
	at scala.meta.tokenizers.Api$XtensionTokenizeDialectInput.tokenize(Api.scala:22)
	at scala.meta.tokenizers.Api$XtensionTokenizeInputLike.tokenize(Api.scala:13)
	at scala.meta.internal.metals.SemanticTokensProvider$.getTokens(SemanticTokensProvider.scala:28)
	at scala.meta.internal.metals.SemanticTokensProvider$.provide(SemanticTokensProvider.scala:89)
	at scala.meta.internal.metals.Compilers.$anonfun$semanticTokens$3(Compilers.scala:545)
	at scala.concurrent.impl.Promise$Transformation.run(Promise.scala:467)
	at java.util.concurrent.ThreadPoolExecutor.runWorker(ThreadPoolExecutor.java:1136)
	at java.util.concurrent.ThreadPoolExecutor$Worker.run(ThreadPoolExecutor.java:635)
	at java.lang.Thread.run(Thread.java:833)

2024.06.24 21:49:52 ERROR Failed to tokenize input for semantic tokens for C:\Users\tharu\Desktop\scala\scala\labsheet\labsheet03_Q3.scala
scala.meta.tokenizers.TokenizeException: <input>:28: error: unclosed string interpolation
       println(s"The Finalsa
                 ^
	at scala.meta.internal.tokenizers.Reporter.syntaxError(Reporter.scala:23)
	at scala.meta.internal.tokenizers.Reporter.syntaxError$(Reporter.scala:23)
	at scala.meta.internal.tokenizers.Reporter$$anon$1.syntaxError(Reporter.scala:32)
	at scala.meta.internal.tokenizers.Reporter.syntaxError(Reporter.scala:25)
	at scala.meta.internal.tokenizers.Reporter.syntaxError$(Reporter.scala:25)
	at scala.meta.internal.tokenizers.Reporter$$anon$1.syntaxError(Reporter.scala:32)
	at scala.meta.internal.tokenizers.LegacyScanner.getStringPart(LegacyScanner.scala:605)
	at scala.meta.internal.tokenizers.LegacyScanner.fetchDoubleQuote$1(LegacyScanner.scala:347)
	at scala.meta.internal.tokenizers.LegacyScanner.fetchToken(LegacyScanner.scala:363)
	at scala.meta.internal.tokenizers.LegacyScanner.nextToken(LegacyScanner.scala:201)
	at scala.meta.internal.tokenizers.LegacyScanner.foreach(LegacyScanner.scala:912)
	at scala.meta.internal.tokenizers.ScalametaTokenizer.uncachedTokenize(ScalametaTokenizer.scala:23)
	at scala.meta.internal.tokenizers.ScalametaTokenizer.$anonfun$tokenize$1(ScalametaTokenizer.scala:17)
	at scala.collection.concurrent.TrieMap.getOrElseUpdate(TrieMap.scala:960)
	at scala.meta.internal.tokenizers.ScalametaTokenizer.tokenize(ScalametaTokenizer.scala:17)
	at scala.meta.internal.tokenizers.ScalametaTokenizer$$anon$2.apply(ScalametaTokenizer.scala:322)
	at scala.meta.tokenizers.Api$XtensionTokenizeDialectInput.tokenize(Api.scala:22)
	at scala.meta.tokenizers.Api$XtensionTokenizeInputLike.tokenize(Api.scala:13)
	at scala.meta.internal.metals.SemanticTokensProvider$.getTokens(SemanticTokensProvider.scala:28)
	at scala.meta.internal.metals.SemanticTokensProvider$.provide(SemanticTokensProvider.scala:89)
	at scala.meta.internal.metals.Compilers.$anonfun$semanticTokens$3(Compilers.scala:545)
	at scala.concurrent.impl.Promise$Transformation.run(Promise.scala:467)
	at java.util.concurrent.ThreadPoolExecutor.runWorker(ThreadPoolExecutor.java:1136)
	at java.util.concurrent.ThreadPoolExecutor$Worker.run(ThreadPoolExecutor.java:635)
	at java.lang.Thread.run(Thread.java:833)

2024.06.24 21:49:53 ERROR Failed to tokenize input for semantic tokens for C:\Users\tharu\Desktop\scala\scala\labsheet\labsheet03_Q3.scala
scala.meta.tokenizers.TokenizeException: <input>:28: error: unclosed string interpolation
       println(s"T
                 ^
	at scala.meta.internal.tokenizers.Reporter.syntaxError(Reporter.scala:23)
	at scala.meta.internal.tokenizers.Reporter.syntaxError$(Reporter.scala:23)
	at scala.meta.internal.tokenizers.Reporter$$anon$1.syntaxError(Reporter.scala:32)
	at scala.meta.internal.tokenizers.Reporter.syntaxError(Reporter.scala:25)
	at scala.meta.internal.tokenizers.Reporter.syntaxError$(Reporter.scala:25)
	at scala.meta.internal.tokenizers.Reporter$$anon$1.syntaxError(Reporter.scala:32)
	at scala.meta.internal.tokenizers.LegacyScanner.getStringPart(LegacyScanner.scala:605)
	at scala.meta.internal.tokenizers.LegacyScanner.fetchDoubleQuote$1(LegacyScanner.scala:347)
	at scala.meta.internal.tokenizers.LegacyScanner.fetchToken(LegacyScanner.scala:363)
	at scala.meta.internal.tokenizers.LegacyScanner.nextToken(LegacyScanner.scala:201)
	at scala.meta.internal.tokenizers.LegacyScanner.foreach(LegacyScanner.scala:912)
	at scala.meta.internal.tokenizers.ScalametaTokenizer.uncachedTokenize(ScalametaTokenizer.scala:23)
	at scala.meta.internal.tokenizers.ScalametaTokenizer.$anonfun$tokenize$1(ScalametaTokenizer.scala:17)
	at scala.collection.concurrent.TrieMap.getOrElseUpdate(TrieMap.scala:960)
	at scala.meta.internal.tokenizers.ScalametaTokenizer.tokenize(ScalametaTokenizer.scala:17)
	at scala.meta.internal.tokenizers.ScalametaTokenizer$$anon$2.apply(ScalametaTokenizer.scala:322)
	at scala.meta.tokenizers.Api$XtensionTokenizeDialectInput.tokenize(Api.scala:22)
	at scala.meta.tokenizers.Api$XtensionTokenizeInputLike.tokenize(Api.scala:13)
	at scala.meta.internal.metals.SemanticTokensProvider$.getTokens(SemanticTokensProvider.scala:28)
	at scala.meta.internal.metals.SemanticTokensProvider$.provide(SemanticTokensProvider.scala:89)
	at scala.meta.internal.metals.Compilers.$anonfun$semanticTokens$3(Compilers.scala:545)
	at scala.concurrent.impl.Promise$Transformation.run(Promise.scala:467)
	at java.util.concurrent.ThreadPoolExecutor.runWorker(ThreadPoolExecutor.java:1136)
	at java.util.concurrent.ThreadPoolExecutor$Worker.run(ThreadPoolExecutor.java:635)
	at java.lang.Thread.run(Thread.java:833)

2024.06.24 21:50:10 INFO  compiling scala_f4dd477a3a (1 scala source)
2024.06.24 21:50:10 INFO  time: compiled scala_f4dd477a3a in 0.1s
2024.06.24 21:54:31 INFO  compiling scala_f4dd477a3a (1 scala source)
2024.06.24 21:54:31 INFO  time: compiled scala_f4dd477a3a in 0.31s
2024.06.24 21:54:38 INFO  compiling scala_f4dd477a3a (1 scala source)
2024.06.24 21:54:38 INFO  time: compiled scala_f4dd477a3a in 0.19s
2024.06.24 21:57:41 INFO  no build target found for C:\Users\tharu\Desktop\scala\scala\labsheet\labsheet02_Q4.scala. Using presentation compiler with project's scala-library version: 3.3.3
2024.06.24 21:57:41 INFO  no build target found for C:\Users\tharu\Desktop\scala\scala\labsheet\labsheet02_Q4.scala. Using presentation compiler with project's scala-library version: 3.3.3
2024.06.24 21:57:41 WARN  Could not find semantic tokens for: file:///C:/Users/tharu/Desktop/scala/scala/labsheet/labsheet02_Q4.scala
2024.06.24 21:57:41 INFO  no build target found for C:\Users\tharu\Desktop\scala\scala\labsheet\labsheet02_Q4.scala. Using presentation compiler with project's scala-library version: 3.3.3
2024.06.24 21:57:41 INFO  compiling scala_f4dd477a3a (1 scala source)
2024.06.24 21:57:41 INFO  time: compiled scala_f4dd477a3a in 97ms
2024.06.24 21:57:42 INFO  time: indexed workspace in 0.92s
2024.06.24 21:57:43 WARN  Could not find semantic tokens for: file:///C:/Users/tharu/Desktop/scala/scala/labsheet/labsheet02_Q4.scala
2024.06.24 21:58:03 INFO  Shutting down server
2024.06.24 21:58:03 INFO  shutting down Metals
2024.06.24 21:58:03 INFO  Shut down connection with build server.
2024.06.24 21:58:03 INFO  Exiting server
2024.06.24 21:58:32 INFO  Started: Metals version 1.3.2 in folders 'C:\Users\tharu\Desktop\scala\scala' for client Visual Studio Code 1.90.2.
SLF4J(W): Class path contains multiple SLF4J providers.
SLF4J(W): Found provider [scribe.slf4j.ScribeServiceProvider@6d787775]
SLF4J(W): Found provider [ch.qos.logback.classic.spi.LogbackServiceProvider@184c4900]
SLF4J(W): See https://www.slf4j.org/codes.html#multiple_bindings for an explanation.
SLF4J(I): Actual provider is of type [scribe.slf4j.ScribeServiceProvider@6d787775]
2024.06.24 21:58:32 WARN  Flyway upgrade recommended: H2 2.2.224 is newer than this version of Flyway and support has not been tested. The latest supported version of H2 is 2.2.220.
Jun 24, 2024 9:58:33 PM org.eclipse.lsp4j.jsonrpc.RemoteEndpoint handleCancellation
WARNING: Unmatched cancel notification for request id 6
Jun 24, 2024 9:58:33 PM org.eclipse.lsp4j.jsonrpc.RemoteEndpoint handleCancellation
WARNING: Unmatched cancel notification for request id 9
2024.06.24 21:58:33 INFO  no build target found for C:\Users\tharu\Desktop\scala\scala\labsheet\labsheet02_Q2.scala. Using presentation compiler with project's scala-library version: 3.3.3
2024.06.24 21:58:33 INFO  no build target found for C:\Users\tharu\Desktop\scala\scala\labsheet\labsheet02_Q1.scala. Using presentation compiler with project's scala-library version: 3.3.3
2024.06.24 21:58:34 INFO  Attempting to connect to the build server...
2024.06.24 21:58:34 INFO  Running BSP server List(C:\Users\tharu\AppData\Local\Coursier\data\bin\.scala-cli.aux.exe, bsp, --json-options, C:\Users\tharu\Desktop\scala\scala\.scala-build\ide-options-v2.json, --json-launcher-options, C:\Users\tharu\Desktop\scala\scala\.scala-build\ide-launcher-options.json, --envs-file, C:\Users\tharu\Desktop\scala\scala\.scala-build\ide-envs.json, C:\Users\tharu\Desktop\scala\scala)
2024.06.24 21:58:34 INFO  tracing is disabled for protocol BSP, to enable tracing of incoming and outgoing JSON messages create an empty file at C:\Users\tharu\Desktop\scala\scala\.metals\bsp.trace.json or C:\Users\tharu\AppData\Local\scalameta\metals\cache\bsp.trace.json
2024.06.24 21:58:36 INFO  no build target found for C:\Users\tharu\Desktop\scala\scala\labsheet\labsheet02_Q4.scala. Using presentation compiler with project's scala-library version: 3.3.3
2024.06.24 21:58:38 WARN  Could not find semantic tokens for: file:///C:/Users/tharu/Desktop/scala/scala/labsheet/labsheet02_Q4.scala
2024.06.24 21:58:38 INFO  time: Connected to build server in 4.28s
2024.06.24 21:58:38 INFO  Connected to Build server: scala-cli v1.3.2
2024.06.24 21:58:40 INFO  time: indexed workspace in 1.81s
2024.06.24 21:58:43 WARN  Could not find semantic tokens for: file:///C:/Users/tharu/Desktop/scala/scala/labsheet/labsheet02_Q4.scala
2024.06.24 21:58:45 WARN  Could not find semantic tokens for: file:///C:/Users/tharu/Desktop/scala/scala/labsheet/labsheet02_Q4.scala
Jun 24, 2024 10:04:44 PM org.eclipse.lsp4j.jsonrpc.services.GenericEndpoint notify
INFO: Unsupported notification method: $/setTrace
2024.06.24 22:43:20 INFO  compiling scala_f4dd477a3a (1 scala source)
2024.06.24 22:43:20 INFO  time: compiled scala_f4dd477a3a in 0.34s
2024.06.24 23:14:04 INFO  Shutting down server
2024.06.24 23:14:04 INFO  shutting down Metals
2024.06.24 23:14:04 INFO  Shut down connection with build server.
2024.06.24 23:14:04 INFO  BSP server: Jun 24, 2024 11:14:04 PM org.eclipse.lsp4j.jsonrpc.RemoteEndpoint handleNotification
2024.06.24 23:14:04 INFO  Exiting server
2024.06.25 08:17:03 INFO  Started: Metals version 1.3.2 in folders 'C:\Users\tharu\Desktop\scala\scala' for client Visual Studio Code 1.90.2.
SLF4J(W): Class path contains multiple SLF4J providers.
SLF4J(W): Found provider [scribe.slf4j.ScribeServiceProvider@6d787775]
SLF4J(W): Found provider [ch.qos.logback.classic.spi.LogbackServiceProvider@184c4900]
SLF4J(W): See https://www.slf4j.org/codes.html#multiple_bindings for an explanation.
SLF4J(I): Actual provider is of type [scribe.slf4j.ScribeServiceProvider@6d787775]
2024.06.25 08:17:05 WARN  Flyway upgrade recommended: H2 2.2.224 is newer than this version of Flyway and support has not been tested. The latest supported version of H2 is 2.2.220.
2024.06.25 08:17:07 INFO  no build target found for C:\Users\tharu\Desktop\scala\scala\labsheet\labsheet02_Q1.scala. Using presentation compiler with project's scala-library version: 3.3.3
2024.06.25 08:17:08 INFO  Attempting to connect to the build server...
2024.06.25 08:17:08 INFO  Running BSP server List(C:\Users\tharu\AppData\Local\Coursier\data\bin\.scala-cli.aux.exe, bsp, --json-options, C:\Users\tharu\Desktop\scala\scala\.scala-build\ide-options-v2.json, --json-launcher-options, C:\Users\tharu\Desktop\scala\scala\.scala-build\ide-launcher-options.json, --envs-file, C:\Users\tharu\Desktop\scala\scala\.scala-build\ide-envs.json, C:\Users\tharu\Desktop\scala\scala)
2024.06.25 08:17:08 INFO  tracing is disabled for protocol BSP, to enable tracing of incoming and outgoing JSON messages create an empty file at C:\Users\tharu\Desktop\scala\scala\.metals\bsp.trace.json or C:\Users\tharu\AppData\Local\scalameta\metals\cache\bsp.trace.json
2024.06.25 08:17:11 INFO  no build target found for C:\Users\tharu\Desktop\scala\scala\labsheet\labsheet02_Q1.scala. Using presentation compiler with project's scala-library version: 3.3.3
2024.06.25 08:17:12 INFO  BSP server: Starting compilation server
2024.06.25 08:17:13 INFO  no build target found for C:\Users\tharu\Desktop\scala\scala\labsheet\labsheet02_Q2.scala. Using presentation compiler with project's scala-library version: 3.3.3
2024.06.25 08:17:24 INFO  time: Connected to build server in 16s
2024.06.25 08:17:24 INFO  Connected to Build server: scala-cli v1.3.2
2024.06.25 08:17:24 INFO  time: Imported build in 0.25s
2024.06.25 08:17:28 INFO  time: indexed workspace in 3.92s
2024.06.25 08:18:05 INFO  Shutting down server
2024.06.25 08:18:05 INFO  shutting down Metals
2024.06.25 08:18:05 INFO  Shut down connection with build server.
2024.06.25 08:18:05 INFO  BSP server: Jun 25, 2024 8:18:05 AM org.eclipse.lsp4j.jsonrpc.RemoteEndpoint handleNotification
2024.06.25 08:18:05 INFO  BSP server: WARNING: Notification threw an exception: {
2024.06.25 08:18:05 INFO  Exiting server
2024.06.25 09:14:34 INFO  Started: Metals version 1.3.2 in folders 'C:\Users\tharu\Desktop\scala\scala' for client Visual Studio Code 1.90.2.
SLF4J(W): Class path contains multiple SLF4J providers.
SLF4J(W): Found provider [scribe.slf4j.ScribeServiceProvider@16b057bc]
SLF4J(W): Found provider [ch.qos.logback.classic.spi.LogbackServiceProvider@52a6ef74]
SLF4J(W): See https://www.slf4j.org/codes.html#multiple_bindings for an explanation.
SLF4J(I): Actual provider is of type [scribe.slf4j.ScribeServiceProvider@16b057bc]
2024.06.25 09:14:35 WARN  Flyway upgrade recommended: H2 2.2.224 is newer than this version of Flyway and support has not been tested. The latest supported version of H2 is 2.2.220.
2024.06.25 09:14:37 INFO  no build target found for C:\Users\tharu\Desktop\scala\scala\labsheet\labsheet02_Q4.scala. Using presentation compiler with project's scala-library version: 3.3.3
2024.06.25 09:14:38 INFO  no build target found for C:\Users\tharu\Desktop\scala\scala\labsheet\labsheet02_Q4.scala. Using presentation compiler with project's scala-library version: 3.3.3
2024.06.25 09:14:38 INFO  Attempting to connect to the build server...
2024.06.25 09:14:38 INFO  Running BSP server List(C:\Users\tharu\AppData\Local\Coursier\data\bin\.scala-cli.aux.exe, bsp, --json-options, C:\Users\tharu\Desktop\scala\scala\.scala-build\ide-options-v2.json, --json-launcher-options, C:\Users\tharu\Desktop\scala\scala\.scala-build\ide-launcher-options.json, --envs-file, C:\Users\tharu\Desktop\scala\scala\.scala-build\ide-envs.json, C:\Users\tharu\Desktop\scala\scala)
2024.06.25 09:14:39 INFO  tracing is disabled for protocol BSP, to enable tracing of incoming and outgoing JSON messages create an empty file at C:\Users\tharu\Desktop\scala\scala\.metals\bsp.trace.json or C:\Users\tharu\AppData\Local\scalameta\metals\cache\bsp.trace.json
2024.06.25 09:14:41 INFO  no build target found for C:\Users\tharu\Desktop\scala\scala\labsheet\labsheet02_Q4.scala. Using presentation compiler with project's scala-library version: 3.3.3
2024.06.25 09:14:46 INFO  time: Connected to build server in 7.43s
2024.06.25 09:14:46 INFO  Connected to Build server: scala-cli v1.3.2
2024.06.25 09:14:46 INFO  time: Imported build in 0.1s
2024.06.25 09:14:50 INFO  time: indexed workspace in 4.09s
Jun 25, 2024 9:35:23 AM org.eclipse.lsp4j.jsonrpc.RemoteEndpoint handleCancellation
WARNING: Unmatched cancel notification for request id 72
2024.06.25 09:42:21 INFO  Shutting down server
2024.06.25 09:42:21 INFO  shutting down Metals
2024.06.25 09:42:21 INFO  Shut down connection with build server.
2024.06.25 09:42:21 INFO  BSP server: Jun 25, 2024 9:42:21 AM org.eclipse.lsp4j.jsonrpc.RemoteEndpoint handleNotification
2024.06.25 09:42:21 INFO  Exiting server
2024.06.25 09:44:44 INFO  Started: Metals version 1.3.2 in folders 'C:\Users\tharu\Desktop\scala\scala' for client Visual Studio Code 1.90.2.
SLF4J(W): Class path contains multiple SLF4J providers.
SLF4J(W): Found provider [scribe.slf4j.ScribeServiceProvider@41a851ee]
SLF4J(W): Found provider [ch.qos.logback.classic.spi.LogbackServiceProvider@709f93ee]
SLF4J(W): See https://www.slf4j.org/codes.html#multiple_bindings for an explanation.
SLF4J(I): Actual provider is of type [scribe.slf4j.ScribeServiceProvider@41a851ee]
2024.06.25 09:44:45 WARN  Flyway upgrade recommended: H2 2.2.224 is newer than this version of Flyway and support has not been tested. The latest supported version of H2 is 2.2.220.
2024.06.25 09:44:47 INFO  Attempting to connect to the build server...
2024.06.25 09:44:47 INFO  Running BSP server List(C:\Users\tharu\AppData\Local\Coursier\data\bin\.scala-cli.aux.exe, bsp, --json-options, C:\Users\tharu\Desktop\scala\scala\.scala-build\ide-options-v2.json, --json-launcher-options, C:\Users\tharu\Desktop\scala\scala\.scala-build\ide-launcher-options.json, --envs-file, C:\Users\tharu\Desktop\scala\scala\.scala-build\ide-envs.json, C:\Users\tharu\Desktop\scala\scala)
2024.06.25 09:44:47 INFO  tracing is disabled for protocol BSP, to enable tracing of incoming and outgoing JSON messages create an empty file at C:\Users\tharu\Desktop\scala\scala\.metals\bsp.trace.json or C:\Users\tharu\AppData\Local\scalameta\metals\cache\bsp.trace.json
2024.06.25 09:44:50 INFO  no build target found for C:\Users\tharu\Desktop\scala\scala\labsheet\labsheet02_Q4.scala. Using presentation compiler with project's scala-library version: 3.3.3
2024.06.25 09:44:54 INFO  time: Connected to build server in 7.32s
2024.06.25 09:44:54 INFO  Connected to Build server: scala-cli v1.3.2
2024.06.25 09:44:54 INFO  time: Imported build in 0.11s
2024.06.25 09:44:59 INFO  time: indexed workspace in 4.4s
Jun 25, 2024 9:48:49 AM org.eclipse.lsp4j.jsonrpc.RemoteEndpoint handleCancellation
WARNING: Unmatched cancel notification for request id 24
2024.06.25 09:48:59 INFO  compiling scala_f4dd477a3a (1 scala source)
Jun 25, 2024 9:49:03 AM org.eclipse.lsp4j.jsonrpc.services.GenericEndpoint notify
INFO: Unsupported notification method: $/setTrace
2024.06.25 09:49:06 INFO  time: compiled scala_f4dd477a3a in 6.67s
2024.06.25 09:50:53 INFO  Shutting down server
2024.06.25 09:50:53 INFO  shutting down Metals
2024.06.25 09:50:53 INFO  Shut down connection with build server.
2024.06.25 09:50:53 INFO  BSP server: Jun 25, 2024 9:50:53 AM org.eclipse.lsp4j.jsonrpc.RemoteEndpoint handleNotification
2024.06.25 09:50:53 INFO  Exiting server
2024.06.25 14:01:08 INFO  Started: Metals version 1.3.2 in folders 'C:\Users\tharu\Desktop\scala\scala' for client Visual Studio Code 1.90.2.
SLF4J(W): Class path contains multiple SLF4J providers.
SLF4J(W): Found provider [scribe.slf4j.ScribeServiceProvider@72ccb84d]
SLF4J(W): Found provider [ch.qos.logback.classic.spi.LogbackServiceProvider@cb9d8fb]
SLF4J(W): See https://www.slf4j.org/codes.html#multiple_bindings for an explanation.
SLF4J(I): Actual provider is of type [scribe.slf4j.ScribeServiceProvider@72ccb84d]
2024.06.25 14:01:09 WARN  Flyway upgrade recommended: H2 2.2.224 is newer than this version of Flyway and support has not been tested. The latest supported version of H2 is 2.2.220.
2024.06.25 14:01:10 INFO  no build target found for C:\Users\tharu\Desktop\scala\scala\labsheet\new.scala. Using presentation compiler with project's scala-library version: 3.3.3
2024.06.25 14:01:11 INFO  Attempting to connect to the build server...
2024.06.25 14:01:11 INFO  Running BSP server List(C:\Users\tharu\AppData\Local\Coursier\data\bin\.scala-cli.aux.exe, bsp, --json-options, C:\Users\tharu\Desktop\scala\scala\.scala-build\ide-options-v2.json, --json-launcher-options, C:\Users\tharu\Desktop\scala\scala\.scala-build\ide-launcher-options.json, --envs-file, C:\Users\tharu\Desktop\scala\scala\.scala-build\ide-envs.json, C:\Users\tharu\Desktop\scala\scala)
2024.06.25 14:01:12 INFO  tracing is disabled for protocol BSP, to enable tracing of incoming and outgoing JSON messages create an empty file at C:\Users\tharu\Desktop\scala\scala\.metals\bsp.trace.json or C:\Users\tharu\AppData\Local\scalameta\metals\cache\bsp.trace.json
2024.06.25 14:01:15 INFO  BSP server: Starting compilation server
2024.06.25 14:01:19 WARN  Could not find semantic tokens for: file:///C:/Users/tharu/Desktop/scala/scala/labsheet/new.scala
2024.06.25 14:01:19 INFO  no build target found for C:\Users\tharu\Desktop\scala\scala\labsheet\new.scala. Using presentation compiler with project's scala-library version: 3.3.3
2024.06.25 14:01:21 INFO  no build target found for C:\Users\tharu\Desktop\scala\scala\labsheet\new.scala. Using presentation compiler with project's scala-library version: 3.3.3
2024.06.25 14:01:21 INFO  no build target found for C:\Users\tharu\Desktop\scala\scala\labsheet\new.scala. Using presentation compiler with project's scala-library version: 3.3.3
2024.06.25 14:01:21 INFO  no build target found for C:\Users\tharu\Desktop\scala\scala\labsheet\new.scala. Using presentation compiler with project's scala-library version: 3.3.3
2024.06.25 14:01:21 INFO  no build target found for C:\Users\tharu\Desktop\scala\scala\labsheet\new.scala. Using presentation compiler with project's scala-library version: 3.3.3
2024.06.25 14:01:22 INFO  no build target found for C:\Users\tharu\Desktop\scala\scala\labsheet\new.scala. Using presentation compiler with project's scala-library version: 3.3.3
Jun 25, 2024 2:01:22 PM org.eclipse.lsp4j.jsonrpc.RemoteEndpoint handleCancellation
WARNING: Unmatched cancel notification for request id 18
2024.06.25 14:01:22 INFO  no build target found for C:\Users\tharu\Desktop\scala\scala\labsheet\new.scala. Using presentation compiler with project's scala-library version: 3.3.3
2024.06.25 14:01:22 INFO  no build target found for C:\Users\tharu\Desktop\scala\scala\labsheet\new.scala. Using presentation compiler with project's scala-library version: 3.3.3
2024.06.25 14:01:23 INFO  no build target found for C:\Users\tharu\Desktop\scala\scala\labsheet\new.scala. Using presentation compiler with project's scala-library version: 3.3.3
2024.06.25 14:01:23 WARN  Could not find semantic tokens for: file:///C:/Users/tharu/Desktop/scala/scala/labsheet/new.scala
2024.06.25 14:01:24 INFO  no build target found for C:\Users\tharu\Desktop\scala\scala\labsheet\new.scala. Using presentation compiler with project's scala-library version: 3.3.3
2024.06.25 14:01:24 INFO  no build target found for C:\Users\tharu\Desktop\scala\scala\labsheet\new.scala. Using presentation compiler with project's scala-library version: 3.3.3
2024.06.25 14:01:25 INFO  no build target found for C:\Users\tharu\Desktop\scala\scala\labsheet\new.scala. Using presentation compiler with project's scala-library version: 3.3.3
2024.06.25 14:01:25 INFO  no build target found for C:\Users\tharu\Desktop\scala\scala\labsheet\new.scala. Using presentation compiler with project's scala-library version: 3.3.3
2024.06.25 14:01:25 INFO  no build target found for C:\Users\tharu\Desktop\scala\scala\labsheet\new.scala. Using presentation compiler with project's scala-library version: 3.3.3
2024.06.25 14:01:26 INFO  no build target found for C:\Users\tharu\Desktop\scala\scala\labsheet\new.scala. Using presentation compiler with project's scala-library version: 3.3.3
2024.06.25 14:01:26 INFO  time: Connected to build server in 14s
2024.06.25 14:01:26 INFO  Connected to Build server: scala-cli v1.3.2
2024.06.25 14:01:26 INFO  no build target found for C:\Users\tharu\Desktop\scala\scala\labsheet\new.scala. Using presentation compiler with project's scala-library version: 3.3.3
2024.06.25 14:01:26 INFO  time: Imported build in 0.22s
2024.06.25 14:01:27 INFO  compiling scala_f4dd477a3a (1 scala source)
2024.06.25 14:01:31 INFO  time: compiled scala_f4dd477a3a in 3.95s
Jun 25, 2024 2:01:31 PM org.eclipse.lsp4j.jsonrpc.RemoteEndpoint handleCancellation
WARNING: Unmatched cancel notification for request id 51
Jun 25, 2024 2:01:31 PM org.eclipse.lsp4j.jsonrpc.RemoteEndpoint handleCancellation
WARNING: Unmatched cancel notification for request id 55
Jun 25, 2024 2:01:31 PM org.eclipse.lsp4j.jsonrpc.RemoteEndpoint handleCancellation
WARNING: Unmatched cancel notification for request id 52
Jun 25, 2024 2:01:32 PM org.eclipse.lsp4j.jsonrpc.RemoteEndpoint handleCancellation
WARNING: Unmatched cancel notification for request id 63
Jun 25, 2024 2:01:32 PM org.eclipse.lsp4j.jsonrpc.RemoteEndpoint handleCancellation
WARNING: Unmatched cancel notification for request id 64
Jun 25, 2024 2:01:33 PM org.eclipse.lsp4j.jsonrpc.RemoteEndpoint handleCancellation
WARNING: Unmatched cancel notification for request id 76
2024.06.25 14:01:36 INFO  time: indexed workspace in 9.7s
Jun 25, 2024 2:02:17 PM scala.meta.internal.pc.CompilerAccess handleError
SEVERE: A severe compiler error occurred, full details of the error can be found in the error report C:\Users\tharu\Desktop\scala\scala\.metals\.reports\metals-full\2024-06-25\r_compiler-error_(scala_f4dd477a3a)_14-02-17-592.md
Jun 25, 2024 2:04:23 PM org.eclipse.lsp4j.jsonrpc.RemoteEndpoint handleCancellation
WARNING: Unmatched cancel notification for request id 595
Jun 25, 2024 2:04:50 PM org.eclipse.lsp4j.jsonrpc.RemoteEndpoint handleCancellation
WARNING: Unmatched cancel notification for request id 680
2024.06.25 14:05:55 INFO  compiling scala_f4dd477a3a (1 scala source)
2024.06.25 14:05:58 INFO  time: compiled scala_f4dd477a3a in 2.31s
2024.06.25 14:08:19 WARN  Could not find semantic tokens for: file:///C:/Users/tharu/Desktop/scala/scala/labsheet/new.scala
2024.06.25 14:24:54 INFO  Shutting down server
2024.06.25 14:24:54 INFO  shutting down Metals
2024.06.25 14:24:54 INFO  Shut down connection with build server.
2024.06.25 14:24:54 INFO  BSP server: Jun 25, 2024 2:24:54 PM org.eclipse.lsp4j.jsonrpc.RemoteEndpoint handleNotification
2024.06.25 14:24:54 INFO  BSP server: WARNING: Notification threw an exception: {
2024.06.25 14:24:54 INFO  BSP server:   "jsonrpc": "2.0",
2024.06.25 14:24:54 INFO  BSP server:   "method": "build/exit",
2024.06.25 14:24:54 INFO  Exiting server
2024.07.01 10:50:56 INFO  Started: Metals version 1.3.2 in folders 'C:\Users\tharu\Desktop\scala\scala' for client Visual Studio Code 1.90.2.
SLF4J(W): Class path contains multiple SLF4J providers.
SLF4J(W): Found provider [scribe.slf4j.ScribeServiceProvider@29ddfe7f]
SLF4J(W): Found provider [ch.qos.logback.classic.spi.LogbackServiceProvider@4ef08df2]
SLF4J(W): See https://www.slf4j.org/codes.html#multiple_bindings for an explanation.
SLF4J(I): Actual provider is of type [scribe.slf4j.ScribeServiceProvider@29ddfe7f]
2024.07.01 10:50:57 WARN  Flyway upgrade recommended: H2 2.2.224 is newer than this version of Flyway and support has not been tested. The latest supported version of H2 is 2.2.220.
2024.07.01 10:50:58 INFO  Attempting to connect to the build server...
2024.07.01 10:50:58 INFO  Running BSP server List(C:\Users\tharu\AppData\Local\Coursier\data\bin\.scala-cli.aux.exe, bsp, --json-options, C:\Users\tharu\Desktop\scala\scala\.scala-build\ide-options-v2.json, --json-launcher-options, C:\Users\tharu\Desktop\scala\scala\.scala-build\ide-launcher-options.json, --envs-file, C:\Users\tharu\Desktop\scala\scala\.scala-build\ide-envs.json, C:\Users\tharu\Desktop\scala\scala)
2024.07.01 10:50:58 INFO  tracing is disabled for protocol BSP, to enable tracing of incoming and outgoing JSON messages create an empty file at C:\Users\tharu\Desktop\scala\scala\.metals\bsp.trace.json or C:\Users\tharu\AppData\Local\scalameta\metals\cache\bsp.trace.json
2024.07.01 10:51:02 INFO  BSP server: Starting compilation server
2024.07.01 10:51:12 INFO  time: Connected to build server in 13s
2024.07.01 10:51:12 INFO  Connected to Build server: scala-cli v1.3.2
2024.07.01 10:51:12 INFO  time: Imported build in 0.22s
2024.07.01 10:51:13 INFO  compiling scala_f4dd477a3a (1 scala source)
2024.07.01 10:51:17 INFO  time: compiled scala_f4dd477a3a in 3.28s
2024.07.01 10:51:17 INFO  compiling scala_f4dd477a3a (1 scala source)
2024.07.01 10:51:17 INFO  time: compiled scala_f4dd477a3a in 0.21s
2024.07.01 10:51:24 INFO  time: indexed workspace in 11s
2024.07.01 10:51:24 INFO  no build target found for C:\Users\tharu\Desktop\scala\scala\labsheet03\Q1.scala. Using presentation compiler with project's scala-library version: 3.3.3
2024.07.01 10:51:24 WARN  no build target for: C:\Users\tharu\Desktop\scala\scala\labsheet03\Q1.scala
2024.07.01 10:51:24 INFO  compiling scala_f4dd477a3a (2 scala sources)
2024.07.01 10:51:26 INFO  time: compiled scala_f4dd477a3a in 1.76s
2024.07.01 10:51:26 INFO  compiling scala_f4dd477a3a (2 scala sources)
2024.07.01 10:51:26 INFO  time: compiled scala_f4dd477a3a in 11ms
2024.07.01 10:51:26 INFO  compiling scala_f4dd477a3a (2 scala sources)
2024.07.01 10:51:26 INFO  time: compiled scala_f4dd477a3a in 0.16s
2024.07.01 10:51:27 INFO  time: indexed workspace in 2.25s
2024.07.01 10:51:28 INFO  compiling scala_f4dd477a3a (2 scala sources)
2024.07.01 10:51:28 INFO  time: compiled scala_f4dd477a3a in 0.15s
2024.07.01 10:51:31 WARN  Could not find semantic tokens for: file:///C:/Users/tharu/Desktop/scala/scala/labsheet03/Q1.scala
2024.07.01 10:51:33 WARN  Could not find semantic tokens for: file:///C:/Users/tharu/Desktop/scala/scala/labsheet03/Q1.scala
2024.07.01 10:51:35 INFO  no build target found for C:\Users\tharu\Desktop\scala\scala\labsheet03\Q2.scala. Using presentation compiler with project's scala-library version: 3.3.3
2024.07.01 10:51:36 INFO  compiling scala_f4dd477a3a (3 scala sources)
2024.07.01 10:51:36 INFO  time: compiled scala_f4dd477a3a in 0.14s
2024.07.01 10:51:36 INFO  compiling scala_f4dd477a3a (3 scala sources)
2024.07.01 10:51:36 INFO  time: compiled scala_f4dd477a3a in 0.13s
2024.07.01 10:51:37 INFO  no build target found for C:\Users\tharu\Desktop\scala\scala\labsheet03\Q2.scala. Using presentation compiler with project's scala-library version: 3.3.3
2024.07.01 10:51:37 WARN  Could not find semantic tokens for: file:///C:/Users/tharu/Desktop/scala/scala/labsheet03/Q2.scala
2024.07.01 10:51:37 INFO  time: code lens generation in 1.54s
2024.07.01 10:51:39 INFO  time: indexed workspace in 3.83s
2024.07.01 10:51:40 INFO  compiling scala_f4dd477a3a (3 scala sources)
2024.07.01 10:51:40 INFO  time: compiled scala_f4dd477a3a in 85ms
2024.07.01 10:51:40 WARN  Could not find semantic tokens for: file:///C:/Users/tharu/Desktop/scala/scala/labsheet03/Q1.scala
2024.07.01 10:51:48 INFO  no build target found for C:\Users\tharu\Desktop\scala\scala\labsheet03\Q3.scala. Using presentation compiler with project's scala-library version: 3.3.3
2024.07.01 10:51:48 INFO  compiling scala_f4dd477a3a (4 scala sources)
2024.07.01 10:51:48 INFO  time: compiled scala_f4dd477a3a in 0.12s
2024.07.01 10:51:48 INFO  compiling scala_f4dd477a3a (4 scala sources)
2024.07.01 10:51:48 INFO  time: compiled scala_f4dd477a3a in 84ms
2024.07.01 10:51:49 WARN  Could not find semantic tokens for: file:///C:/Users/tharu/Desktop/scala/scala/labsheet03/Q3.scala
2024.07.01 10:51:50 INFO  time: indexed workspace in 2.05s
2024.07.01 10:51:51 INFO  compiling scala_f4dd477a3a (4 scala sources)
2024.07.01 10:51:51 INFO  time: compiled scala_f4dd477a3a in 81ms
2024.07.01 10:51:50 WARN  Could not find semantic tokens for: file:///C:/Users/tharu/Desktop/scala/scala/labsheet03/Q3.scala
2024.07.01 10:52:00 INFO  no build target found for C:\Users\tharu\Desktop\scala\scala\labsheet03\Q4.scala. Using presentation compiler with project's scala-library version: 3.3.3
2024.07.01 10:52:01 INFO  compiling scala_f4dd477a3a (5 scala sources)
2024.07.01 10:52:01 INFO  time: compiled scala_f4dd477a3a in 86ms
2024.07.01 10:52:01 WARN  Could not find semantic tokens for: file:///C:/Users/tharu/Desktop/scala/scala/labsheet03/Q4.scala
2024.07.01 10:52:01 INFO  compiling scala_f4dd477a3a (5 scala sources)
2024.07.01 10:52:01 INFO  time: compiled scala_f4dd477a3a in 73ms
2024.07.01 10:52:03 INFO  time: indexed workspace in 2.14s
2024.07.01 10:52:03 INFO  compiling scala_f4dd477a3a (5 scala sources)
2024.07.01 10:52:03 INFO  time: compiled scala_f4dd477a3a in 0.11s
2024.07.01 10:52:03 WARN  Could not find semantic tokens for: file:///C:/Users/tharu/Desktop/scala/scala/labsheet03/Q4.scala
2024.07.01 12:59:08 WARN  Could not find semantic tokens for: file:///C:/Users/tharu/Desktop/scala/scala/labsheet03/Q4.scala
2024.07.01 12:59:09 WARN  Could not find semantic tokens for: file:///C:/Users/tharu/Desktop/scala/scala/labsheet03/Q4.scala
2024.07.01 12:59:10 INFO  compiling scala_f4dd477a3a (5 scala sources)
2024.07.01 12:59:10 INFO  time: compiled scala_f4dd477a3a in 0.13s
2024.07.01 12:59:10 WARN  Could not find semantic tokens for: file:///C:/Users/tharu/Desktop/scala/scala/labsheet03/Q4.scala
2024.07.01 12:59:10 WARN  Could not find semantic tokens for: file:///C:/Users/tharu/Desktop/scala/scala/labsheet03/Q4.scala
2024.07.01 12:59:11 WARN  Could not find semantic tokens for: file:///C:/Users/tharu/Desktop/scala/scala/labsheet03/Q4.scala
2024.07.01 12:59:11 WARN  Could not find semantic tokens for: file:///C:/Users/tharu/Desktop/scala/scala/labsheet03/Q4.scala
Jul 01, 2024 12:59:11 PM org.eclipse.lsp4j.jsonrpc.RemoteEndpoint handleCancellation
WARNING: Unmatched cancel notification for request id 80
2024.07.01 12:59:12 WARN  Could not find semantic tokens for: file:///C:/Users/tharu/Desktop/scala/scala/labsheet03/Q4.scala
2024.07.01 12:59:12 WARN  Could not find semantic tokens for: file:///C:/Users/tharu/Desktop/scala/scala/labsheet03/Q4.scala
2024.07.01 12:59:13 WARN  Could not find semantic tokens for: file:///C:/Users/tharu/Desktop/scala/scala/labsheet03/Q4.scala
2024.07.01 12:59:13 WARN  Could not find semantic tokens for: file:///C:/Users/tharu/Desktop/scala/scala/labsheet03/Q4.scala
2024.07.01 12:59:14 INFO  compiling scala_f4dd477a3a (5 scala sources)
2024.07.01 12:59:14 INFO  time: compiled scala_f4dd477a3a in 0.11s
2024.07.01 12:59:15 WARN  Could not find semantic tokens for: file:///C:/Users/tharu/Desktop/scala/scala/labsheet03/Q4.scala
2024.07.01 12:59:19 WARN  Could not find semantic tokens for: file:///C:/Users/tharu/Desktop/scala/scala/labsheet03/Q2.scala
2024.07.01 12:59:24 WARN  Could not find semantic tokens for: file:///C:/Users/tharu/Desktop/scala/scala/labsheet03/Q4.scala
2024.07.01 12:59:30 WARN  Could not find semantic tokens for: file:///C:/Users/tharu/Desktop/scala/scala/labsheet03/Q4.scala
2024.07.01 12:59:30 WARN  Could not find semantic tokens for: file:///C:/Users/tharu/Desktop/scala/scala/labsheet03/Q4.scala
2024.07.01 12:59:30 WARN  Could not find semantic tokens for: file:///C:/Users/tharu/Desktop/scala/scala/labsheet03/Q4.scala
2024.07.01 12:59:31 WARN  Could not find semantic tokens for: file:///C:/Users/tharu/Desktop/scala/scala/labsheet03/Q4.scala
2024.07.01 12:59:31 WARN  Could not find semantic tokens for: file:///C:/Users/tharu/Desktop/scala/scala/labsheet03/Q4.scala
2024.07.01 12:59:33 INFO  compiling scala_f4dd477a3a (5 scala sources)
2024.07.01 12:59:33 INFO  time: compiled scala_f4dd477a3a in 83ms
2024.07.01 12:59:33 WARN  Could not find semantic tokens for: file:///C:/Users/tharu/Desktop/scala/scala/labsheet03/Q4.scala
2024.07.01 12:59:36 WARN  Could not find semantic tokens for: file:///C:/Users/tharu/Desktop/scala/scala/labsheet03/Q1.scala
2024.07.01 12:59:38 WARN  Could not find semantic tokens for: file:///C:/Users/tharu/Desktop/scala/scala/labsheet03/Q1.scala
2024.07.01 12:59:40 WARN  Could not find semantic tokens for: file:///C:/Users/tharu/Desktop/scala/scala/labsheet03/Q1.scala
2024.07.01 12:59:41 WARN  Could not find semantic tokens for: file:///C:/Users/tharu/Desktop/scala/scala/labsheet03/Q1.scala
2024.07.01 12:59:42 WARN  Could not find semantic tokens for: file:///C:/Users/tharu/Desktop/scala/scala/labsheet03/Q1.scala
2024.07.01 12:59:42 WARN  Could not find semantic tokens for: file:///C:/Users/tharu/Desktop/scala/scala/labsheet03/Q1.scala
2024.07.01 12:59:43 WARN  Could not find semantic tokens for: file:///C:/Users/tharu/Desktop/scala/scala/labsheet03/Q1.scala
2024.07.01 12:59:44 INFO  compiling scala_f4dd477a3a (5 scala sources)
2024.07.01 12:59:44 INFO  time: compiled scala_f4dd477a3a in 0.13s
2024.07.01 12:59:44 WARN  Could not find semantic tokens for: file:///C:/Users/tharu/Desktop/scala/scala/labsheet03/Q1.scala
2024.07.01 19:53:51 WARN  Could not find semantic tokens for: file:///C:/Users/tharu/Desktop/scala/scala/labsheet03/Q1.scala
2024.07.01 19:53:52 WARN  Could not find semantic tokens for: file:///C:/Users/tharu/Desktop/scala/scala/labsheet03/Q1.scala
2024.07.01 19:53:53 INFO  compiling scala_f4dd477a3a (5 scala sources)
2024.07.01 19:53:53 INFO  time: compiled scala_f4dd477a3a in 0.1s
2024.07.01 19:53:54 INFO  compiling scala_f4dd477a3a (5 scala sources)
2024.07.01 19:53:56 INFO  time: compiled scala_f4dd477a3a in 1.37s
2024.07.01 20:01:39 INFO  compiling scala_f4dd477a3a (5 scala sources)
2024.07.01 20:01:39 INFO  time: compiled scala_f4dd477a3a in 0.43s
2024.07.01 20:01:46 INFO  compiling scala_f4dd477a3a (5 scala sources)
2024.07.01 20:01:46 INFO  time: compiled scala_f4dd477a3a in 0.39s
2024.07.01 20:01:50 INFO  compiling scala_f4dd477a3a (5 scala sources)
2024.07.01 20:01:50 INFO  time: compiled scala_f4dd477a3a in 0.34s
Jul 01, 2024 8:01:53 PM org.eclipse.lsp4j.jsonrpc.RemoteEndpoint handleCancellation
WARNING: Unmatched cancel notification for request id 338
2024.07.01 20:01:57 INFO  compiling scala_f4dd477a3a (5 scala sources)
2024.07.01 20:01:57 INFO  time: compiled scala_f4dd477a3a in 0.3s
Jul 01, 2024 8:09:10 PM org.eclipse.lsp4j.jsonrpc.RemoteEndpoint handleCancellation
WARNING: Unmatched cancel notification for request id 455
Jul 01, 2024 8:09:20 PM org.eclipse.lsp4j.jsonrpc.RemoteEndpoint handleCancellation
WARNING: Unmatched cancel notification for request id 466
2024.07.01 20:12:24 INFO  compiling scala_f4dd477a3a (5 scala sources)
2024.07.01 20:12:24 INFO  time: compiled scala_f4dd477a3a in 0.39s
2024.07.01 20:12:27 INFO  compiling scala_f4dd477a3a (5 scala sources)
2024.07.01 20:12:27 INFO  time: compiled scala_f4dd477a3a in 0.33s
2024.07.01 20:12:28 INFO  compiling scala_f4dd477a3a (5 scala sources)
2024.07.01 20:12:28 INFO  time: compiled scala_f4dd477a3a in 0.47s
2024.07.01 20:12:30 INFO  compiling scala_f4dd477a3a (5 scala sources)
2024.07.01 20:12:30 INFO  time: compiled scala_f4dd477a3a in 0.25s
2024.07.01 20:12:39 INFO  compiling scala_f4dd477a3a (5 scala sources)
2024.07.01 20:12:39 INFO  time: compiled scala_f4dd477a3a in 0.33s
2024.07.01 20:12:48 INFO  compiling scala_f4dd477a3a (5 scala sources)
2024.07.01 20:12:48 INFO  time: compiled scala_f4dd477a3a in 0.3s
2024.07.01 20:12:58 INFO  compiling scala_f4dd477a3a (5 scala sources)
2024.07.01 20:12:58 INFO  time: compiled scala_f4dd477a3a in 0.24s
2024.07.01 20:13:01 INFO  compiling scala_f4dd477a3a (5 scala sources)
2024.07.01 20:13:01 INFO  time: compiled scala_f4dd477a3a in 0.27s
2024.07.01 20:15:53 INFO  compiling scala_f4dd477a3a (5 scala sources)
2024.07.01 20:15:53 INFO  time: compiled scala_f4dd477a3a in 0.26s
2024.07.01 20:16:17 INFO  compiling scala_f4dd477a3a (5 scala sources)
2024.07.01 20:16:17 INFO  time: compiled scala_f4dd477a3a in 0.25s
2024.07.01 20:16:54 WARN  Could not find semantic tokens for: file:///C:/Users/tharu/Desktop/scala/scala/labsheet03/Q2.scala
2024.07.01 20:45:27 INFO  compiling scala_f4dd477a3a (5 scala sources)
2024.07.01 20:45:27 INFO  time: compiled scala_f4dd477a3a in 0.47s
2024.07.01 20:48:55 INFO  compiling scala_f4dd477a3a (5 scala sources)
2024.07.01 20:48:55 INFO  time: compiled scala_f4dd477a3a in 0.33s
2024.07.01 20:49:10 INFO  compiling scala_f4dd477a3a (5 scala sources)
2024.07.01 20:49:10 INFO  time: compiled scala_f4dd477a3a in 0.27s
2024.07.01 20:49:26 INFO  compiling scala_f4dd477a3a (5 scala sources)
2024.07.01 20:49:26 INFO  time: compiled scala_f4dd477a3a in 0.49s
2024.07.01 20:49:28 INFO  compiling scala_f4dd477a3a (5 scala sources)
2024.07.01 20:49:28 INFO  time: compiled scala_f4dd477a3a in 0.33s
2024.07.01 20:49:32 INFO  compiling scala_f4dd477a3a (5 scala sources)
2024.07.01 20:49:32 INFO  time: compiled scala_f4dd477a3a in 0.24s
2024.07.01 20:49:39 INFO  compiling scala_f4dd477a3a (5 scala sources)
2024.07.01 20:49:39 INFO  time: compiled scala_f4dd477a3a in 0.32s
2024.07.01 20:49:41 INFO  compiling scala_f4dd477a3a (5 scala sources)
2024.07.01 20:49:41 INFO  time: compiled scala_f4dd477a3a in 0.24s
2024.07.01 20:49:44 INFO  compiling scala_f4dd477a3a (5 scala sources)
2024.07.01 20:49:44 INFO  time: compiled scala_f4dd477a3a in 0.34s
2024.07.01 20:49:48 INFO  compiling scala_f4dd477a3a (5 scala sources)
2024.07.01 20:49:48 INFO  time: compiled scala_f4dd477a3a in 0.23s
2024.07.01 20:49:51 INFO  compiling scala_f4dd477a3a (5 scala sources)
2024.07.01 20:49:51 INFO  time: compiled scala_f4dd477a3a in 0.24s
2024.07.01 20:49:54 INFO  compiling scala_f4dd477a3a (5 scala sources)
2024.07.01 20:49:54 INFO  time: compiled scala_f4dd477a3a in 0.23s
2024.07.01 20:50:01 INFO  compiling scala_f4dd477a3a (5 scala sources)
2024.07.01 20:50:01 INFO  time: compiled scala_f4dd477a3a in 0.41s
2024.07.01 20:50:04 INFO  compiling scala_f4dd477a3a (5 scala sources)
2024.07.01 20:50:04 INFO  time: compiled scala_f4dd477a3a in 0.27s
2024.07.01 20:50:09 INFO  compiling scala_f4dd477a3a (5 scala sources)
2024.07.01 20:50:09 INFO  time: compiled scala_f4dd477a3a in 0.26s
2024.07.01 20:50:15 INFO  compiling scala_f4dd477a3a (5 scala sources)
2024.07.01 20:50:15 INFO  time: compiled scala_f4dd477a3a in 0.21s
2024.07.01 20:50:19 INFO  compiling scala_f4dd477a3a (5 scala sources)
2024.07.01 20:50:19 INFO  time: compiled scala_f4dd477a3a in 0.26s
2024.07.01 20:50:21 INFO  compiling scala_f4dd477a3a (5 scala sources)
2024.07.01 20:50:21 INFO  time: compiled scala_f4dd477a3a in 0.26s
2024.07.01 20:50:26 INFO  compiling scala_f4dd477a3a (5 scala sources)
2024.07.01 20:50:26 INFO  time: compiled scala_f4dd477a3a in 0.32s
2024.07.01 20:50:28 INFO  compiling scala_f4dd477a3a (5 scala sources)
2024.07.01 20:50:28 INFO  time: compiled scala_f4dd477a3a in 0.23s
2024.07.01 20:50:31 INFO  compiling scala_f4dd477a3a (5 scala sources)
2024.07.01 20:50:31 INFO  time: compiled scala_f4dd477a3a in 0.27s
2024.07.01 20:50:33 INFO  compiling scala_f4dd477a3a (5 scala sources)
2024.07.01 20:50:33 INFO  time: compiled scala_f4dd477a3a in 0.25s
2024.07.01 20:50:45 INFO  compiling scala_f4dd477a3a (5 scala sources)
2024.07.01 20:50:45 INFO  time: compiled scala_f4dd477a3a in 0.24s
2024.07.01 20:50:47 INFO  compiling scala_f4dd477a3a (5 scala sources)
2024.07.01 20:50:47 INFO  time: compiled scala_f4dd477a3a in 0.22s
2024.07.01 20:50:50 INFO  compiling scala_f4dd477a3a (5 scala sources)
2024.07.01 20:50:50 INFO  time: compiled scala_f4dd477a3a in 0.25s
2024.07.01 20:50:55 INFO  compiling scala_f4dd477a3a (5 scala sources)
2024.07.01 20:50:55 INFO  time: compiled scala_f4dd477a3a in 0.21s
2024.07.01 20:51:03 INFO  compiling scala_f4dd477a3a (5 scala sources)
2024.07.01 20:51:03 INFO  time: compiled scala_f4dd477a3a in 0.25s
2024.07.01 20:51:05 INFO  compiling scala_f4dd477a3a (5 scala sources)
2024.07.01 20:51:05 INFO  time: compiled scala_f4dd477a3a in 0.24s
2024.07.01 20:51:08 INFO  compiling scala_f4dd477a3a (5 scala sources)
2024.07.01 20:51:08 INFO  time: compiled scala_f4dd477a3a in 0.2s
2024.07.01 20:51:12 INFO  compiling scala_f4dd477a3a (5 scala sources)
2024.07.01 20:51:12 INFO  time: compiled scala_f4dd477a3a in 0.2s
2024.07.01 20:51:22 INFO  compiling scala_f4dd477a3a (5 scala sources)
2024.07.01 20:51:22 INFO  time: compiled scala_f4dd477a3a in 0.2s
2024.07.01 20:51:28 INFO  compiling scala_f4dd477a3a (5 scala sources)
2024.07.01 20:51:28 INFO  time: compiled scala_f4dd477a3a in 0.2s
2024.07.01 20:51:29 INFO  compiling scala_f4dd477a3a (5 scala sources)
2024.07.01 20:51:29 INFO  time: compiled scala_f4dd477a3a in 0.19s
2024.07.01 20:51:31 INFO  compiling scala_f4dd477a3a (5 scala sources)
2024.07.01 20:51:31 INFO  time: compiled scala_f4dd477a3a in 0.28s
2024.07.01 20:51:38 INFO  compiling scala_f4dd477a3a (5 scala sources)
2024.07.01 20:51:38 INFO  time: compiled scala_f4dd477a3a in 0.22s
2024.07.01 20:51:44 INFO  compiling scala_f4dd477a3a (5 scala sources)
2024.07.01 20:51:44 INFO  time: compiled scala_f4dd477a3a in 0.2s
2024.07.01 20:51:47 INFO  compiling scala_f4dd477a3a (5 scala sources)
2024.07.01 20:51:47 INFO  time: compiled scala_f4dd477a3a in 0.21s
2024.07.01 20:51:48 INFO  compiling scala_f4dd477a3a (5 scala sources)
2024.07.01 20:51:48 INFO  time: compiled scala_f4dd477a3a in 0.24s
2024.07.01 20:51:51 INFO  compiling scala_f4dd477a3a (5 scala sources)
2024.07.01 20:51:51 INFO  time: compiled scala_f4dd477a3a in 0.22s
2024.07.01 20:51:52 INFO  compiling scala_f4dd477a3a (5 scala sources)
2024.07.01 20:51:52 INFO  time: compiled scala_f4dd477a3a in 0.17s
2024.07.01 20:51:56 INFO  compiling scala_f4dd477a3a (5 scala sources)
2024.07.01 20:51:56 INFO  time: compiled scala_f4dd477a3a in 0.22s
2024.07.01 20:51:57 INFO  compiling scala_f4dd477a3a (5 scala sources)
2024.07.01 20:51:57 INFO  time: compiled scala_f4dd477a3a in 0.18s
2024.07.01 20:52:03 INFO  compiling scala_f4dd477a3a (5 scala sources)
2024.07.01 20:52:03 INFO  time: compiled scala_f4dd477a3a in 0.21s
2024.07.01 20:52:19 ERROR Failed to tokenize input for semantic tokens for C:\Users\tharu\Desktop\scala\scala\labsheet03\Q1.scala
scala.meta.tokenizers.TokenizeException: <input>:13: error: unclosed string interpolation
    println(s"Reversed string: $")
              ^
	at scala.meta.internal.tokenizers.Reporter.syntaxError(Reporter.scala:23)
	at scala.meta.internal.tokenizers.Reporter.syntaxError$(Reporter.scala:23)
	at scala.meta.internal.tokenizers.Reporter$$anon$1.syntaxError(Reporter.scala:32)
	at scala.meta.internal.tokenizers.Reporter.syntaxError(Reporter.scala:25)
	at scala.meta.internal.tokenizers.Reporter.syntaxError$(Reporter.scala:25)
	at scala.meta.internal.tokenizers.Reporter$$anon$1.syntaxError(Reporter.scala:32)
	at scala.meta.internal.tokenizers.LegacyScanner.getStringPart(LegacyScanner.scala:605)
	at scala.meta.internal.tokenizers.LegacyScanner.fetchDoubleQuote$1(LegacyScanner.scala:347)
	at scala.meta.internal.tokenizers.LegacyScanner.fetchToken(LegacyScanner.scala:363)
	at scala.meta.internal.tokenizers.LegacyScanner.nextToken(LegacyScanner.scala:201)
	at scala.meta.internal.tokenizers.LegacyScanner.foreach(LegacyScanner.scala:912)
	at scala.meta.internal.tokenizers.ScalametaTokenizer.uncachedTokenize(ScalametaTokenizer.scala:23)
	at scala.meta.internal.tokenizers.ScalametaTokenizer.$anonfun$tokenize$1(ScalametaTokenizer.scala:17)
	at scala.collection.concurrent.TrieMap.getOrElseUpdate(TrieMap.scala:960)
	at scala.meta.internal.tokenizers.ScalametaTokenizer.tokenize(ScalametaTokenizer.scala:17)
	at scala.meta.internal.tokenizers.ScalametaTokenizer$$anon$2.apply(ScalametaTokenizer.scala:322)
	at scala.meta.tokenizers.Api$XtensionTokenizeDialectInput.tokenize(Api.scala:22)
	at scala.meta.tokenizers.Api$XtensionTokenizeInputLike.tokenize(Api.scala:13)
	at scala.meta.internal.metals.SemanticTokensProvider$.getTokens(SemanticTokensProvider.scala:28)
	at scala.meta.internal.metals.SemanticTokensProvider$.provide(SemanticTokensProvider.scala:89)
	at scala.meta.internal.metals.Compilers.$anonfun$semanticTokens$3(Compilers.scala:545)
	at scala.concurrent.impl.Promise$Transformation.run(Promise.scala:467)
	at java.util.concurrent.ThreadPoolExecutor.runWorker(ThreadPoolExecutor.java:1136)
	at java.util.concurrent.ThreadPoolExecutor$Worker.run(ThreadPoolExecutor.java:635)
	at java.lang.Thread.run(Thread.java:833)

2024.07.01 20:52:20 INFO  compiling scala_f4dd477a3a (5 scala sources)
2024.07.01 20:52:20 INFO  time: compiled scala_f4dd477a3a in 0.23s
2024.07.01 20:52:20 ERROR Failed to tokenize input for semantic tokens for C:\Users\tharu\Desktop\scala\scala\labsheet03\Q1.scala
scala.meta.tokenizers.TokenizeException: <input>:13: error: unclosed string interpolation
    println(s"Reversed string: $")
              ^
	at scala.meta.internal.tokenizers.Reporter.syntaxError(Reporter.scala:23)
	at scala.meta.internal.tokenizers.Reporter.syntaxError$(Reporter.scala:23)
	at scala.meta.internal.tokenizers.Reporter$$anon$1.syntaxError(Reporter.scala:32)
	at scala.meta.internal.tokenizers.Reporter.syntaxError(Reporter.scala:25)
	at scala.meta.internal.tokenizers.Reporter.syntaxError$(Reporter.scala:25)
	at scala.meta.internal.tokenizers.Reporter$$anon$1.syntaxError(Reporter.scala:32)
	at scala.meta.internal.tokenizers.LegacyScanner.getStringPart(LegacyScanner.scala:605)
	at scala.meta.internal.tokenizers.LegacyScanner.fetchDoubleQuote$1(LegacyScanner.scala:347)
	at scala.meta.internal.tokenizers.LegacyScanner.fetchToken(LegacyScanner.scala:363)
	at scala.meta.internal.tokenizers.LegacyScanner.nextToken(LegacyScanner.scala:201)
	at scala.meta.internal.tokenizers.LegacyScanner.foreach(LegacyScanner.scala:912)
	at scala.meta.internal.tokenizers.ScalametaTokenizer.uncachedTokenize(ScalametaTokenizer.scala:23)
	at scala.meta.internal.tokenizers.ScalametaTokenizer.$anonfun$tokenize$1(ScalametaTokenizer.scala:17)
	at scala.collection.concurrent.TrieMap.getOrElseUpdate(TrieMap.scala:960)
	at scala.meta.internal.tokenizers.ScalametaTokenizer.tokenize(ScalametaTokenizer.scala:17)
	at scala.meta.internal.tokenizers.ScalametaTokenizer$$anon$2.apply(ScalametaTokenizer.scala:322)
	at scala.meta.tokenizers.Api$XtensionTokenizeDialectInput.tokenize(Api.scala:22)
	at scala.meta.tokenizers.Api$XtensionTokenizeInputLike.tokenize(Api.scala:13)
	at scala.meta.internal.metals.SemanticTokensProvider$.getTokens(SemanticTokensProvider.scala:28)
	at scala.meta.internal.metals.SemanticTokensProvider$.provide(SemanticTokensProvider.scala:89)
	at scala.meta.internal.metals.Compilers.$anonfun$semanticTokens$3(Compilers.scala:545)
	at scala.concurrent.impl.Promise$Transformation.run(Promise.scala:467)
	at java.util.concurrent.ThreadPoolExecutor.runWorker(ThreadPoolExecutor.java:1136)
	at java.util.concurrent.ThreadPoolExecutor$Worker.run(ThreadPoolExecutor.java:635)
	at java.lang.Thread.run(Thread.java:833)

2024.07.01 20:52:24 INFO  compiling scala_f4dd477a3a (5 scala sources)
2024.07.01 20:52:24 INFO  time: compiled scala_f4dd477a3a in 0.19s
2024.07.01 20:52:29 INFO  compiling scala_f4dd477a3a (5 scala sources)
2024.07.01 20:52:29 INFO  time: compiled scala_f4dd477a3a in 0.19s
2024.07.01 20:52:31 INFO  compiling scala_f4dd477a3a (5 scala sources)
2024.07.01 20:52:31 INFO  time: compiled scala_f4dd477a3a in 0.18s
2024.07.01 20:52:36 INFO  compiling scala_f4dd477a3a (5 scala sources)
2024.07.01 20:52:36 INFO  time: compiled scala_f4dd477a3a in 0.23s
2024.07.01 20:58:25 INFO  compiling scala_f4dd477a3a (5 scala sources)
2024.07.01 20:58:25 INFO  time: compiled scala_f4dd477a3a in 0.23s
2024.07.01 21:00:48 INFO  compiling scala_f4dd477a3a (5 scala sources)
2024.07.01 21:00:48 INFO  time: compiled scala_f4dd477a3a in 0.21s
2024.07.01 21:00:49 INFO  compiling scala_f4dd477a3a (5 scala sources)
2024.07.01 21:00:49 INFO  time: compiled scala_f4dd477a3a in 0.25s
2024.07.01 21:00:50 INFO  compiling scala_f4dd477a3a (5 scala sources)
2024.07.01 21:00:50 INFO  time: compiled scala_f4dd477a3a in 0.23s
2024.07.01 21:00:54 INFO  compiling scala_f4dd477a3a (5 scala sources)
2024.07.01 21:00:54 INFO  time: compiled scala_f4dd477a3a in 0.18s
2024.07.01 21:00:58 INFO  compiling scala_f4dd477a3a (5 scala sources)
2024.07.01 21:00:58 INFO  time: compiled scala_f4dd477a3a in 0.22s
2024.07.01 21:01:00 INFO  compiling scala_f4dd477a3a (5 scala sources)
2024.07.01 21:01:00 INFO  time: compiled scala_f4dd477a3a in 0.23s
2024.07.01 21:01:19 INFO  compiling scala_f4dd477a3a (5 scala sources)
2024.07.01 21:01:19 INFO  time: compiled scala_f4dd477a3a in 0.18s
2024.07.01 21:01:24 INFO  compiling scala_f4dd477a3a (5 scala sources)
2024.07.01 21:01:24 INFO  time: compiled scala_f4dd477a3a in 0.18s
2024.07.01 21:01:25 INFO  compiling scala_f4dd477a3a (5 scala sources)
2024.07.01 21:01:25 INFO  time: compiled scala_f4dd477a3a in 0.24s
2024.07.01 21:01:27 INFO  compiling scala_f4dd477a3a (5 scala sources)
2024.07.01 21:01:27 INFO  time: compiled scala_f4dd477a3a in 0.18s
2024.07.01 21:04:30 INFO  compiling scala_f4dd477a3a (5 scala sources)
2024.07.01 21:04:30 INFO  time: compiled scala_f4dd477a3a in 0.21s
2024.07.01 21:04:36 INFO  compiling scala_f4dd477a3a (5 scala sources)
2024.07.01 21:04:36 INFO  time: compiled scala_f4dd477a3a in 0.2s
2024.07.01 21:04:37 INFO  compiling scala_f4dd477a3a (5 scala sources)
2024.07.01 21:04:37 INFO  time: compiled scala_f4dd477a3a in 0.21s
2024.07.01 21:04:42 INFO  compiling scala_f4dd477a3a (5 scala sources)
2024.07.01 21:04:42 INFO  time: compiled scala_f4dd477a3a in 0.18s
2024.07.01 21:04:45 INFO  compiling scala_f4dd477a3a (5 scala sources)
2024.07.01 21:04:45 INFO  time: compiled scala_f4dd477a3a in 0.17s
2024.07.01 21:04:47 INFO  compiling scala_f4dd477a3a (5 scala sources)
2024.07.01 21:04:47 INFO  time: compiled scala_f4dd477a3a in 0.16s
2024.07.01 21:04:49 INFO  compiling scala_f4dd477a3a (5 scala sources)
2024.07.01 21:04:49 INFO  time: compiled scala_f4dd477a3a in 0.21s
2024.07.01 21:04:50 INFO  compiling scala_f4dd477a3a (5 scala sources)
2024.07.01 21:04:50 INFO  time: compiled scala_f4dd477a3a in 0.17s
2024.07.01 21:04:52 ERROR Failed to tokenize input for semantic tokens for C:\Users\tharu\Desktop\scala\scala\labsheet03\Q2.scala
scala.meta.tokenizers.TokenizeException: <input>:6: error: unclosed character literal
    println('')
            ^
	at scala.meta.internal.tokenizers.Reporter.syntaxError(Reporter.scala:23)
	at scala.meta.internal.tokenizers.Reporter.syntaxError$(Reporter.scala:23)
	at scala.meta.internal.tokenizers.Reporter$$anon$1.syntaxError(Reporter.scala:32)
	at scala.meta.internal.tokenizers.Reporter.syntaxError(Reporter.scala:25)
	at scala.meta.internal.tokenizers.Reporter.syntaxError$(Reporter.scala:25)
	at scala.meta.internal.tokenizers.Reporter$$anon$1.syntaxError(Reporter.scala:32)
	at scala.meta.internal.tokenizers.LegacyScanner.fetchSingleQuote$1(LegacyScanner.scala:391)
	at scala.meta.internal.tokenizers.LegacyScanner.fetchToken(LegacyScanner.scala:395)
	at scala.meta.internal.tokenizers.LegacyScanner.nextToken(LegacyScanner.scala:201)
	at scala.meta.internal.tokenizers.LegacyScanner.foreach(LegacyScanner.scala:912)
	at scala.meta.internal.tokenizers.ScalametaTokenizer.uncachedTokenize(ScalametaTokenizer.scala:23)
	at scala.meta.internal.tokenizers.ScalametaTokenizer.$anonfun$tokenize$1(ScalametaTokenizer.scala:17)
	at scala.collection.concurrent.TrieMap.getOrElseUpdate(TrieMap.scala:960)
	at scala.meta.internal.tokenizers.ScalametaTokenizer.tokenize(ScalametaTokenizer.scala:17)
	at scala.meta.internal.tokenizers.ScalametaTokenizer$$anon$2.apply(ScalametaTokenizer.scala:322)
	at scala.meta.tokenizers.Api$XtensionTokenizeDialectInput.tokenize(Api.scala:22)
	at scala.meta.tokenizers.Api$XtensionTokenizeInputLike.tokenize(Api.scala:13)
	at scala.meta.internal.metals.SemanticTokensProvider$.getTokens(SemanticTokensProvider.scala:28)
	at scala.meta.internal.metals.SemanticTokensProvider$.provide(SemanticTokensProvider.scala:89)
	at scala.meta.internal.metals.Compilers.$anonfun$semanticTokens$3(Compilers.scala:545)
	at scala.concurrent.impl.Promise$Transformation.run(Promise.scala:467)
	at java.util.concurrent.ThreadPoolExecutor.runWorker(ThreadPoolExecutor.java:1136)
	at java.util.concurrent.ThreadPoolExecutor$Worker.run(ThreadPoolExecutor.java:635)
	at java.lang.Thread.run(Thread.java:833)

2024.07.01 21:04:53 INFO  compiling scala_f4dd477a3a (5 scala sources)
2024.07.01 21:04:53 INFO  time: compiled scala_f4dd477a3a in 0.15s
2024.07.01 21:04:54 ERROR Failed to tokenize input for semantic tokens for C:\Users\tharu\Desktop\scala\scala\labsheet03\Q2.scala
scala.meta.tokenizers.TokenizeException: <input>:6: error: unclosed character literal
    println('')
            ^
	at scala.meta.internal.tokenizers.Reporter.syntaxError(Reporter.scala:23)
	at scala.meta.internal.tokenizers.Reporter.syntaxError$(Reporter.scala:23)
	at scala.meta.internal.tokenizers.Reporter$$anon$1.syntaxError(Reporter.scala:32)
	at scala.meta.internal.tokenizers.Reporter.syntaxError(Reporter.scala:25)
	at scala.meta.internal.tokenizers.Reporter.syntaxError$(Reporter.scala:25)
	at scala.meta.internal.tokenizers.Reporter$$anon$1.syntaxError(Reporter.scala:32)
	at scala.meta.internal.tokenizers.LegacyScanner.fetchSingleQuote$1(LegacyScanner.scala:391)
	at scala.meta.internal.tokenizers.LegacyScanner.fetchToken(LegacyScanner.scala:395)
	at scala.meta.internal.tokenizers.LegacyScanner.nextToken(LegacyScanner.scala:201)
	at scala.meta.internal.tokenizers.LegacyScanner.foreach(LegacyScanner.scala:912)
	at scala.meta.internal.tokenizers.ScalametaTokenizer.uncachedTokenize(ScalametaTokenizer.scala:23)
	at scala.meta.internal.tokenizers.ScalametaTokenizer.$anonfun$tokenize$1(ScalametaTokenizer.scala:17)
	at scala.collection.concurrent.TrieMap.getOrElseUpdate(TrieMap.scala:960)
	at scala.meta.internal.tokenizers.ScalametaTokenizer.tokenize(ScalametaTokenizer.scala:17)
	at scala.meta.internal.tokenizers.ScalametaTokenizer$$anon$2.apply(ScalametaTokenizer.scala:322)
	at scala.meta.tokenizers.Api$XtensionTokenizeDialectInput.tokenize(Api.scala:22)
	at scala.meta.tokenizers.Api$XtensionTokenizeInputLike.tokenize(Api.scala:13)
	at scala.meta.internal.metals.SemanticTokensProvider$.getTokens(SemanticTokensProvider.scala:28)
	at scala.meta.internal.metals.SemanticTokensProvider$.provide(SemanticTokensProvider.scala:89)
	at scala.meta.internal.metals.Compilers.$anonfun$semanticTokens$3(Compilers.scala:545)
	at scala.concurrent.impl.Promise$Transformation.run(Promise.scala:467)
	at java.util.concurrent.ThreadPoolExecutor.runWorker(ThreadPoolExecutor.java:1136)
	at java.util.concurrent.ThreadPoolExecutor$Worker.run(ThreadPoolExecutor.java:635)
	at java.lang.Thread.run(Thread.java:833)

2024.07.01 21:04:55 ERROR Failed to tokenize input for semantic tokens for C:\Users\tharu\Desktop\scala\scala\labsheet03\Q2.scala
scala.meta.tokenizers.TokenizeException: <input>:6: error: unclosed character literal
    println('th')
               ^
	at scala.meta.internal.tokenizers.Reporter.syntaxError(Reporter.scala:23)
	at scala.meta.internal.tokenizers.Reporter.syntaxError$(Reporter.scala:23)
	at scala.meta.internal.tokenizers.Reporter$$anon$1.syntaxError(Reporter.scala:32)
	at scala.meta.internal.tokenizers.Reporter.syntaxError(Reporter.scala:25)
	at scala.meta.internal.tokenizers.Reporter.syntaxError$(Reporter.scala:25)
	at scala.meta.internal.tokenizers.Reporter$$anon$1.syntaxError(Reporter.scala:32)
	at scala.meta.internal.tokenizers.LegacyScanner.fetchSingleQuote$1(LegacyScanner.scala:391)
	at scala.meta.internal.tokenizers.LegacyScanner.fetchToken(LegacyScanner.scala:395)
	at scala.meta.internal.tokenizers.LegacyScanner.nextToken(LegacyScanner.scala:201)
	at scala.meta.internal.tokenizers.LegacyScanner.foreach(LegacyScanner.scala:912)
	at scala.meta.internal.tokenizers.ScalametaTokenizer.uncachedTokenize(ScalametaTokenizer.scala:23)
	at scala.meta.internal.tokenizers.ScalametaTokenizer.$anonfun$tokenize$1(ScalametaTokenizer.scala:17)
	at scala.collection.concurrent.TrieMap.getOrElseUpdate(TrieMap.scala:960)
	at scala.meta.internal.tokenizers.ScalametaTokenizer.tokenize(ScalametaTokenizer.scala:17)
	at scala.meta.internal.tokenizers.ScalametaTokenizer$$anon$2.apply(ScalametaTokenizer.scala:322)
	at scala.meta.tokenizers.Api$XtensionTokenizeDialectInput.tokenize(Api.scala:22)
	at scala.meta.tokenizers.Api$XtensionTokenizeInputLike.tokenize(Api.scala:13)
	at scala.meta.internal.metals.SemanticTokensProvider$.getTokens(SemanticTokensProvider.scala:28)
	at scala.meta.internal.metals.SemanticTokensProvider$.provide(SemanticTokensProvider.scala:89)
	at scala.meta.internal.metals.Compilers.$anonfun$semanticTokens$3(Compilers.scala:545)
	at scala.concurrent.impl.Promise$Transformation.run(Promise.scala:467)
	at java.util.concurrent.ThreadPoolExecutor.runWorker(ThreadPoolExecutor.java:1136)
	at java.util.concurrent.ThreadPoolExecutor$Worker.run(ThreadPoolExecutor.java:635)
	at java.lang.Thread.run(Thread.java:833)

2024.07.01 21:04:55 ERROR Failed to tokenize input for semantic tokens for C:\Users\tharu\Desktop\scala\scala\labsheet03\Q2.scala
scala.meta.tokenizers.TokenizeException: <input>:6: error: unclosed character literal
    println('tha')
                ^
	at scala.meta.internal.tokenizers.Reporter.syntaxError(Reporter.scala:23)
	at scala.meta.internal.tokenizers.Reporter.syntaxError$(Reporter.scala:23)
	at scala.meta.internal.tokenizers.Reporter$$anon$1.syntaxError(Reporter.scala:32)
	at scala.meta.internal.tokenizers.Reporter.syntaxError(Reporter.scala:25)
	at scala.meta.internal.tokenizers.Reporter.syntaxError$(Reporter.scala:25)
	at scala.meta.internal.tokenizers.Reporter$$anon$1.syntaxError(Reporter.scala:32)
	at scala.meta.internal.tokenizers.LegacyScanner.fetchSingleQuote$1(LegacyScanner.scala:391)
	at scala.meta.internal.tokenizers.LegacyScanner.fetchToken(LegacyScanner.scala:395)
	at scala.meta.internal.tokenizers.LegacyScanner.nextToken(LegacyScanner.scala:201)
	at scala.meta.internal.tokenizers.LegacyScanner.foreach(LegacyScanner.scala:912)
	at scala.meta.internal.tokenizers.ScalametaTokenizer.uncachedTokenize(ScalametaTokenizer.scala:23)
	at scala.meta.internal.tokenizers.ScalametaTokenizer.$anonfun$tokenize$1(ScalametaTokenizer.scala:17)
	at scala.collection.concurrent.TrieMap.getOrElseUpdate(TrieMap.scala:960)
	at scala.meta.internal.tokenizers.ScalametaTokenizer.tokenize(ScalametaTokenizer.scala:17)
	at scala.meta.internal.tokenizers.ScalametaTokenizer$$anon$2.apply(ScalametaTokenizer.scala:322)
	at scala.meta.tokenizers.Api$XtensionTokenizeDialectInput.tokenize(Api.scala:22)
	at scala.meta.tokenizers.Api$XtensionTokenizeInputLike.tokenize(Api.scala:13)
	at scala.meta.internal.metals.SemanticTokensProvider$.getTokens(SemanticTokensProvider.scala:28)
	at scala.meta.internal.metals.SemanticTokensProvider$.provide(SemanticTokensProvider.scala:89)
	at scala.meta.internal.metals.Compilers.$anonfun$semanticTokens$3(Compilers.scala:545)
	at scala.concurrent.impl.Promise$Transformation.run(Promise.scala:467)
	at java.util.concurrent.ThreadPoolExecutor.runWorker(ThreadPoolExecutor.java:1136)
	at java.util.concurrent.ThreadPoolExecutor$Worker.run(ThreadPoolExecutor.java:635)
	at java.lang.Thread.run(Thread.java:833)

2024.07.01 21:04:56 ERROR Failed to tokenize input for semantic tokens for C:\Users\tharu\Desktop\scala\scala\labsheet03\Q2.scala
scala.meta.tokenizers.TokenizeException: <input>:6: error: unclosed character literal
    println('tharu')
                  ^
	at scala.meta.internal.tokenizers.Reporter.syntaxError(Reporter.scala:23)
	at scala.meta.internal.tokenizers.Reporter.syntaxError$(Reporter.scala:23)
	at scala.meta.internal.tokenizers.Reporter$$anon$1.syntaxError(Reporter.scala:32)
	at scala.meta.internal.tokenizers.Reporter.syntaxError(Reporter.scala:25)
	at scala.meta.internal.tokenizers.Reporter.syntaxError$(Reporter.scala:25)
	at scala.meta.internal.tokenizers.Reporter$$anon$1.syntaxError(Reporter.scala:32)
	at scala.meta.internal.tokenizers.LegacyScanner.fetchSingleQuote$1(LegacyScanner.scala:391)
	at scala.meta.internal.tokenizers.LegacyScanner.fetchToken(LegacyScanner.scala:395)
	at scala.meta.internal.tokenizers.LegacyScanner.nextToken(LegacyScanner.scala:201)
	at scala.meta.internal.tokenizers.LegacyScanner.foreach(LegacyScanner.scala:912)
	at scala.meta.internal.tokenizers.ScalametaTokenizer.uncachedTokenize(ScalametaTokenizer.scala:23)
	at scala.meta.internal.tokenizers.ScalametaTokenizer.$anonfun$tokenize$1(ScalametaTokenizer.scala:17)
	at scala.collection.concurrent.TrieMap.getOrElseUpdate(TrieMap.scala:960)
	at scala.meta.internal.tokenizers.ScalametaTokenizer.tokenize(ScalametaTokenizer.scala:17)
	at scala.meta.internal.tokenizers.ScalametaTokenizer$$anon$2.apply(ScalametaTokenizer.scala:322)
	at scala.meta.tokenizers.Api$XtensionTokenizeDialectInput.tokenize(Api.scala:22)
	at scala.meta.tokenizers.Api$XtensionTokenizeInputLike.tokenize(Api.scala:13)
	at scala.meta.internal.metals.SemanticTokensProvider$.getTokens(SemanticTokensProvider.scala:28)
	at scala.meta.internal.metals.SemanticTokensProvider$.provide(SemanticTokensProvider.scala:89)
	at scala.meta.internal.metals.Compilers.$anonfun$semanticTokens$3(Compilers.scala:545)
	at scala.concurrent.impl.Promise$Transformation.run(Promise.scala:467)
	at java.util.concurrent.ThreadPoolExecutor.runWorker(ThreadPoolExecutor.java:1136)
	at java.util.concurrent.ThreadPoolExecutor$Worker.run(ThreadPoolExecutor.java:635)
	at java.lang.Thread.run(Thread.java:833)

2024.07.01 21:04:56 ERROR Failed to tokenize input for semantic tokens for C:\Users\tharu\Desktop\scala\scala\labsheet03\Q2.scala
scala.meta.tokenizers.TokenizeException: <input>:6: error: unclosed character literal
    println('tharus')
                   ^
	at scala.meta.internal.tokenizers.Reporter.syntaxError(Reporter.scala:23)
	at scala.meta.internal.tokenizers.Reporter.syntaxError$(Reporter.scala:23)
	at scala.meta.internal.tokenizers.Reporter$$anon$1.syntaxError(Reporter.scala:32)
	at scala.meta.internal.tokenizers.Reporter.syntaxError(Reporter.scala:25)
	at scala.meta.internal.tokenizers.Reporter.syntaxError$(Reporter.scala:25)
	at scala.meta.internal.tokenizers.Reporter$$anon$1.syntaxError(Reporter.scala:32)
	at scala.meta.internal.tokenizers.LegacyScanner.fetchSingleQuote$1(LegacyScanner.scala:391)
	at scala.meta.internal.tokenizers.LegacyScanner.fetchToken(LegacyScanner.scala:395)
	at scala.meta.internal.tokenizers.LegacyScanner.nextToken(LegacyScanner.scala:201)
	at scala.meta.internal.tokenizers.LegacyScanner.foreach(LegacyScanner.scala:912)
	at scala.meta.internal.tokenizers.ScalametaTokenizer.uncachedTokenize(ScalametaTokenizer.scala:23)
	at scala.meta.internal.tokenizers.ScalametaTokenizer.$anonfun$tokenize$1(ScalametaTokenizer.scala:17)
	at scala.collection.concurrent.TrieMap.getOrElseUpdate(TrieMap.scala:960)
	at scala.meta.internal.tokenizers.ScalametaTokenizer.tokenize(ScalametaTokenizer.scala:17)
	at scala.meta.internal.tokenizers.ScalametaTokenizer$$anon$2.apply(ScalametaTokenizer.scala:322)
	at scala.meta.tokenizers.Api$XtensionTokenizeDialectInput.tokenize(Api.scala:22)
	at scala.meta.tokenizers.Api$XtensionTokenizeInputLike.tokenize(Api.scala:13)
	at scala.meta.internal.metals.SemanticTokensProvider$.getTokens(SemanticTokensProvider.scala:28)
	at scala.meta.internal.metals.SemanticTokensProvider$.provide(SemanticTokensProvider.scala:89)
	at scala.meta.internal.metals.Compilers.$anonfun$semanticTokens$3(Compilers.scala:545)
	at scala.concurrent.impl.Promise$Transformation.run(Promise.scala:467)
	at java.util.concurrent.ThreadPoolExecutor.runWorker(ThreadPoolExecutor.java:1136)
	at java.util.concurrent.ThreadPoolExecutor$Worker.run(ThreadPoolExecutor.java:635)
	at java.lang.Thread.run(Thread.java:833)

2024.07.01 21:04:57 ERROR Failed to tokenize input for semantic tokens for C:\Users\tharu\Desktop\scala\scala\labsheet03\Q2.scala
scala.meta.tokenizers.TokenizeException: <input>:6: error: unclosed character literal
    println('tharusha')
                     ^
	at scala.meta.internal.tokenizers.Reporter.syntaxError(Reporter.scala:23)
	at scala.meta.internal.tokenizers.Reporter.syntaxError$(Reporter.scala:23)
	at scala.meta.internal.tokenizers.Reporter$$anon$1.syntaxError(Reporter.scala:32)
	at scala.meta.internal.tokenizers.Reporter.syntaxError(Reporter.scala:25)
	at scala.meta.internal.tokenizers.Reporter.syntaxError$(Reporter.scala:25)
	at scala.meta.internal.tokenizers.Reporter$$anon$1.syntaxError(Reporter.scala:32)
	at scala.meta.internal.tokenizers.LegacyScanner.fetchSingleQuote$1(LegacyScanner.scala:391)
	at scala.meta.internal.tokenizers.LegacyScanner.fetchToken(LegacyScanner.scala:395)
	at scala.meta.internal.tokenizers.LegacyScanner.nextToken(LegacyScanner.scala:201)
	at scala.meta.internal.tokenizers.LegacyScanner.foreach(LegacyScanner.scala:912)
	at scala.meta.internal.tokenizers.ScalametaTokenizer.uncachedTokenize(ScalametaTokenizer.scala:23)
	at scala.meta.internal.tokenizers.ScalametaTokenizer.$anonfun$tokenize$1(ScalametaTokenizer.scala:17)
	at scala.collection.concurrent.TrieMap.getOrElseUpdate(TrieMap.scala:960)
	at scala.meta.internal.tokenizers.ScalametaTokenizer.tokenize(ScalametaTokenizer.scala:17)
	at scala.meta.internal.tokenizers.ScalametaTokenizer$$anon$2.apply(ScalametaTokenizer.scala:322)
	at scala.meta.tokenizers.Api$XtensionTokenizeDialectInput.tokenize(Api.scala:22)
	at scala.meta.tokenizers.Api$XtensionTokenizeInputLike.tokenize(Api.scala:13)
	at scala.meta.internal.metals.SemanticTokensProvider$.getTokens(SemanticTokensProvider.scala:28)
	at scala.meta.internal.metals.SemanticTokensProvider$.provide(SemanticTokensProvider.scala:89)
	at scala.meta.internal.metals.Compilers.$anonfun$semanticTokens$3(Compilers.scala:545)
	at scala.concurrent.impl.Promise$Transformation.run(Promise.scala:467)
	at java.util.concurrent.ThreadPoolExecutor.runWorker(ThreadPoolExecutor.java:1136)
	at java.util.concurrent.ThreadPoolExecutor$Worker.run(ThreadPoolExecutor.java:635)
	at java.lang.Thread.run(Thread.java:833)

2024.07.01 21:04:58 INFO  compiling scala_f4dd477a3a (5 scala sources)
2024.07.01 21:04:58 INFO  time: compiled scala_f4dd477a3a in 0.2s
2024.07.01 21:04:58 ERROR Failed to tokenize input for semantic tokens for C:\Users\tharu\Desktop\scala\scala\labsheet03\Q2.scala
scala.meta.tokenizers.TokenizeException: <input>:6: error: unclosed character literal
    println('tharusha')
                     ^
	at scala.meta.internal.tokenizers.Reporter.syntaxError(Reporter.scala:23)
	at scala.meta.internal.tokenizers.Reporter.syntaxError$(Reporter.scala:23)
	at scala.meta.internal.tokenizers.Reporter$$anon$1.syntaxError(Reporter.scala:32)
	at scala.meta.internal.tokenizers.Reporter.syntaxError(Reporter.scala:25)
	at scala.meta.internal.tokenizers.Reporter.syntaxError$(Reporter.scala:25)
	at scala.meta.internal.tokenizers.Reporter$$anon$1.syntaxError(Reporter.scala:32)
	at scala.meta.internal.tokenizers.LegacyScanner.fetchSingleQuote$1(LegacyScanner.scala:391)
	at scala.meta.internal.tokenizers.LegacyScanner.fetchToken(LegacyScanner.scala:395)
	at scala.meta.internal.tokenizers.LegacyScanner.nextToken(LegacyScanner.scala:201)
	at scala.meta.internal.tokenizers.LegacyScanner.foreach(LegacyScanner.scala:912)
	at scala.meta.internal.tokenizers.ScalametaTokenizer.uncachedTokenize(ScalametaTokenizer.scala:23)
	at scala.meta.internal.tokenizers.ScalametaTokenizer.$anonfun$tokenize$1(ScalametaTokenizer.scala:17)
	at scala.collection.concurrent.TrieMap.getOrElseUpdate(TrieMap.scala:960)
	at scala.meta.internal.tokenizers.ScalametaTokenizer.tokenize(ScalametaTokenizer.scala:17)
	at scala.meta.internal.tokenizers.ScalametaTokenizer$$anon$2.apply(ScalametaTokenizer.scala:322)
	at scala.meta.tokenizers.Api$XtensionTokenizeDialectInput.tokenize(Api.scala:22)
	at scala.meta.tokenizers.Api$XtensionTokenizeInputLike.tokenize(Api.scala:13)
	at scala.meta.internal.metals.SemanticTokensProvider$.getTokens(SemanticTokensProvider.scala:28)
	at scala.meta.internal.metals.SemanticTokensProvider$.provide(SemanticTokensProvider.scala:89)
	at scala.meta.internal.metals.Compilers.$anonfun$semanticTokens$3(Compilers.scala:545)
	at scala.concurrent.impl.Promise$Transformation.run(Promise.scala:467)
	at java.util.concurrent.ThreadPoolExecutor.runWorker(ThreadPoolExecutor.java:1136)
	at java.util.concurrent.ThreadPoolExecutor$Worker.run(ThreadPoolExecutor.java:635)
	at java.lang.Thread.run(Thread.java:833)

2024.07.01 21:05:00 ERROR Failed to tokenize input for semantic tokens for C:\Users\tharu\Desktop\scala\scala\labsheet03\Q2.scala
scala.meta.tokenizers.TokenizeException: <input>:6: error: unclosed character literal
    println('tharusha');
                     ^
	at scala.meta.internal.tokenizers.Reporter.syntaxError(Reporter.scala:23)
	at scala.meta.internal.tokenizers.Reporter.syntaxError$(Reporter.scala:23)
	at scala.meta.internal.tokenizers.Reporter$$anon$1.syntaxError(Reporter.scala:32)
	at scala.meta.internal.tokenizers.Reporter.syntaxError(Reporter.scala:25)
	at scala.meta.internal.tokenizers.Reporter.syntaxError$(Reporter.scala:25)
	at scala.meta.internal.tokenizers.Reporter$$anon$1.syntaxError(Reporter.scala:32)
	at scala.meta.internal.tokenizers.LegacyScanner.fetchSingleQuote$1(LegacyScanner.scala:391)
	at scala.meta.internal.tokenizers.LegacyScanner.fetchToken(LegacyScanner.scala:395)
	at scala.meta.internal.tokenizers.LegacyScanner.nextToken(LegacyScanner.scala:201)
	at scala.meta.internal.tokenizers.LegacyScanner.foreach(LegacyScanner.scala:912)
	at scala.meta.internal.tokenizers.ScalametaTokenizer.uncachedTokenize(ScalametaTokenizer.scala:23)
	at scala.meta.internal.tokenizers.ScalametaTokenizer.$anonfun$tokenize$1(ScalametaTokenizer.scala:17)
	at scala.collection.concurrent.TrieMap.getOrElseUpdate(TrieMap.scala:960)
	at scala.meta.internal.tokenizers.ScalametaTokenizer.tokenize(ScalametaTokenizer.scala:17)
	at scala.meta.internal.tokenizers.ScalametaTokenizer$$anon$2.apply(ScalametaTokenizer.scala:322)
	at scala.meta.tokenizers.Api$XtensionTokenizeDialectInput.tokenize(Api.scala:22)
	at scala.meta.tokenizers.Api$XtensionTokenizeInputLike.tokenize(Api.scala:13)
	at scala.meta.internal.metals.SemanticTokensProvider$.getTokens(SemanticTokensProvider.scala:28)
	at scala.meta.internal.metals.SemanticTokensProvider$.provide(SemanticTokensProvider.scala:89)
	at scala.meta.internal.metals.Compilers.$anonfun$semanticTokens$3(Compilers.scala:545)
	at scala.concurrent.impl.Promise$Transformation.run(Promise.scala:467)
	at java.util.concurrent.ThreadPoolExecutor.runWorker(ThreadPoolExecutor.java:1136)
	at java.util.concurrent.ThreadPoolExecutor$Worker.run(ThreadPoolExecutor.java:635)
	at java.lang.Thread.run(Thread.java:833)

2024.07.01 21:05:01 INFO  compiling scala_f4dd477a3a (5 scala sources)
2024.07.01 21:05:01 INFO  time: compiled scala_f4dd477a3a in 0.21s
2024.07.01 21:05:01 ERROR Failed to tokenize input for semantic tokens for C:\Users\tharu\Desktop\scala\scala\labsheet03\Q2.scala
scala.meta.tokenizers.TokenizeException: <input>:6: error: unclosed character literal
    println('tharusha');
                     ^
	at scala.meta.internal.tokenizers.Reporter.syntaxError(Reporter.scala:23)
	at scala.meta.internal.tokenizers.Reporter.syntaxError$(Reporter.scala:23)
	at scala.meta.internal.tokenizers.Reporter$$anon$1.syntaxError(Reporter.scala:32)
	at scala.meta.internal.tokenizers.Reporter.syntaxError(Reporter.scala:25)
	at scala.meta.internal.tokenizers.Reporter.syntaxError$(Reporter.scala:25)
	at scala.meta.internal.tokenizers.Reporter$$anon$1.syntaxError(Reporter.scala:32)
	at scala.meta.internal.tokenizers.LegacyScanner.fetchSingleQuote$1(LegacyScanner.scala:391)
	at scala.meta.internal.tokenizers.LegacyScanner.fetchToken(LegacyScanner.scala:395)
	at scala.meta.internal.tokenizers.LegacyScanner.nextToken(LegacyScanner.scala:201)
	at scala.meta.internal.tokenizers.LegacyScanner.foreach(LegacyScanner.scala:912)
	at scala.meta.internal.tokenizers.ScalametaTokenizer.uncachedTokenize(ScalametaTokenizer.scala:23)
	at scala.meta.internal.tokenizers.ScalametaTokenizer.$anonfun$tokenize$1(ScalametaTokenizer.scala:17)
	at scala.collection.concurrent.TrieMap.getOrElseUpdate(TrieMap.scala:960)
	at scala.meta.internal.tokenizers.ScalametaTokenizer.tokenize(ScalametaTokenizer.scala:17)
	at scala.meta.internal.tokenizers.ScalametaTokenizer$$anon$2.apply(ScalametaTokenizer.scala:322)
	at scala.meta.tokenizers.Api$XtensionTokenizeDialectInput.tokenize(Api.scala:22)
	at scala.meta.tokenizers.Api$XtensionTokenizeInputLike.tokenize(Api.scala:13)
	at scala.meta.internal.metals.SemanticTokensProvider$.getTokens(SemanticTokensProvider.scala:28)
	at scala.meta.internal.metals.SemanticTokensProvider$.provide(SemanticTokensProvider.scala:89)
	at scala.meta.internal.metals.Compilers.$anonfun$semanticTokens$3(Compilers.scala:545)
	at scala.concurrent.impl.Promise$Transformation.run(Promise.scala:467)
	at java.util.concurrent.ThreadPoolExecutor.runWorker(ThreadPoolExecutor.java:1136)
	at java.util.concurrent.ThreadPoolExecutor$Worker.run(ThreadPoolExecutor.java:635)
	at java.lang.Thread.run(Thread.java:833)

2024.07.01 21:05:06 ERROR Failed to tokenize input for semantic tokens for C:\Users\tharu\Desktop\scala\scala\labsheet03\Q2.scala
scala.meta.tokenizers.TokenizeException: <input>:6: error: unclosed character literal
    println('tharus');
                   ^
	at scala.meta.internal.tokenizers.Reporter.syntaxError(Reporter.scala:23)
	at scala.meta.internal.tokenizers.Reporter.syntaxError$(Reporter.scala:23)
	at scala.meta.internal.tokenizers.Reporter$$anon$1.syntaxError(Reporter.scala:32)
	at scala.meta.internal.tokenizers.Reporter.syntaxError(Reporter.scala:25)
	at scala.meta.internal.tokenizers.Reporter.syntaxError$(Reporter.scala:25)
	at scala.meta.internal.tokenizers.Reporter$$anon$1.syntaxError(Reporter.scala:32)
	at scala.meta.internal.tokenizers.LegacyScanner.fetchSingleQuote$1(LegacyScanner.scala:391)
	at scala.meta.internal.tokenizers.LegacyScanner.fetchToken(LegacyScanner.scala:395)
	at scala.meta.internal.tokenizers.LegacyScanner.nextToken(LegacyScanner.scala:201)
	at scala.meta.internal.tokenizers.LegacyScanner.foreach(LegacyScanner.scala:912)
	at scala.meta.internal.tokenizers.ScalametaTokenizer.uncachedTokenize(ScalametaTokenizer.scala:23)
	at scala.meta.internal.tokenizers.ScalametaTokenizer.$anonfun$tokenize$1(ScalametaTokenizer.scala:17)
	at scala.collection.concurrent.TrieMap.getOrElseUpdate(TrieMap.scala:960)
	at scala.meta.internal.tokenizers.ScalametaTokenizer.tokenize(ScalametaTokenizer.scala:17)
	at scala.meta.internal.tokenizers.ScalametaTokenizer$$anon$2.apply(ScalametaTokenizer.scala:322)
	at scala.meta.tokenizers.Api$XtensionTokenizeDialectInput.tokenize(Api.scala:22)
	at scala.meta.tokenizers.Api$XtensionTokenizeInputLike.tokenize(Api.scala:13)
	at scala.meta.internal.metals.SemanticTokensProvider$.getTokens(SemanticTokensProvider.scala:28)
	at scala.meta.internal.metals.SemanticTokensProvider$.provide(SemanticTokensProvider.scala:89)
	at scala.meta.internal.metals.Compilers.$anonfun$semanticTokens$3(Compilers.scala:545)
	at scala.concurrent.impl.Promise$Transformation.run(Promise.scala:467)
	at java.util.concurrent.ThreadPoolExecutor.runWorker(ThreadPoolExecutor.java:1136)
	at java.util.concurrent.ThreadPoolExecutor$Worker.run(ThreadPoolExecutor.java:635)
	at java.lang.Thread.run(Thread.java:833)

2024.07.01 21:05:06 ERROR Failed to tokenize input for semantic tokens for C:\Users\tharu\Desktop\scala\scala\labsheet03\Q2.scala
scala.meta.tokenizers.TokenizeException: <input>:6: error: unclosed character literal
    println('tha');
                ^
	at scala.meta.internal.tokenizers.Reporter.syntaxError(Reporter.scala:23)
	at scala.meta.internal.tokenizers.Reporter.syntaxError$(Reporter.scala:23)
	at scala.meta.internal.tokenizers.Reporter$$anon$1.syntaxError(Reporter.scala:32)
	at scala.meta.internal.tokenizers.Reporter.syntaxError(Reporter.scala:25)
	at scala.meta.internal.tokenizers.Reporter.syntaxError$(Reporter.scala:25)
	at scala.meta.internal.tokenizers.Reporter$$anon$1.syntaxError(Reporter.scala:32)
	at scala.meta.internal.tokenizers.LegacyScanner.fetchSingleQuote$1(LegacyScanner.scala:391)
	at scala.meta.internal.tokenizers.LegacyScanner.fetchToken(LegacyScanner.scala:395)
	at scala.meta.internal.tokenizers.LegacyScanner.nextToken(LegacyScanner.scala:201)
	at scala.meta.internal.tokenizers.LegacyScanner.foreach(LegacyScanner.scala:912)
	at scala.meta.internal.tokenizers.ScalametaTokenizer.uncachedTokenize(ScalametaTokenizer.scala:23)
	at scala.meta.internal.tokenizers.ScalametaTokenizer.$anonfun$tokenize$1(ScalametaTokenizer.scala:17)
	at scala.collection.concurrent.TrieMap.getOrElseUpdate(TrieMap.scala:960)
	at scala.meta.internal.tokenizers.ScalametaTokenizer.tokenize(ScalametaTokenizer.scala:17)
	at scala.meta.internal.tokenizers.ScalametaTokenizer$$anon$2.apply(ScalametaTokenizer.scala:322)
	at scala.meta.tokenizers.Api$XtensionTokenizeDialectInput.tokenize(Api.scala:22)
	at scala.meta.tokenizers.Api$XtensionTokenizeInputLike.tokenize(Api.scala:13)
	at scala.meta.internal.metals.SemanticTokensProvider$.getTokens(SemanticTokensProvider.scala:28)
	at scala.meta.internal.metals.SemanticTokensProvider$.provide(SemanticTokensProvider.scala:89)
	at scala.meta.internal.metals.Compilers.$anonfun$semanticTokens$3(Compilers.scala:545)
	at scala.concurrent.impl.Promise$Transformation.run(Promise.scala:467)
	at java.util.concurrent.ThreadPoolExecutor.runWorker(ThreadPoolExecutor.java:1136)
	at java.util.concurrent.ThreadPoolExecutor$Worker.run(ThreadPoolExecutor.java:635)
	at java.lang.Thread.run(Thread.java:833)

2024.07.01 21:05:07 ERROR Failed to tokenize input for semantic tokens for C:\Users\tharu\Desktop\scala\scala\labsheet03\Q2.scala
scala.meta.tokenizers.TokenizeException: <input>:6: error: unclosed character literal
    println('');
            ^
	at scala.meta.internal.tokenizers.Reporter.syntaxError(Reporter.scala:23)
	at scala.meta.internal.tokenizers.Reporter.syntaxError$(Reporter.scala:23)
	at scala.meta.internal.tokenizers.Reporter$$anon$1.syntaxError(Reporter.scala:32)
	at scala.meta.internal.tokenizers.Reporter.syntaxError(Reporter.scala:25)
	at scala.meta.internal.tokenizers.Reporter.syntaxError$(Reporter.scala:25)
	at scala.meta.internal.tokenizers.Reporter$$anon$1.syntaxError(Reporter.scala:32)
	at scala.meta.internal.tokenizers.LegacyScanner.fetchSingleQuote$1(LegacyScanner.scala:391)
	at scala.meta.internal.tokenizers.LegacyScanner.fetchToken(LegacyScanner.scala:395)
	at scala.meta.internal.tokenizers.LegacyScanner.nextToken(LegacyScanner.scala:201)
	at scala.meta.internal.tokenizers.LegacyScanner.foreach(LegacyScanner.scala:912)
	at scala.meta.internal.tokenizers.ScalametaTokenizer.uncachedTokenize(ScalametaTokenizer.scala:23)
	at scala.meta.internal.tokenizers.ScalametaTokenizer.$anonfun$tokenize$1(ScalametaTokenizer.scala:17)
	at scala.collection.concurrent.TrieMap.getOrElseUpdate(TrieMap.scala:960)
	at scala.meta.internal.tokenizers.ScalametaTokenizer.tokenize(ScalametaTokenizer.scala:17)
	at scala.meta.internal.tokenizers.ScalametaTokenizer$$anon$2.apply(ScalametaTokenizer.scala:322)
	at scala.meta.tokenizers.Api$XtensionTokenizeDialectInput.tokenize(Api.scala:22)
	at scala.meta.tokenizers.Api$XtensionTokenizeInputLike.tokenize(Api.scala:13)
	at scala.meta.internal.metals.SemanticTokensProvider$.getTokens(SemanticTokensProvider.scala:28)
	at scala.meta.internal.metals.SemanticTokensProvider$.provide(SemanticTokensProvider.scala:89)
	at scala.meta.internal.metals.Compilers.$anonfun$semanticTokens$3(Compilers.scala:545)
	at scala.concurrent.impl.Promise$Transformation.run(Promise.scala:467)
	at java.util.concurrent.ThreadPoolExecutor.runWorker(ThreadPoolExecutor.java:1136)
	at java.util.concurrent.ThreadPoolExecutor$Worker.run(ThreadPoolExecutor.java:635)
	at java.lang.Thread.run(Thread.java:833)

2024.07.01 21:05:08 INFO  compiling scala_f4dd477a3a (5 scala sources)
2024.07.01 21:05:08 INFO  time: compiled scala_f4dd477a3a in 0.17s
2024.07.01 21:05:08 ERROR Failed to tokenize input for semantic tokens for C:\Users\tharu\Desktop\scala\scala\labsheet03\Q2.scala
scala.meta.tokenizers.TokenizeException: <input>:6: error: unclosed character literal
    println('');
            ^
	at scala.meta.internal.tokenizers.Reporter.syntaxError(Reporter.scala:23)
	at scala.meta.internal.tokenizers.Reporter.syntaxError$(Reporter.scala:23)
	at scala.meta.internal.tokenizers.Reporter$$anon$1.syntaxError(Reporter.scala:32)
	at scala.meta.internal.tokenizers.Reporter.syntaxError(Reporter.scala:25)
	at scala.meta.internal.tokenizers.Reporter.syntaxError$(Reporter.scala:25)
	at scala.meta.internal.tokenizers.Reporter$$anon$1.syntaxError(Reporter.scala:32)
	at scala.meta.internal.tokenizers.LegacyScanner.fetchSingleQuote$1(LegacyScanner.scala:391)
	at scala.meta.internal.tokenizers.LegacyScanner.fetchToken(LegacyScanner.scala:395)
	at scala.meta.internal.tokenizers.LegacyScanner.nextToken(LegacyScanner.scala:201)
	at scala.meta.internal.tokenizers.LegacyScanner.foreach(LegacyScanner.scala:912)
	at scala.meta.internal.tokenizers.ScalametaTokenizer.uncachedTokenize(ScalametaTokenizer.scala:23)
	at scala.meta.internal.tokenizers.ScalametaTokenizer.$anonfun$tokenize$1(ScalametaTokenizer.scala:17)
	at scala.collection.concurrent.TrieMap.getOrElseUpdate(TrieMap.scala:960)
	at scala.meta.internal.tokenizers.ScalametaTokenizer.tokenize(ScalametaTokenizer.scala:17)
	at scala.meta.internal.tokenizers.ScalametaTokenizer$$anon$2.apply(ScalametaTokenizer.scala:322)
	at scala.meta.tokenizers.Api$XtensionTokenizeDialectInput.tokenize(Api.scala:22)
	at scala.meta.tokenizers.Api$XtensionTokenizeInputLike.tokenize(Api.scala:13)
	at scala.meta.internal.metals.SemanticTokensProvider$.getTokens(SemanticTokensProvider.scala:28)
	at scala.meta.internal.metals.SemanticTokensProvider$.provide(SemanticTokensProvider.scala:89)
	at scala.meta.internal.metals.Compilers.$anonfun$semanticTokens$3(Compilers.scala:545)
	at scala.concurrent.impl.Promise$Transformation.run(Promise.scala:467)
	at java.util.concurrent.ThreadPoolExecutor.runWorker(ThreadPoolExecutor.java:1136)
	at java.util.concurrent.ThreadPoolExecutor$Worker.run(ThreadPoolExecutor.java:635)
	at java.lang.Thread.run(Thread.java:833)

2024.07.01 21:05:15 ERROR Failed to tokenize input for semantic tokens for C:\Users\tharu\Desktop\scala\scala\labsheet03\Q2.scala
scala.meta.tokenizers.TokenizeException: <input>:6: error: unclosed character literal
    println('th');
               ^
	at scala.meta.internal.tokenizers.Reporter.syntaxError(Reporter.scala:23)
	at scala.meta.internal.tokenizers.Reporter.syntaxError$(Reporter.scala:23)
	at scala.meta.internal.tokenizers.Reporter$$anon$1.syntaxError(Reporter.scala:32)
	at scala.meta.internal.tokenizers.Reporter.syntaxError(Reporter.scala:25)
	at scala.meta.internal.tokenizers.Reporter.syntaxError$(Reporter.scala:25)
	at scala.meta.internal.tokenizers.Reporter$$anon$1.syntaxError(Reporter.scala:32)
	at scala.meta.internal.tokenizers.LegacyScanner.fetchSingleQuote$1(LegacyScanner.scala:391)
	at scala.meta.internal.tokenizers.LegacyScanner.fetchToken(LegacyScanner.scala:395)
	at scala.meta.internal.tokenizers.LegacyScanner.nextToken(LegacyScanner.scala:201)
	at scala.meta.internal.tokenizers.LegacyScanner.foreach(LegacyScanner.scala:912)
	at scala.meta.internal.tokenizers.ScalametaTokenizer.uncachedTokenize(ScalametaTokenizer.scala:23)
	at scala.meta.internal.tokenizers.ScalametaTokenizer.$anonfun$tokenize$1(ScalametaTokenizer.scala:17)
	at scala.collection.concurrent.TrieMap.getOrElseUpdate(TrieMap.scala:960)
	at scala.meta.internal.tokenizers.ScalametaTokenizer.tokenize(ScalametaTokenizer.scala:17)
	at scala.meta.internal.tokenizers.ScalametaTokenizer$$anon$2.apply(ScalametaTokenizer.scala:322)
	at scala.meta.tokenizers.Api$XtensionTokenizeDialectInput.tokenize(Api.scala:22)
	at scala.meta.tokenizers.Api$XtensionTokenizeInputLike.tokenize(Api.scala:13)
	at scala.meta.internal.metals.SemanticTokensProvider$.getTokens(SemanticTokensProvider.scala:28)
	at scala.meta.internal.metals.SemanticTokensProvider$.provide(SemanticTokensProvider.scala:89)
	at scala.meta.internal.metals.Compilers.$anonfun$semanticTokens$3(Compilers.scala:545)
	at scala.concurrent.impl.Promise$Transformation.run(Promise.scala:467)
	at java.util.concurrent.ThreadPoolExecutor.runWorker(ThreadPoolExecutor.java:1136)
	at java.util.concurrent.ThreadPoolExecutor$Worker.run(ThreadPoolExecutor.java:635)
	at java.lang.Thread.run(Thread.java:833)

2024.07.01 21:05:16 INFO  compiling scala_f4dd477a3a (5 scala sources)
2024.07.01 21:05:16 INFO  time: compiled scala_f4dd477a3a in 0.17s
2024.07.01 21:05:17 ERROR Failed to tokenize input for semantic tokens for C:\Users\tharu\Desktop\scala\scala\labsheet03\Q2.scala
scala.meta.tokenizers.TokenizeException: <input>:6: error: unclosed character literal
    println('th');
               ^
	at scala.meta.internal.tokenizers.Reporter.syntaxError(Reporter.scala:23)
	at scala.meta.internal.tokenizers.Reporter.syntaxError$(Reporter.scala:23)
	at scala.meta.internal.tokenizers.Reporter$$anon$1.syntaxError(Reporter.scala:32)
	at scala.meta.internal.tokenizers.Reporter.syntaxError(Reporter.scala:25)
	at scala.meta.internal.tokenizers.Reporter.syntaxError$(Reporter.scala:25)
	at scala.meta.internal.tokenizers.Reporter$$anon$1.syntaxError(Reporter.scala:32)
	at scala.meta.internal.tokenizers.LegacyScanner.fetchSingleQuote$1(LegacyScanner.scala:391)
	at scala.meta.internal.tokenizers.LegacyScanner.fetchToken(LegacyScanner.scala:395)
	at scala.meta.internal.tokenizers.LegacyScanner.nextToken(LegacyScanner.scala:201)
	at scala.meta.internal.tokenizers.LegacyScanner.foreach(LegacyScanner.scala:912)
	at scala.meta.internal.tokenizers.ScalametaTokenizer.uncachedTokenize(ScalametaTokenizer.scala:23)
	at scala.meta.internal.tokenizers.ScalametaTokenizer.$anonfun$tokenize$1(ScalametaTokenizer.scala:17)
	at scala.collection.concurrent.TrieMap.getOrElseUpdate(TrieMap.scala:960)
	at scala.meta.internal.tokenizers.ScalametaTokenizer.tokenize(ScalametaTokenizer.scala:17)
	at scala.meta.internal.tokenizers.ScalametaTokenizer$$anon$2.apply(ScalametaTokenizer.scala:322)
	at scala.meta.tokenizers.Api$XtensionTokenizeDialectInput.tokenize(Api.scala:22)
	at scala.meta.tokenizers.Api$XtensionTokenizeInputLike.tokenize(Api.scala:13)
	at scala.meta.internal.metals.SemanticTokensProvider$.getTokens(SemanticTokensProvider.scala:28)
	at scala.meta.internal.metals.SemanticTokensProvider$.provide(SemanticTokensProvider.scala:89)
	at scala.meta.internal.metals.Compilers.$anonfun$semanticTokens$3(Compilers.scala:545)
	at scala.concurrent.impl.Promise$Transformation.run(Promise.scala:467)
	at java.util.concurrent.ThreadPoolExecutor.runWorker(ThreadPoolExecutor.java:1136)
	at java.util.concurrent.ThreadPoolExecutor$Worker.run(ThreadPoolExecutor.java:635)
	at java.lang.Thread.run(Thread.java:833)

2024.07.01 21:05:17 ERROR Failed to tokenize input for semantic tokens for C:\Users\tharu\Desktop\scala\scala\labsheet03\Q2.scala
scala.meta.tokenizers.TokenizeException: <input>:6: error: unclosed character literal
    println('tha');
                ^
	at scala.meta.internal.tokenizers.Reporter.syntaxError(Reporter.scala:23)
	at scala.meta.internal.tokenizers.Reporter.syntaxError$(Reporter.scala:23)
	at scala.meta.internal.tokenizers.Reporter$$anon$1.syntaxError(Reporter.scala:32)
	at scala.meta.internal.tokenizers.Reporter.syntaxError(Reporter.scala:25)
	at scala.meta.internal.tokenizers.Reporter.syntaxError$(Reporter.scala:25)
	at scala.meta.internal.tokenizers.Reporter$$anon$1.syntaxError(Reporter.scala:32)
	at scala.meta.internal.tokenizers.LegacyScanner.fetchSingleQuote$1(LegacyScanner.scala:391)
	at scala.meta.internal.tokenizers.LegacyScanner.fetchToken(LegacyScanner.scala:395)
	at scala.meta.internal.tokenizers.LegacyScanner.nextToken(LegacyScanner.scala:201)
	at scala.meta.internal.tokenizers.LegacyScanner.foreach(LegacyScanner.scala:912)
	at scala.meta.internal.tokenizers.ScalametaTokenizer.uncachedTokenize(ScalametaTokenizer.scala:23)
	at scala.meta.internal.tokenizers.ScalametaTokenizer.$anonfun$tokenize$1(ScalametaTokenizer.scala:17)
	at scala.collection.concurrent.TrieMap.getOrElseUpdate(TrieMap.scala:960)
	at scala.meta.internal.tokenizers.ScalametaTokenizer.tokenize(ScalametaTokenizer.scala:17)
	at scala.meta.internal.tokenizers.ScalametaTokenizer$$anon$2.apply(ScalametaTokenizer.scala:322)
	at scala.meta.tokenizers.Api$XtensionTokenizeDialectInput.tokenize(Api.scala:22)
	at scala.meta.tokenizers.Api$XtensionTokenizeInputLike.tokenize(Api.scala:13)
	at scala.meta.internal.metals.SemanticTokensProvider$.getTokens(SemanticTokensProvider.scala:28)
	at scala.meta.internal.metals.SemanticTokensProvider$.provide(SemanticTokensProvider.scala:89)
	at scala.meta.internal.metals.Compilers.$anonfun$semanticTokens$3(Compilers.scala:545)
	at scala.concurrent.impl.Promise$Transformation.run(Promise.scala:467)
	at java.util.concurrent.ThreadPoolExecutor.runWorker(ThreadPoolExecutor.java:1136)
	at java.util.concurrent.ThreadPoolExecutor$Worker.run(ThreadPoolExecutor.java:635)
	at java.lang.Thread.run(Thread.java:833)

2024.07.01 21:05:19 ERROR Failed to tokenize input for semantic tokens for C:\Users\tharu\Desktop\scala\scala\labsheet03\Q2.scala
scala.meta.tokenizers.TokenizeException: <input>:6: error: unclosed character literal
    println('tharu');
                  ^
	at scala.meta.internal.tokenizers.Reporter.syntaxError(Reporter.scala:23)
	at scala.meta.internal.tokenizers.Reporter.syntaxError$(Reporter.scala:23)
	at scala.meta.internal.tokenizers.Reporter$$anon$1.syntaxError(Reporter.scala:32)
	at scala.meta.internal.tokenizers.Reporter.syntaxError(Reporter.scala:25)
	at scala.meta.internal.tokenizers.Reporter.syntaxError$(Reporter.scala:25)
	at scala.meta.internal.tokenizers.Reporter$$anon$1.syntaxError(Reporter.scala:32)
	at scala.meta.internal.tokenizers.LegacyScanner.fetchSingleQuote$1(LegacyScanner.scala:391)
	at scala.meta.internal.tokenizers.LegacyScanner.fetchToken(LegacyScanner.scala:395)
	at scala.meta.internal.tokenizers.LegacyScanner.nextToken(LegacyScanner.scala:201)
	at scala.meta.internal.tokenizers.LegacyScanner.foreach(LegacyScanner.scala:912)
	at scala.meta.internal.tokenizers.ScalametaTokenizer.uncachedTokenize(ScalametaTokenizer.scala:23)
	at scala.meta.internal.tokenizers.ScalametaTokenizer.$anonfun$tokenize$1(ScalametaTokenizer.scala:17)
	at scala.collection.concurrent.TrieMap.getOrElseUpdate(TrieMap.scala:960)
	at scala.meta.internal.tokenizers.ScalametaTokenizer.tokenize(ScalametaTokenizer.scala:17)
	at scala.meta.internal.tokenizers.ScalametaTokenizer$$anon$2.apply(ScalametaTokenizer.scala:322)
	at scala.meta.tokenizers.Api$XtensionTokenizeDialectInput.tokenize(Api.scala:22)
	at scala.meta.tokenizers.Api$XtensionTokenizeInputLike.tokenize(Api.scala:13)
	at scala.meta.internal.metals.SemanticTokensProvider$.getTokens(SemanticTokensProvider.scala:28)
	at scala.meta.internal.metals.SemanticTokensProvider$.provide(SemanticTokensProvider.scala:89)
	at scala.meta.internal.metals.Compilers.$anonfun$semanticTokens$3(Compilers.scala:545)
	at scala.concurrent.impl.Promise$Transformation.run(Promise.scala:467)
	at java.util.concurrent.ThreadPoolExecutor.runWorker(ThreadPoolExecutor.java:1136)
	at java.util.concurrent.ThreadPoolExecutor$Worker.run(ThreadPoolExecutor.java:635)
	at java.lang.Thread.run(Thread.java:833)

2024.07.01 21:05:19 ERROR Failed to tokenize input for semantic tokens for C:\Users\tharu\Desktop\scala\scala\labsheet03\Q2.scala
scala.meta.tokenizers.TokenizeException: <input>:6: error: unclosed character literal
    println('tharusg');
                    ^
	at scala.meta.internal.tokenizers.Reporter.syntaxError(Reporter.scala:23)
	at scala.meta.internal.tokenizers.Reporter.syntaxError$(Reporter.scala:23)
	at scala.meta.internal.tokenizers.Reporter$$anon$1.syntaxError(Reporter.scala:32)
	at scala.meta.internal.tokenizers.Reporter.syntaxError(Reporter.scala:25)
	at scala.meta.internal.tokenizers.Reporter.syntaxError$(Reporter.scala:25)
	at scala.meta.internal.tokenizers.Reporter$$anon$1.syntaxError(Reporter.scala:32)
	at scala.meta.internal.tokenizers.LegacyScanner.fetchSingleQuote$1(LegacyScanner.scala:391)
	at scala.meta.internal.tokenizers.LegacyScanner.fetchToken(LegacyScanner.scala:395)
	at scala.meta.internal.tokenizers.LegacyScanner.nextToken(LegacyScanner.scala:201)
	at scala.meta.internal.tokenizers.LegacyScanner.foreach(LegacyScanner.scala:912)
	at scala.meta.internal.tokenizers.ScalametaTokenizer.uncachedTokenize(ScalametaTokenizer.scala:23)
	at scala.meta.internal.tokenizers.ScalametaTokenizer.$anonfun$tokenize$1(ScalametaTokenizer.scala:17)
	at scala.collection.concurrent.TrieMap.getOrElseUpdate(TrieMap.scala:960)
	at scala.meta.internal.tokenizers.ScalametaTokenizer.tokenize(ScalametaTokenizer.scala:17)
	at scala.meta.internal.tokenizers.ScalametaTokenizer$$anon$2.apply(ScalametaTokenizer.scala:322)
	at scala.meta.tokenizers.Api$XtensionTokenizeDialectInput.tokenize(Api.scala:22)
	at scala.meta.tokenizers.Api$XtensionTokenizeInputLike.tokenize(Api.scala:13)
	at scala.meta.internal.metals.SemanticTokensProvider$.getTokens(SemanticTokensProvider.scala:28)
	at scala.meta.internal.metals.SemanticTokensProvider$.provide(SemanticTokensProvider.scala:89)
	at scala.meta.internal.metals.Compilers.$anonfun$semanticTokens$3(Compilers.scala:545)
	at scala.concurrent.impl.Promise$Transformation.run(Promise.scala:467)
	at java.util.concurrent.ThreadPoolExecutor.runWorker(ThreadPoolExecutor.java:1136)
	at java.util.concurrent.ThreadPoolExecutor$Worker.run(ThreadPoolExecutor.java:635)
	at java.lang.Thread.run(Thread.java:833)

2024.07.01 21:05:20 ERROR Failed to tokenize input for semantic tokens for C:\Users\tharu\Desktop\scala\scala\labsheet03\Q2.scala
scala.meta.tokenizers.TokenizeException: <input>:6: error: unclosed character literal
    println('tharus');
                   ^
	at scala.meta.internal.tokenizers.Reporter.syntaxError(Reporter.scala:23)
	at scala.meta.internal.tokenizers.Reporter.syntaxError$(Reporter.scala:23)
	at scala.meta.internal.tokenizers.Reporter$$anon$1.syntaxError(Reporter.scala:32)
	at scala.meta.internal.tokenizers.Reporter.syntaxError(Reporter.scala:25)
	at scala.meta.internal.tokenizers.Reporter.syntaxError$(Reporter.scala:25)
	at scala.meta.internal.tokenizers.Reporter$$anon$1.syntaxError(Reporter.scala:32)
	at scala.meta.internal.tokenizers.LegacyScanner.fetchSingleQuote$1(LegacyScanner.scala:391)
	at scala.meta.internal.tokenizers.LegacyScanner.fetchToken(LegacyScanner.scala:395)
	at scala.meta.internal.tokenizers.LegacyScanner.nextToken(LegacyScanner.scala:201)
	at scala.meta.internal.tokenizers.LegacyScanner.foreach(LegacyScanner.scala:912)
	at scala.meta.internal.tokenizers.ScalametaTokenizer.uncachedTokenize(ScalametaTokenizer.scala:23)
	at scala.meta.internal.tokenizers.ScalametaTokenizer.$anonfun$tokenize$1(ScalametaTokenizer.scala:17)
	at scala.collection.concurrent.TrieMap.getOrElseUpdate(TrieMap.scala:960)
	at scala.meta.internal.tokenizers.ScalametaTokenizer.tokenize(ScalametaTokenizer.scala:17)
	at scala.meta.internal.tokenizers.ScalametaTokenizer$$anon$2.apply(ScalametaTokenizer.scala:322)
	at scala.meta.tokenizers.Api$XtensionTokenizeDialectInput.tokenize(Api.scala:22)
	at scala.meta.tokenizers.Api$XtensionTokenizeInputLike.tokenize(Api.scala:13)
	at scala.meta.internal.metals.SemanticTokensProvider$.getTokens(SemanticTokensProvider.scala:28)
	at scala.meta.internal.metals.SemanticTokensProvider$.provide(SemanticTokensProvider.scala:89)
	at scala.meta.internal.metals.Compilers.$anonfun$semanticTokens$3(Compilers.scala:545)
	at scala.concurrent.impl.Promise$Transformation.run(Promise.scala:467)
	at java.util.concurrent.ThreadPoolExecutor.runWorker(ThreadPoolExecutor.java:1136)
	at java.util.concurrent.ThreadPoolExecutor$Worker.run(ThreadPoolExecutor.java:635)
	at java.lang.Thread.run(Thread.java:833)

2024.07.01 21:05:21 ERROR Failed to tokenize input for semantic tokens for C:\Users\tharu\Desktop\scala\scala\labsheet03\Q2.scala
scala.meta.tokenizers.TokenizeException: <input>:6: error: unclosed character literal
    println('tharusha');
                     ^
	at scala.meta.internal.tokenizers.Reporter.syntaxError(Reporter.scala:23)
	at scala.meta.internal.tokenizers.Reporter.syntaxError$(Reporter.scala:23)
	at scala.meta.internal.tokenizers.Reporter$$anon$1.syntaxError(Reporter.scala:32)
	at scala.meta.internal.tokenizers.Reporter.syntaxError(Reporter.scala:25)
	at scala.meta.internal.tokenizers.Reporter.syntaxError$(Reporter.scala:25)
	at scala.meta.internal.tokenizers.Reporter$$anon$1.syntaxError(Reporter.scala:32)
	at scala.meta.internal.tokenizers.LegacyScanner.fetchSingleQuote$1(LegacyScanner.scala:391)
	at scala.meta.internal.tokenizers.LegacyScanner.fetchToken(LegacyScanner.scala:395)
	at scala.meta.internal.tokenizers.LegacyScanner.nextToken(LegacyScanner.scala:201)
	at scala.meta.internal.tokenizers.LegacyScanner.foreach(LegacyScanner.scala:912)
	at scala.meta.internal.tokenizers.ScalametaTokenizer.uncachedTokenize(ScalametaTokenizer.scala:23)
	at scala.meta.internal.tokenizers.ScalametaTokenizer.$anonfun$tokenize$1(ScalametaTokenizer.scala:17)
	at scala.collection.concurrent.TrieMap.getOrElseUpdate(TrieMap.scala:960)
	at scala.meta.internal.tokenizers.ScalametaTokenizer.tokenize(ScalametaTokenizer.scala:17)
	at scala.meta.internal.tokenizers.ScalametaTokenizer$$anon$2.apply(ScalametaTokenizer.scala:322)
	at scala.meta.tokenizers.Api$XtensionTokenizeDialectInput.tokenize(Api.scala:22)
	at scala.meta.tokenizers.Api$XtensionTokenizeInputLike.tokenize(Api.scala:13)
	at scala.meta.internal.metals.SemanticTokensProvider$.getTokens(SemanticTokensProvider.scala:28)
	at scala.meta.internal.metals.SemanticTokensProvider$.provide(SemanticTokensProvider.scala:89)
	at scala.meta.internal.metals.Compilers.$anonfun$semanticTokens$3(Compilers.scala:545)
	at scala.concurrent.impl.Promise$Transformation.run(Promise.scala:467)
	at java.util.concurrent.ThreadPoolExecutor.runWorker(ThreadPoolExecutor.java:1136)
	at java.util.concurrent.ThreadPoolExecutor$Worker.run(ThreadPoolExecutor.java:635)
	at java.lang.Thread.run(Thread.java:833)

2024.07.01 21:05:22 INFO  compiling scala_f4dd477a3a (5 scala sources)
2024.07.01 21:05:22 INFO  time: compiled scala_f4dd477a3a in 0.18s
2024.07.01 21:05:22 ERROR Failed to tokenize input for semantic tokens for C:\Users\tharu\Desktop\scala\scala\labsheet03\Q2.scala
scala.meta.tokenizers.TokenizeException: <input>:6: error: unclosed character literal
    println('tharusha');
                     ^
	at scala.meta.internal.tokenizers.Reporter.syntaxError(Reporter.scala:23)
	at scala.meta.internal.tokenizers.Reporter.syntaxError$(Reporter.scala:23)
	at scala.meta.internal.tokenizers.Reporter$$anon$1.syntaxError(Reporter.scala:32)
	at scala.meta.internal.tokenizers.Reporter.syntaxError(Reporter.scala:25)
	at scala.meta.internal.tokenizers.Reporter.syntaxError$(Reporter.scala:25)
	at scala.meta.internal.tokenizers.Reporter$$anon$1.syntaxError(Reporter.scala:32)
	at scala.meta.internal.tokenizers.LegacyScanner.fetchSingleQuote$1(LegacyScanner.scala:391)
	at scala.meta.internal.tokenizers.LegacyScanner.fetchToken(LegacyScanner.scala:395)
	at scala.meta.internal.tokenizers.LegacyScanner.nextToken(LegacyScanner.scala:201)
	at scala.meta.internal.tokenizers.LegacyScanner.foreach(LegacyScanner.scala:912)
	at scala.meta.internal.tokenizers.ScalametaTokenizer.uncachedTokenize(ScalametaTokenizer.scala:23)
	at scala.meta.internal.tokenizers.ScalametaTokenizer.$anonfun$tokenize$1(ScalametaTokenizer.scala:17)
	at scala.collection.concurrent.TrieMap.getOrElseUpdate(TrieMap.scala:960)
	at scala.meta.internal.tokenizers.ScalametaTokenizer.tokenize(ScalametaTokenizer.scala:17)
	at scala.meta.internal.tokenizers.ScalametaTokenizer$$anon$2.apply(ScalametaTokenizer.scala:322)
	at scala.meta.tokenizers.Api$XtensionTokenizeDialectInput.tokenize(Api.scala:22)
	at scala.meta.tokenizers.Api$XtensionTokenizeInputLike.tokenize(Api.scala:13)
	at scala.meta.internal.metals.SemanticTokensProvider$.getTokens(SemanticTokensProvider.scala:28)
	at scala.meta.internal.metals.SemanticTokensProvider$.provide(SemanticTokensProvider.scala:89)
	at scala.meta.internal.metals.Compilers.$anonfun$semanticTokens$3(Compilers.scala:545)
	at scala.concurrent.impl.Promise$Transformation.run(Promise.scala:467)
	at java.util.concurrent.ThreadPoolExecutor.runWorker(ThreadPoolExecutor.java:1136)
	at java.util.concurrent.ThreadPoolExecutor$Worker.run(ThreadPoolExecutor.java:635)
	at java.lang.Thread.run(Thread.java:833)

Jul 01, 2024 9:05:53 PM org.eclipse.lsp4j.jsonrpc.RemoteEndpoint handleCancellation
WARNING: Unmatched cancel notification for request id 2342
2024.07.01 21:05:54 ERROR Failed to tokenize input for semantic tokens for C:\Users\tharu\Desktop\scala\scala\labsheet03\Q2.scala
scala.meta.tokenizers.TokenizeException: <input>:6: error: unclosed character literal
    println('tharusha');
                     ^
	at scala.meta.internal.tokenizers.Reporter.syntaxError(Reporter.scala:23)
	at scala.meta.internal.tokenizers.Reporter.syntaxError$(Reporter.scala:23)
	at scala.meta.internal.tokenizers.Reporter$$anon$1.syntaxError(Reporter.scala:32)
	at scala.meta.internal.tokenizers.Reporter.syntaxError(Reporter.scala:25)
	at scala.meta.internal.tokenizers.Reporter.syntaxError$(Reporter.scala:25)
	at scala.meta.internal.tokenizers.Reporter$$anon$1.syntaxError(Reporter.scala:32)
	at scala.meta.internal.tokenizers.LegacyScanner.fetchSingleQuote$1(LegacyScanner.scala:391)
	at scala.meta.internal.tokenizers.LegacyScanner.fetchToken(LegacyScanner.scala:395)
	at scala.meta.internal.tokenizers.LegacyScanner.nextToken(LegacyScanner.scala:201)
	at scala.meta.internal.tokenizers.LegacyScanner.foreach(LegacyScanner.scala:912)
	at scala.meta.internal.tokenizers.ScalametaTokenizer.uncachedTokenize(ScalametaTokenizer.scala:23)
	at scala.meta.internal.tokenizers.ScalametaTokenizer.$anonfun$tokenize$1(ScalametaTokenizer.scala:17)
	at scala.collection.concurrent.TrieMap.getOrElseUpdate(TrieMap.scala:960)
	at scala.meta.internal.tokenizers.ScalametaTokenizer.tokenize(ScalametaTokenizer.scala:17)
	at scala.meta.internal.tokenizers.ScalametaTokenizer$$anon$2.apply(ScalametaTokenizer.scala:322)
	at scala.meta.tokenizers.Api$XtensionTokenizeDialectInput.tokenize(Api.scala:22)
	at scala.meta.tokenizers.Api$XtensionTokenizeInputLike.tokenize(Api.scala:13)
	at scala.meta.internal.metals.SemanticTokensProvider$.getTokens(SemanticTokensProvider.scala:28)
	at scala.meta.internal.metals.SemanticTokensProvider$.provide(SemanticTokensProvider.scala:89)
	at scala.meta.internal.metals.Compilers.$anonfun$semanticTokens$3(Compilers.scala:545)
	at scala.concurrent.impl.Promise$Transformation.run(Promise.scala:467)
	at java.util.concurrent.ThreadPoolExecutor.runWorker(ThreadPoolExecutor.java:1136)
	at java.util.concurrent.ThreadPoolExecutor$Worker.run(ThreadPoolExecutor.java:635)
	at java.lang.Thread.run(Thread.java:833)

Jul 01, 2024 9:05:57 PM org.eclipse.lsp4j.jsonrpc.RemoteEndpoint handleCancellation
WARNING: Unmatched cancel notification for request id 2354
2024.07.01 21:06:01 ERROR Failed to tokenize input for semantic tokens for C:\Users\tharu\Desktop\scala\scala\labsheet03\Q2.scala
scala.meta.tokenizers.TokenizeException: <input>:6: error: unclosed character literal
    println('tharusha');
                     ^
	at scala.meta.internal.tokenizers.Reporter.syntaxError(Reporter.scala:23)
	at scala.meta.internal.tokenizers.Reporter.syntaxError$(Reporter.scala:23)
	at scala.meta.internal.tokenizers.Reporter$$anon$1.syntaxError(Reporter.scala:32)
	at scala.meta.internal.tokenizers.Reporter.syntaxError(Reporter.scala:25)
	at scala.meta.internal.tokenizers.Reporter.syntaxError$(Reporter.scala:25)
	at scala.meta.internal.tokenizers.Reporter$$anon$1.syntaxError(Reporter.scala:32)
	at scala.meta.internal.tokenizers.LegacyScanner.fetchSingleQuote$1(LegacyScanner.scala:391)
	at scala.meta.internal.tokenizers.LegacyScanner.fetchToken(LegacyScanner.scala:395)
	at scala.meta.internal.tokenizers.LegacyScanner.nextToken(LegacyScanner.scala:201)
	at scala.meta.internal.tokenizers.LegacyScanner.foreach(LegacyScanner.scala:912)
	at scala.meta.internal.tokenizers.ScalametaTokenizer.uncachedTokenize(ScalametaTokenizer.scala:23)
	at scala.meta.internal.tokenizers.ScalametaTokenizer.$anonfun$tokenize$1(ScalametaTokenizer.scala:17)
	at scala.collection.concurrent.TrieMap.getOrElseUpdate(TrieMap.scala:960)
	at scala.meta.internal.tokenizers.ScalametaTokenizer.tokenize(ScalametaTokenizer.scala:17)
	at scala.meta.internal.tokenizers.ScalametaTokenizer$$anon$2.apply(ScalametaTokenizer.scala:322)
	at scala.meta.tokenizers.Api$XtensionTokenizeDialectInput.tokenize(Api.scala:22)
	at scala.meta.tokenizers.Api$XtensionTokenizeInputLike.tokenize(Api.scala:13)
	at scala.meta.internal.metals.SemanticTokensProvider$.getTokens(SemanticTokensProvider.scala:28)
	at scala.meta.internal.metals.SemanticTokensProvider$.provide(SemanticTokensProvider.scala:89)
	at scala.meta.internal.metals.Compilers.$anonfun$semanticTokens$3(Compilers.scala:545)
	at scala.concurrent.impl.Promise$Transformation.run(Promise.scala:467)
	at java.util.concurrent.ThreadPoolExecutor.runWorker(ThreadPoolExecutor.java:1136)
	at java.util.concurrent.ThreadPoolExecutor$Worker.run(ThreadPoolExecutor.java:635)
	at java.lang.Thread.run(Thread.java:833)

2024.07.01 21:06:03 ERROR Failed to tokenize input for semantic tokens for C:\Users\tharu\Desktop\scala\scala\labsheet03\Q2.scala
scala.meta.tokenizers.TokenizeException: <input>:6: error: unclosed character literal
    println('tharus');
                   ^
	at scala.meta.internal.tokenizers.Reporter.syntaxError(Reporter.scala:23)
	at scala.meta.internal.tokenizers.Reporter.syntaxError$(Reporter.scala:23)
	at scala.meta.internal.tokenizers.Reporter$$anon$1.syntaxError(Reporter.scala:32)
	at scala.meta.internal.tokenizers.Reporter.syntaxError(Reporter.scala:25)
	at scala.meta.internal.tokenizers.Reporter.syntaxError$(Reporter.scala:25)
	at scala.meta.internal.tokenizers.Reporter$$anon$1.syntaxError(Reporter.scala:32)
	at scala.meta.internal.tokenizers.LegacyScanner.fetchSingleQuote$1(LegacyScanner.scala:391)
	at scala.meta.internal.tokenizers.LegacyScanner.fetchToken(LegacyScanner.scala:395)
	at scala.meta.internal.tokenizers.LegacyScanner.nextToken(LegacyScanner.scala:201)
	at scala.meta.internal.tokenizers.LegacyScanner.foreach(LegacyScanner.scala:912)
	at scala.meta.internal.tokenizers.ScalametaTokenizer.uncachedTokenize(ScalametaTokenizer.scala:23)
	at scala.meta.internal.tokenizers.ScalametaTokenizer.$anonfun$tokenize$1(ScalametaTokenizer.scala:17)
	at scala.collection.concurrent.TrieMap.getOrElseUpdate(TrieMap.scala:960)
	at scala.meta.internal.tokenizers.ScalametaTokenizer.tokenize(ScalametaTokenizer.scala:17)
	at scala.meta.internal.tokenizers.ScalametaTokenizer$$anon$2.apply(ScalametaTokenizer.scala:322)
	at scala.meta.tokenizers.Api$XtensionTokenizeDialectInput.tokenize(Api.scala:22)
	at scala.meta.tokenizers.Api$XtensionTokenizeInputLike.tokenize(Api.scala:13)
	at scala.meta.internal.metals.SemanticTokensProvider$.getTokens(SemanticTokensProvider.scala:28)
	at scala.meta.internal.metals.SemanticTokensProvider$.provide(SemanticTokensProvider.scala:89)
	at scala.meta.internal.metals.Compilers.$anonfun$semanticTokens$3(Compilers.scala:545)
	at scala.concurrent.impl.Promise$Transformation.run(Promise.scala:467)
	at java.util.concurrent.ThreadPoolExecutor.runWorker(ThreadPoolExecutor.java:1136)
	at java.util.concurrent.ThreadPoolExecutor$Worker.run(ThreadPoolExecutor.java:635)
	at java.lang.Thread.run(Thread.java:833)

2024.07.01 21:06:04 ERROR Failed to tokenize input for semantic tokens for C:\Users\tharu\Desktop\scala\scala\labsheet03\Q2.scala
scala.meta.tokenizers.TokenizeException: <input>:6: error: unclosed character literal
    println('tha');
                ^
	at scala.meta.internal.tokenizers.Reporter.syntaxError(Reporter.scala:23)
	at scala.meta.internal.tokenizers.Reporter.syntaxError$(Reporter.scala:23)
	at scala.meta.internal.tokenizers.Reporter$$anon$1.syntaxError(Reporter.scala:32)
	at scala.meta.internal.tokenizers.Reporter.syntaxError(Reporter.scala:25)
	at scala.meta.internal.tokenizers.Reporter.syntaxError$(Reporter.scala:25)
	at scala.meta.internal.tokenizers.Reporter$$anon$1.syntaxError(Reporter.scala:32)
	at scala.meta.internal.tokenizers.LegacyScanner.fetchSingleQuote$1(LegacyScanner.scala:391)
	at scala.meta.internal.tokenizers.LegacyScanner.fetchToken(LegacyScanner.scala:395)
	at scala.meta.internal.tokenizers.LegacyScanner.nextToken(LegacyScanner.scala:201)
	at scala.meta.internal.tokenizers.LegacyScanner.foreach(LegacyScanner.scala:912)
	at scala.meta.internal.tokenizers.ScalametaTokenizer.uncachedTokenize(ScalametaTokenizer.scala:23)
	at scala.meta.internal.tokenizers.ScalametaTokenizer.$anonfun$tokenize$1(ScalametaTokenizer.scala:17)
	at scala.collection.concurrent.TrieMap.getOrElseUpdate(TrieMap.scala:960)
	at scala.meta.internal.tokenizers.ScalametaTokenizer.tokenize(ScalametaTokenizer.scala:17)
	at scala.meta.internal.tokenizers.ScalametaTokenizer$$anon$2.apply(ScalametaTokenizer.scala:322)
	at scala.meta.tokenizers.Api$XtensionTokenizeDialectInput.tokenize(Api.scala:22)
	at scala.meta.tokenizers.Api$XtensionTokenizeInputLike.tokenize(Api.scala:13)
	at scala.meta.internal.metals.SemanticTokensProvider$.getTokens(SemanticTokensProvider.scala:28)
	at scala.meta.internal.metals.SemanticTokensProvider$.provide(SemanticTokensProvider.scala:89)
	at scala.meta.internal.metals.Compilers.$anonfun$semanticTokens$3(Compilers.scala:545)
	at scala.concurrent.impl.Promise$Transformation.run(Promise.scala:467)
	at java.util.concurrent.ThreadPoolExecutor.runWorker(ThreadPoolExecutor.java:1136)
	at java.util.concurrent.ThreadPoolExecutor$Worker.run(ThreadPoolExecutor.java:635)
	at java.lang.Thread.run(Thread.java:833)

2024.07.01 21:06:05 ERROR Failed to tokenize input for semantic tokens for C:\Users\tharu\Desktop\scala\scala\labsheet03\Q2.scala
scala.meta.tokenizers.TokenizeException: <input>:6: error: unclosed character literal
    println('');
            ^
	at scala.meta.internal.tokenizers.Reporter.syntaxError(Reporter.scala:23)
	at scala.meta.internal.tokenizers.Reporter.syntaxError$(Reporter.scala:23)
	at scala.meta.internal.tokenizers.Reporter$$anon$1.syntaxError(Reporter.scala:32)
	at scala.meta.internal.tokenizers.Reporter.syntaxError(Reporter.scala:25)
	at scala.meta.internal.tokenizers.Reporter.syntaxError$(Reporter.scala:25)
	at scala.meta.internal.tokenizers.Reporter$$anon$1.syntaxError(Reporter.scala:32)
	at scala.meta.internal.tokenizers.LegacyScanner.fetchSingleQuote$1(LegacyScanner.scala:391)
	at scala.meta.internal.tokenizers.LegacyScanner.fetchToken(LegacyScanner.scala:395)
	at scala.meta.internal.tokenizers.LegacyScanner.nextToken(LegacyScanner.scala:201)
	at scala.meta.internal.tokenizers.LegacyScanner.foreach(LegacyScanner.scala:912)
	at scala.meta.internal.tokenizers.ScalametaTokenizer.uncachedTokenize(ScalametaTokenizer.scala:23)
	at scala.meta.internal.tokenizers.ScalametaTokenizer.$anonfun$tokenize$1(ScalametaTokenizer.scala:17)
	at scala.collection.concurrent.TrieMap.getOrElseUpdate(TrieMap.scala:960)
	at scala.meta.internal.tokenizers.ScalametaTokenizer.tokenize(ScalametaTokenizer.scala:17)
	at scala.meta.internal.tokenizers.ScalametaTokenizer$$anon$2.apply(ScalametaTokenizer.scala:322)
	at scala.meta.tokenizers.Api$XtensionTokenizeDialectInput.tokenize(Api.scala:22)
	at scala.meta.tokenizers.Api$XtensionTokenizeInputLike.tokenize(Api.scala:13)
	at scala.meta.internal.metals.SemanticTokensProvider$.getTokens(SemanticTokensProvider.scala:28)
	at scala.meta.internal.metals.SemanticTokensProvider$.provide(SemanticTokensProvider.scala:89)
	at scala.meta.internal.metals.Compilers.$anonfun$semanticTokens$3(Compilers.scala:545)
	at scala.concurrent.impl.Promise$Transformation.run(Promise.scala:467)
	at java.util.concurrent.ThreadPoolExecutor.runWorker(ThreadPoolExecutor.java:1136)
	at java.util.concurrent.ThreadPoolExecutor$Worker.run(ThreadPoolExecutor.java:635)
	at java.lang.Thread.run(Thread.java:833)

2024.07.01 21:06:05 ERROR Failed to tokenize input for semantic tokens for C:\Users\tharu\Desktop\scala\scala\labsheet03\Q2.scala
scala.meta.tokenizers.TokenizeException: <input>:6: error: unclosed character literal
    println(');
            ^
	at scala.meta.internal.tokenizers.Reporter.syntaxError(Reporter.scala:23)
	at scala.meta.internal.tokenizers.Reporter.syntaxError$(Reporter.scala:23)
	at scala.meta.internal.tokenizers.Reporter$$anon$1.syntaxError(Reporter.scala:32)
	at scala.meta.internal.tokenizers.Reporter.syntaxError(Reporter.scala:25)
	at scala.meta.internal.tokenizers.Reporter.syntaxError$(Reporter.scala:25)
	at scala.meta.internal.tokenizers.Reporter$$anon$1.syntaxError(Reporter.scala:32)
	at scala.meta.internal.tokenizers.LegacyScanner.fetchSingleQuote$1(LegacyScanner.scala:391)
	at scala.meta.internal.tokenizers.LegacyScanner.fetchToken(LegacyScanner.scala:395)
	at scala.meta.internal.tokenizers.LegacyScanner.nextToken(LegacyScanner.scala:201)
	at scala.meta.internal.tokenizers.LegacyScanner.foreach(LegacyScanner.scala:912)
	at scala.meta.internal.tokenizers.ScalametaTokenizer.uncachedTokenize(ScalametaTokenizer.scala:23)
	at scala.meta.internal.tokenizers.ScalametaTokenizer.$anonfun$tokenize$1(ScalametaTokenizer.scala:17)
	at scala.collection.concurrent.TrieMap.getOrElseUpdate(TrieMap.scala:960)
	at scala.meta.internal.tokenizers.ScalametaTokenizer.tokenize(ScalametaTokenizer.scala:17)
	at scala.meta.internal.tokenizers.ScalametaTokenizer$$anon$2.apply(ScalametaTokenizer.scala:322)
	at scala.meta.tokenizers.Api$XtensionTokenizeDialectInput.tokenize(Api.scala:22)
	at scala.meta.tokenizers.Api$XtensionTokenizeInputLike.tokenize(Api.scala:13)
	at scala.meta.internal.metals.SemanticTokensProvider$.getTokens(SemanticTokensProvider.scala:28)
	at scala.meta.internal.metals.SemanticTokensProvider$.provide(SemanticTokensProvider.scala:89)
	at scala.meta.internal.metals.Compilers.$anonfun$semanticTokens$3(Compilers.scala:545)
	at scala.concurrent.impl.Promise$Transformation.run(Promise.scala:467)
	at java.util.concurrent.ThreadPoolExecutor.runWorker(ThreadPoolExecutor.java:1136)
	at java.util.concurrent.ThreadPoolExecutor$Worker.run(ThreadPoolExecutor.java:635)
	at java.lang.Thread.run(Thread.java:833)

2024.07.01 21:06:06 INFO  compiling scala_f4dd477a3a (5 scala sources)
2024.07.01 21:06:06 INFO  time: compiled scala_f4dd477a3a in 0.2s
2024.07.01 21:06:09 INFO  compiling scala_f4dd477a3a (5 scala sources)
2024.07.01 21:06:09 INFO  time: compiled scala_f4dd477a3a in 0.19s
2024.07.01 21:06:10 INFO  compiling scala_f4dd477a3a (5 scala sources)
2024.07.01 21:06:10 INFO  time: compiled scala_f4dd477a3a in 0.2s
2024.07.01 21:06:14 INFO  compiling scala_f4dd477a3a (5 scala sources)
2024.07.01 21:06:14 INFO  time: compiled scala_f4dd477a3a in 0.19s
2024.07.01 21:06:33 INFO  compiling scala_f4dd477a3a (5 scala sources)
2024.07.01 21:06:33 INFO  time: compiled scala_f4dd477a3a in 0.18s
2024.07.01 21:06:35 INFO  compiling scala_f4dd477a3a (5 scala sources)
2024.07.01 21:06:35 INFO  time: compiled scala_f4dd477a3a in 0.19s
2024.07.01 21:18:23 INFO  compiling scala_f4dd477a3a (5 scala sources)
2024.07.01 21:18:23 INFO  time: compiled scala_f4dd477a3a in 0.28s
2024.07.01 21:18:25 INFO  compiling scala_f4dd477a3a (5 scala sources)
2024.07.01 21:18:25 INFO  time: compiled scala_f4dd477a3a in 0.2s
2024.07.01 21:18:26 INFO  compiling scala_f4dd477a3a (5 scala sources)
2024.07.01 21:18:26 INFO  time: compiled scala_f4dd477a3a in 0.21s
2024.07.01 21:18:29 INFO  compiling scala_f4dd477a3a (5 scala sources)
2024.07.01 21:18:29 INFO  time: compiled scala_f4dd477a3a in 0.21s
2024.07.01 21:18:32 INFO  compiling scala_f4dd477a3a (5 scala sources)
2024.07.01 21:18:32 INFO  time: compiled scala_f4dd477a3a in 0.3s
2024.07.01 21:18:35 INFO  compiling scala_f4dd477a3a (5 scala sources)
2024.07.01 21:18:35 INFO  time: compiled scala_f4dd477a3a in 0.16s
2024.07.01 21:18:36 INFO  compiling scala_f4dd477a3a (5 scala sources)
2024.07.01 21:18:36 INFO  time: compiled scala_f4dd477a3a in 0.19s
2024.07.01 21:18:38 INFO  compiling scala_f4dd477a3a (5 scala sources)
2024.07.01 21:18:38 INFO  time: compiled scala_f4dd477a3a in 0.19s
2024.07.01 21:18:43 INFO  compiling scala_f4dd477a3a (5 scala sources)
2024.07.01 21:18:43 INFO  time: compiled scala_f4dd477a3a in 0.17s
2024.07.01 21:18:45 INFO  compiling scala_f4dd477a3a (5 scala sources)
2024.07.01 21:18:45 INFO  time: compiled scala_f4dd477a3a in 0.19s
2024.07.01 21:19:09 INFO  compiling scala_f4dd477a3a (5 scala sources)
2024.07.01 21:19:09 INFO  time: compiled scala_f4dd477a3a in 0.19s
2024.07.01 21:19:29 INFO  compiling scala_f4dd477a3a (5 scala sources)
2024.07.01 21:19:29 INFO  time: compiled scala_f4dd477a3a in 0.21s
2024.07.01 21:19:30 INFO  compiling scala_f4dd477a3a (5 scala sources)
2024.07.01 21:19:30 INFO  time: compiled scala_f4dd477a3a in 0.25s
2024.07.01 21:19:35 INFO  compiling scala_f4dd477a3a (5 scala sources)
2024.07.01 21:19:35 INFO  time: compiled scala_f4dd477a3a in 0.2s
2024.07.01 21:19:37 INFO  compiling scala_f4dd477a3a (5 scala sources)
2024.07.01 21:19:37 INFO  time: compiled scala_f4dd477a3a in 0.19s
Jul 01, 2024 9:19:54 PM org.eclipse.lsp4j.jsonrpc.RemoteEndpoint handleCancellation
WARNING: Unmatched cancel notification for request id 2744
2024.07.01 21:20:02 INFO  compiling scala_f4dd477a3a (5 scala sources)
2024.07.01 21:20:02 INFO  time: compiled scala_f4dd477a3a in 0.19s
2024.07.01 21:20:20 INFO  compiling scala_f4dd477a3a (5 scala sources)
2024.07.01 21:20:20 INFO  time: compiled scala_f4dd477a3a in 0.17s
2024.07.01 21:20:28 INFO  compiling scala_f4dd477a3a (5 scala sources)
2024.07.01 21:20:28 INFO  time: compiled scala_f4dd477a3a in 0.18s
2024.07.01 21:21:46 INFO  compiling scala_f4dd477a3a (5 scala sources)
2024.07.01 21:21:46 INFO  time: compiled scala_f4dd477a3a in 0.22s
2024.07.01 21:21:50 INFO  compiling scala_f4dd477a3a (5 scala sources)
2024.07.01 21:21:50 INFO  time: compiled scala_f4dd477a3a in 0.2s
2024.07.01 21:22:01 INFO  compiling scala_f4dd477a3a (5 scala sources)
2024.07.01 21:22:01 INFO  time: compiled scala_f4dd477a3a in 0.2s
2024.07.01 21:22:20 INFO  compiling scala_f4dd477a3a (5 scala sources)
2024.07.01 21:22:20 INFO  time: compiled scala_f4dd477a3a in 0.17s
2024.07.01 21:22:21 INFO  compiling scala_f4dd477a3a (5 scala sources)
2024.07.01 21:22:21 INFO  time: compiled scala_f4dd477a3a in 0.2s
2024.07.01 21:22:23 INFO  compiling scala_f4dd477a3a (5 scala sources)
2024.07.01 21:22:23 INFO  time: compiled scala_f4dd477a3a in 0.18s
2024.07.01 21:22:41 INFO  compiling scala_f4dd477a3a (5 scala sources)
2024.07.01 21:22:41 INFO  time: compiled scala_f4dd477a3a in 0.2s
2024.07.01 21:23:33 INFO  compiling scala_f4dd477a3a (5 scala sources)
2024.07.01 21:23:33 INFO  time: compiled scala_f4dd477a3a in 0.2s
2024.07.01 21:23:35 INFO  compiling scala_f4dd477a3a (5 scala sources)
2024.07.01 21:23:35 INFO  time: compiled scala_f4dd477a3a in 0.2s
2024.07.01 21:23:36 INFO  compiling scala_f4dd477a3a (5 scala sources)
2024.07.01 21:23:36 INFO  time: compiled scala_f4dd477a3a in 0.17s
2024.07.01 21:27:31 WARN  Could not find semantic tokens for: file:///C:/Users/tharu/Desktop/scala/scala/labsheet03/Q3.scala
2024.07.01 21:41:55 WARN  Flyway upgrade recommended: H2 2.2.224 is newer than this version of Flyway and support has not been tested. The latest supported version of H2 is 2.2.220.
2024.07.01 21:41:55 INFO  no build target found for C:\Users\tharu\Downloads\lab3.scala. Using presentation compiler with project's scala-library version: 3.3.3
2024.07.01 21:42:00 INFO  time: code lens generation in 4.69s
2024.07.01 21:42:20 INFO  Running List(C:\Users\tharu\AppData\Local\Coursier\data\bin\scala-cli.BAT, bsp, --workspace, C:\Users\tharu\AppData\Local\Temp\metals-scala-cli6065852771865202526, --semantic-db-source-root, C:\Users\tharu\Downloads, C:\Users\tharu\Downloads\lab3.scala)
2024.07.01 21:42:20 INFO  tracing is disabled for protocol BSP, to enable tracing of incoming and outgoing JSON messages create an empty file at C:\Users\tharu\Downloads\.metals\bsp.trace.json or C:\Users\tharu\AppData\Local\scalameta\metals\cache\bsp.trace.json
2024.07.01 21:42:24 INFO  Scala CLI: Checking https://github.com/coursier/jvm-index/raw/master/index.json
2024.07.01 21:42:24 INFO  Scala CLI: Checked https://github.com/coursier/jvm-index/raw/master/index.json
2024.07.01 21:42:24 INFO  Scala CLI: Downloading https://github.com/coursier/jvm-index/raw/master/index.json
2024.07.01 21:42:30 INFO  Scala CLI: Still downloading:
2024.07.01 21:42:30 INFO  Scala CLI: https://github.com/coursier/jvm-index/raw/master/index.json (55.57 %, 975424 / 1755223)
2024.07.01 21:42:30 INFO  Scala CLI: 
2024.07.01 21:42:36 INFO  Scala CLI: Still downloading:
2024.07.01 21:42:36 INFO  Scala CLI: https://github.com/coursier/jvm-index/raw/master/index.json (82.92 %, 1455488 / 1755223)
2024.07.01 21:42:36 INFO  Scala CLI: 
2024.07.01 21:42:40 INFO  Scala CLI: Downloaded https://github.com/coursier/jvm-index/raw/master/index.json
2024.07.01 21:42:44 INFO  no build target found for C:\Users\tharu\Downloads\lab3.scala. Using presentation compiler with project's scala-library version: 3.3.3
2024.07.01 21:42:44 INFO  no build target found for C:\Users\tharu\Downloads\lab3.scala. Using presentation compiler with project's scala-library version: 3.3.3
2024.07.01 21:42:45 INFO  no build target found for C:\Users\tharu\Downloads\lab3.scala. Using presentation compiler with project's scala-library version: 3.3.3
2024.07.01 21:42:47 INFO  Connected to Scala CLI server v1.3.2
2024.07.01 21:42:47 INFO  compiling metals-scala-cli6065852771865202526_62c4b3d038-a887065b61 (1 scala source)
2024.07.01 21:42:51 INFO  time: compiled metals-scala-cli6065852771865202526_62c4b3d038-a887065b61 in 3.36s
2024.07.01 21:42:51 INFO  time: indexed workspace in 4.15s
2024.07.01 21:42:51 INFO  Scala CLI started for C:\Users\tharu\Downloads\lab3.scala
2024.07.01 21:43:01 WARN  Could not find semantic tokens for: file:///C:/Users/tharu/Desktop/scala/scala/labsheet03/Q3.scala
2024.07.01 21:43:22 INFO  compiling scala_f4dd477a3a (5 scala sources)
2024.07.01 21:43:22 INFO  time: compiled scala_f4dd477a3a in 0.28s
2024.07.01 21:43:29 INFO  compiling scala_f4dd477a3a (5 scala sources)
2024.07.01 21:43:29 INFO  time: compiled scala_f4dd477a3a in 0.25s
2024.07.01 21:45:59 INFO  compiling scala_f4dd477a3a (5 scala sources)
2024.07.01 21:45:59 INFO  time: compiled scala_f4dd477a3a in 0.27s
2024.07.01 21:46:00 INFO  compiling scala_f4dd477a3a (5 scala sources)
2024.07.01 21:46:00 INFO  time: compiled scala_f4dd477a3a in 0.25s
2024.07.01 21:48:51 INFO  compiling scala_f4dd477a3a (5 scala sources)
2024.07.01 21:48:51 INFO  time: compiled scala_f4dd477a3a in 0.27s
2024.07.01 21:48:56 INFO  compiling scala_f4dd477a3a (5 scala sources)
2024.07.01 21:48:56 INFO  time: compiled scala_f4dd477a3a in 0.28s
2024.07.01 21:48:58 INFO  compiling scala_f4dd477a3a (5 scala sources)
2024.07.01 21:48:58 INFO  time: compiled scala_f4dd477a3a in 0.31s
2024.07.01 21:49:25 INFO  compiling scala_f4dd477a3a (5 scala sources)
2024.07.01 21:49:25 INFO  time: compiled scala_f4dd477a3a in 0.31s
2024.07.01 21:49:28 INFO  compiling scala_f4dd477a3a (5 scala sources)
2024.07.01 21:49:28 INFO  time: compiled scala_f4dd477a3a in 0.18s
2024.07.01 21:49:38 INFO  compiling scala_f4dd477a3a (5 scala sources)
2024.07.01 21:49:38 INFO  time: compiled scala_f4dd477a3a in 0.2s
2024.07.01 21:49:41 INFO  compiling scala_f4dd477a3a (5 scala sources)
2024.07.01 21:49:41 INFO  time: compiled scala_f4dd477a3a in 0.21s
2024.07.01 21:49:42 INFO  compiling scala_f4dd477a3a (5 scala sources)
2024.07.01 21:49:42 INFO  time: compiled scala_f4dd477a3a in 0.19s
2024.07.01 21:49:44 INFO  compiling scala_f4dd477a3a (5 scala sources)
2024.07.01 21:49:44 INFO  time: compiled scala_f4dd477a3a in 0.21s
2024.07.01 21:50:14 INFO  compiling scala_f4dd477a3a (5 scala sources)
2024.07.01 21:50:14 INFO  time: compiled scala_f4dd477a3a in 0.26s
2024.07.01 21:50:16 INFO  compiling scala_f4dd477a3a (5 scala sources)
2024.07.01 21:50:16 INFO  time: compiled scala_f4dd477a3a in 0.2s
2024.07.01 21:50:25 INFO  compiling scala_f4dd477a3a (5 scala sources)
2024.07.01 21:50:25 INFO  time: compiled scala_f4dd477a3a in 0.19s
2024.07.01 21:50:26 INFO  compiling scala_f4dd477a3a (5 scala sources)
2024.07.01 21:50:26 INFO  time: compiled scala_f4dd477a3a in 0.27s
2024.07.01 21:50:28 INFO  compiling scala_f4dd477a3a (5 scala sources)
2024.07.01 21:50:28 INFO  time: compiled scala_f4dd477a3a in 0.23s
2024.07.01 21:50:31 INFO  compiling scala_f4dd477a3a (5 scala sources)
2024.07.01 21:50:31 INFO  time: compiled scala_f4dd477a3a in 0.22s
2024.07.01 21:50:59 INFO  compiling scala_f4dd477a3a (5 scala sources)
2024.07.01 21:50:59 INFO  time: compiled scala_f4dd477a3a in 0.23s
2024.07.01 21:51:05 INFO  compiling scala_f4dd477a3a (5 scala sources)
2024.07.01 21:51:05 INFO  time: compiled scala_f4dd477a3a in 0.23s
2024.07.01 21:51:09 INFO  compiling scala_f4dd477a3a (5 scala sources)
2024.07.01 21:51:09 INFO  time: compiled scala_f4dd477a3a in 0.18s
2024.07.01 21:51:10 INFO  compiling scala_f4dd477a3a (5 scala sources)
2024.07.01 21:51:10 INFO  time: compiled scala_f4dd477a3a in 0.19s
2024.07.01 21:51:12 INFO  compiling scala_f4dd477a3a (5 scala sources)
2024.07.01 21:51:12 INFO  time: compiled scala_f4dd477a3a in 0.16s
2024.07.01 22:03:52 INFO  compiling scala_f4dd477a3a (5 scala sources)
2024.07.01 22:03:52 INFO  time: compiled scala_f4dd477a3a in 0.23s
2024.07.01 22:03:57 INFO  compiling scala_f4dd477a3a (5 scala sources)
2024.07.01 22:03:57 INFO  time: compiled scala_f4dd477a3a in 0.24s
2024.07.01 22:04:01 INFO  compiling scala_f4dd477a3a (5 scala sources)
2024.07.01 22:04:01 INFO  time: compiled scala_f4dd477a3a in 0.21s
2024.07.01 22:04:03 INFO  compiling scala_f4dd477a3a (5 scala sources)
2024.07.01 22:04:03 INFO  time: compiled scala_f4dd477a3a in 0.23s
2024.07.01 22:04:05 INFO  compiling scala_f4dd477a3a (5 scala sources)
2024.07.01 22:04:05 INFO  time: compiled scala_f4dd477a3a in 0.19s
2024.07.01 22:04:29 INFO  compiling scala_f4dd477a3a (5 scala sources)
2024.07.01 22:04:29 INFO  time: compiled scala_f4dd477a3a in 0.26s
2024.07.01 22:04:30 INFO  compiling scala_f4dd477a3a (5 scala sources)
2024.07.01 22:04:30 INFO  time: compiled scala_f4dd477a3a in 0.19s
2024.07.01 22:04:50 INFO  compiling scala_f4dd477a3a (5 scala sources)
2024.07.01 22:04:50 INFO  time: compiled scala_f4dd477a3a in 0.2s
2024.07.01 22:04:55 INFO  compiling scala_f4dd477a3a (5 scala sources)
2024.07.01 22:04:55 INFO  time: compiled scala_f4dd477a3a in 0.24s
Jul 01, 2024 10:04:55 PM org.eclipse.lsp4j.jsonrpc.RemoteEndpoint handleCancellation
WARNING: Unmatched cancel notification for request id 3728
2024.07.01 22:04:57 INFO  compiling scala_f4dd477a3a (5 scala sources)
2024.07.01 22:04:57 INFO  time: compiled scala_f4dd477a3a in 0.21s
Jul 01, 2024 10:06:34 PM org.eclipse.lsp4j.jsonrpc.RemoteEndpoint handleCancellation
WARNING: Unmatched cancel notification for request id 3741
2024.07.01 22:07:25 WARN  Could not find semantic tokens for: file:///C:/Users/tharu/Desktop/scala/scala/labsheet03/Q4.scala
2024.07.01 22:07:34 INFO  compiling scala_f4dd477a3a (5 scala sources)
2024.07.01 22:07:34 INFO  time: compiled scala_f4dd477a3a in 0.27s
2024.07.01 22:07:45 INFO  compiling scala_f4dd477a3a (5 scala sources)
2024.07.01 22:07:45 INFO  time: compiled scala_f4dd477a3a in 0.28s
2024.07.01 22:07:46 INFO  compiling scala_f4dd477a3a (5 scala sources)
2024.07.01 22:07:46 INFO  time: compiled scala_f4dd477a3a in 0.28s
2024.07.01 22:09:59 INFO  compiling scala_f4dd477a3a (5 scala sources)
2024.07.01 22:09:59 INFO  time: compiled scala_f4dd477a3a in 0.31s
2024.07.01 22:10:26 INFO  compiling scala_f4dd477a3a (5 scala sources)
2024.07.01 22:10:26 INFO  time: compiled scala_f4dd477a3a in 0.21s
Jul 01, 2024 10:10:53 PM org.eclipse.lsp4j.jsonrpc.RemoteEndpoint handleCancellation
WARNING: Unmatched cancel notification for request id 3860
2024.07.01 22:10:54 INFO  compiling scala_f4dd477a3a (5 scala sources)
2024.07.01 22:10:54 INFO  time: compiled scala_f4dd477a3a in 0.21s
2024.07.01 22:10:56 INFO  compiling scala_f4dd477a3a (5 scala sources)
2024.07.01 22:10:56 INFO  time: compiled scala_f4dd477a3a in 0.2s
2024.07.01 22:10:58 INFO  compiling scala_f4dd477a3a (5 scala sources)
2024.07.01 22:10:58 INFO  time: compiled scala_f4dd477a3a in 0.2s
2024.07.01 22:11:41 INFO  compiling scala_f4dd477a3a (5 scala sources)
2024.07.01 22:11:41 INFO  time: compiled scala_f4dd477a3a in 0.23s
2024.07.01 22:11:44 INFO  compiling scala_f4dd477a3a (5 scala sources)
2024.07.01 22:11:44 INFO  time: compiled scala_f4dd477a3a in 0.26s
2024.07.01 22:11:46 INFO  compiling scala_f4dd477a3a (5 scala sources)
2024.07.01 22:11:46 INFO  time: compiled scala_f4dd477a3a in 0.22s
2024.07.01 22:11:50 INFO  compiling scala_f4dd477a3a (5 scala sources)
2024.07.01 22:11:50 INFO  time: compiled scala_f4dd477a3a in 0.23s
2024.07.01 22:11:52 INFO  compiling scala_f4dd477a3a (5 scala sources)
2024.07.01 22:11:52 INFO  time: compiled scala_f4dd477a3a in 0.23s
2024.07.01 22:12:12 INFO  compiling scala_f4dd477a3a (5 scala sources)
2024.07.01 22:12:12 INFO  time: compiled scala_f4dd477a3a in 0.2s
2024.07.01 22:12:25 INFO  compiling scala_f4dd477a3a (5 scala sources)
2024.07.01 22:12:25 INFO  time: compiled scala_f4dd477a3a in 0.24s
2024.07.01 22:12:45 INFO  compiling scala_f4dd477a3a (5 scala sources)
2024.07.01 22:12:45 INFO  time: compiled scala_f4dd477a3a in 0.21s
2024.07.01 22:12:47 INFO  compiling scala_f4dd477a3a (5 scala sources)
2024.07.01 22:12:47 INFO  time: compiled scala_f4dd477a3a in 0.23s
Jul 01, 2024 10:12:53 PM org.eclipse.lsp4j.jsonrpc.RemoteEndpoint handleCancellation
WARNING: Unmatched cancel notification for request id 4060
2024.07.01 22:13:10 INFO  compiling scala_f4dd477a3a (5 scala sources)
2024.07.01 22:13:10 INFO  time: compiled scala_f4dd477a3a in 0.21s
2024.07.01 22:13:12 INFO  compiling scala_f4dd477a3a (5 scala sources)
2024.07.01 22:13:12 INFO  time: compiled scala_f4dd477a3a in 0.22s
Jul 01, 2024 10:13:15 PM org.eclipse.lsp4j.jsonrpc.RemoteEndpoint handleCancellation
WARNING: Unmatched cancel notification for request id 4119
2024.07.01 22:13:17 INFO  Shut down connection with build server.
Jul 01, 2024 10:13:21 PM org.eclipse.lsp4j.jsonrpc.RemoteEndpoint handleCancellation
WARNING: Unmatched cancel notification for request id 4139
